This is pdfTeX, Version 3.1415926-2.3-1.40.12 (TeX Live 2011) (format=pdflatex 2011.8.1)  19 APR 2012 16:33
entering extended mode
 restricted \write18 enabled.
 %&-line parsing enabled.
**chap2_slides.tex
(./chap2_slides.tex
LaTeX2e <2009/09/24>
Babel <v3.8l> and hyphenation patterns for english, dumylang, nohyphenation, ge
rman-x-2009-06-19, ngerman-x-2009-06-19, afrikaans, ancientgreek, ibycus, arabi
c, armenian, basque, bulgarian, catalan, pinyin, coptic, croatian, czech, danis
h, dutch, ukenglish, usenglishmax, esperanto, estonian, ethiopic, farsi, finnis
h, french, galician, german, ngerman, swissgerman, monogreek, greek, hungarian,
 icelandic, assamese, bengali, gujarati, hindi, kannada, malayalam, marathi, or
iya, panjabi, tamil, telugu, indonesian, interlingua, irish, italian, kurmanji,
 lao, latin, latvian, lithuanian, mongolian, mongolianlmc, bokmal, nynorsk, pol
ish, portuguese, romanian, russian, sanskrit, serbian, serbianc, slovak, sloven
ian, spanish, swedish, turkish, turkmen, ukrainian, uppersorbian, welsh, loaded
.
(/home/nikolaj/Documents/tex_live/texmf-dist/tex/latex/beamer/beamer.cls
(/home/nikolaj/Documents/tex_live/texmf-dist/tex/latex/beamer/beamerbasercs.sty
Package: beamerbasercs 2010/06/12 (rcs-revision c3821710bb40)
)
Document Class: beamer 2010/06/21 development version 3.10 A class for typesett
ing presentations (rcs-revision a6b1a8434d30)

(/home/nikolaj/Documents/tex_live/texmf-dist/tex/latex/beamer/beamerbasemodes.s
ty
Package: beamerbasemodes 2010/05/01 (rcs-revision efa082c6111d)
\beamer@tempbox=\box26
\beamer@tempcount=\count79
\c@beamerpauses=\count80

(/home/nikolaj/Documents/tex_live/texmf-dist/tex/latex/beamer/beamerbasedecode.
sty
Package: beamerbasedecode 2010/05/01 (rcs-revision efa082c6111d)
\beamer@slideinframe=\count81
\beamer@minimum=\count82
)
\beamer@commentbox=\box27
\beamer@modecount=\count83
)
\headheight=\dimen102
\headdp=\dimen103
\footheight=\dimen104
\sidebarheight=\dimen105
\beamer@tempdim=\dimen106
\beamer@finalheight=\dimen107
\beamer@animht=\dimen108
\beamer@animdp=\dimen109
\beamer@animwd=\dimen110
\beamer@leftmargin=\dimen111
\beamer@rightmargin=\dimen112
\beamer@leftsidebar=\dimen113
\beamer@rightsidebar=\dimen114
\beamer@boxsize=\dimen115
\beamer@vboxoffset=\dimen116
\beamer@descdefault=\dimen117
\beamer@descriptionwidth=\dimen118
\beamer@lastskip=\skip41
\beamer@areabox=\box28
\beamer@animcurrent=\box29
\beamer@animshowbox=\box30
\beamer@sectionbox=\box31
\beamer@logobox=\box32
\beamer@linebox=\box33
\beamer@sectioncount=\count84
\beamer@subsubsectionmax=\count85
\beamer@subsectionmax=\count86
\beamer@sectionmax=\count87
\beamer@totalheads=\count88
\beamer@headcounter=\count89
\beamer@partstartpage=\count90
\beamer@sectionstartpage=\count91
\beamer@subsectionstartpage=\count92
\beamer@animationtempa=\count93
\beamer@animationtempb=\count94
\beamer@xpos=\count95
\beamer@ypos=\count96
\beamer@showpartnumber=\count97
\beamer@currentsubsection=\count98
\beamer@coveringdepth=\count99
\beamer@sectionadjust=\count100
\beamer@tocsectionnumber=\count101

(/home/nikolaj/Documents/tex_live/texmf-dist/tex/latex/beamer/beamerbaseoptions
.sty
Package: beamerbaseoptions 2010/04/27 (rcs-revision 982469101dd6)
 (/home/nikolaj/Documents/tex_live/texmf-dist/tex/latex/graphics/keyval.sty
Package: keyval 1999/03/16 v1.13 key=value parser (DPC)
\KV@toks@=\toks14
))
\beamer@paperwidth=\skip42
\beamer@paperheight=\skip43
 (/home/nikolaj/Documents/tex_live/texmf-dist/tex/latex/geometry/geometry.sty
Package: geometry 2010/09/12 v5.6 Page Geometry
(/home/nikolaj/Documents/tex_live/texmf-dist/tex/generic/oberdiek/ifpdf.sty
Package: ifpdf 2011/01/30 v2.3 Provides the ifpdf switch (HO)
Package ifpdf Info: pdfTeX in PDF mode is detected.
)
(/home/nikolaj/Documents/tex_live/texmf-dist/tex/generic/oberdiek/ifvtex.sty
Package: ifvtex 2010/03/01 v1.5 Switches for detecting VTeX and its modes (HO)
Package ifvtex Info: VTeX not detected.
)
(/home/nikolaj/Documents/tex_live/texmf-dist/tex/generic/ifxetex/ifxetex.sty
Package: ifxetex 2010/09/12 v0.6 Provides ifxetex conditional
)
\Gm@cnth=\count102
\Gm@cntv=\count103
\c@Gm@tempcnt=\count104
\Gm@bindingoffset=\dimen119
\Gm@wd@mp=\dimen120
\Gm@odd@mp=\dimen121
\Gm@even@mp=\dimen122
\Gm@layoutwidth=\dimen123
\Gm@layoutheight=\dimen124
\Gm@layouthoffset=\dimen125
\Gm@layoutvoffset=\dimen126
\Gm@dimlist=\toks15
)
(/home/nikolaj/Documents/tex_live/texmf-dist/tex/latex/base/size11.clo
File: size11.clo 2007/10/19 v1.4h Standard LaTeX file (size option)
)
(/home/nikolaj/Documents/tex_live/texmf-dist/tex/latex/pgf/basiclayer/pgfcore.s
ty (/home/nikolaj/Documents/tex_live/texmf-dist/tex/latex/graphics/graphicx.sty
Package: graphicx 1999/02/16 v1.0f Enhanced LaTeX Graphics (DPC,SPQR)
(/home/nikolaj/Documents/tex_live/texmf-dist/tex/latex/graphics/graphics.sty
Package: graphics 2009/02/05 v1.0o Standard LaTeX Graphics (DPC,SPQR)

(/home/nikolaj/Documents/tex_live/texmf-dist/tex/latex/graphics/trig.sty
Package: trig 1999/03/16 v1.09 sin cos tan (DPC)
)
(/home/nikolaj/Documents/tex_live/texmf-dist/tex/latex/latexconfig/graphics.cfg
File: graphics.cfg 2010/04/23 v1.9 graphics configuration of TeX Live
)
Package graphics Info: Driver file: pdftex.def on input line 91.
 (/home/nikolaj/Documents/tex_live/texmf-dist/tex/latex/pdftex-def/pdftex.def
File: pdftex.def 2011/05/27 v0.06d Graphics/color for pdfTeX

(/home/nikolaj/Documents/tex_live/texmf-dist/tex/generic/oberdiek/infwarerr.sty
Package: infwarerr 2010/04/08 v1.3 Providing info/warning/message (HO)
) (/home/nikolaj/Documents/tex_live/texmf-dist/tex/generic/oberdiek/ltxcmds.sty
Package: ltxcmds 2011/04/18 v1.20 LaTeX kernel commands for general use (HO)
)
\Gread@gobject=\count105
))
\Gin@req@height=\dimen127
\Gin@req@width=\dimen128
)
(/home/nikolaj/Documents/tex_live/texmf-dist/tex/latex/pgf/systemlayer/pgfsys.s
ty
(/home/nikolaj/Documents/tex_live/texmf-dist/tex/latex/pgf/utilities/pgfrcs.sty

(/home/nikolaj/Documents/tex_live/texmf-dist/tex/generic/pgf/utilities/pgfutil-
common.tex
\pgfutil@everybye=\toks16
)
(/home/nikolaj/Documents/tex_live/texmf-dist/tex/generic/pgf/utilities/pgfutil-
latex.def
\pgfutil@abb=\box34

(/home/nikolaj/Documents/tex_live/texmf-dist/tex/latex/ms/everyshi.sty
Package: everyshi 2001/05/15 v3.00 EveryShipout Package (MS)
))
(/home/nikolaj/Documents/tex_live/texmf-dist/tex/generic/pgf/utilities/pgfrcs.c
ode.tex
Package: pgfrcs 2010/10/25 v2.10 (rcs-revision 1.24)
))
(/home/nikolaj/Documents/tex_live/texmf-dist/tex/generic/pgf/systemlayer/pgfsys
.code.tex
Package: pgfsys 2010/06/30 v2.10 (rcs-revision 1.37)

(/home/nikolaj/Documents/tex_live/texmf-dist/tex/generic/pgf/utilities/pgfkeys.
code.tex
\pgfkeys@pathtoks=\toks17
\pgfkeys@temptoks=\toks18

(/home/nikolaj/Documents/tex_live/texmf-dist/tex/generic/pgf/utilities/pgfkeysf
iltered.code.tex
\pgfkeys@tmptoks=\toks19
))
\pgf@x=\dimen129
\pgf@y=\dimen130
\pgf@xa=\dimen131
\pgf@ya=\dimen132
\pgf@xb=\dimen133
\pgf@yb=\dimen134
\pgf@xc=\dimen135
\pgf@yc=\dimen136
\w@pgf@writea=\write3
\r@pgf@reada=\read1
\c@pgf@counta=\count106
\c@pgf@countb=\count107
\c@pgf@countc=\count108
\c@pgf@countd=\count109

(/home/nikolaj/Documents/tex_live/texmf-dist/tex/generic/pgf/systemlayer/pgf.cf
g
File: pgf.cfg 2008/05/14  (rcs-revision 1.7)
)
Package pgfsys Info: Driver file for pgf: pgfsys-pdftex.def on input line 900.

(/home/nikolaj/Documents/tex_live/texmf-dist/tex/generic/pgf/systemlayer/pgfsys
-pdftex.def
File: pgfsys-pdftex.def 2009/05/22  (rcs-revision 1.26)

(/home/nikolaj/Documents/tex_live/texmf-dist/tex/generic/pgf/systemlayer/pgfsys
-common-pdf.def
File: pgfsys-common-pdf.def 2008/05/19  (rcs-revision 1.10)
)))
(/home/nikolaj/Documents/tex_live/texmf-dist/tex/generic/pgf/systemlayer/pgfsys
softpath.code.tex
File: pgfsyssoftpath.code.tex 2008/07/18  (rcs-revision 1.7)
\pgfsyssoftpath@smallbuffer@items=\count110
\pgfsyssoftpath@bigbuffer@items=\count111
)
(/home/nikolaj/Documents/tex_live/texmf-dist/tex/generic/pgf/systemlayer/pgfsys
protocol.code.tex
File: pgfsysprotocol.code.tex 2006/10/16  (rcs-revision 1.4)
))
(/home/nikolaj/Documents/tex_live/texmf-dist/tex/latex/xcolor/xcolor.sty
Package: xcolor 2007/01/21 v2.11 LaTeX color extensions (UK)

(/home/nikolaj/Documents/tex_live/texmf-dist/tex/latex/latexconfig/color.cfg
File: color.cfg 2007/01/18 v1.5 color configuration of teTeX/TeXLive
)
Package xcolor Info: Driver file: pdftex.def on input line 225.
Package xcolor Info: Model `cmy' substituted by `cmy0' on input line 1337.
Package xcolor Info: Model `hsb' substituted by `rgb' on input line 1341.
Package xcolor Info: Model `RGB' extended on input line 1353.
Package xcolor Info: Model `HTML' substituted by `rgb' on input line 1355.
Package xcolor Info: Model `Hsb' substituted by `hsb' on input line 1356.
Package xcolor Info: Model `tHsb' substituted by `hsb' on input line 1357.
Package xcolor Info: Model `HSB' substituted by `hsb' on input line 1358.
Package xcolor Info: Model `Gray' substituted by `gray' on input line 1359.
Package xcolor Info: Model `wave' substituted by `hsb' on input line 1360.

(/home/nikolaj/Documents/tex_live/texmf-dist/tex/latex/graphics/dvipsnam.def
File: dvipsnam.def 1999/02/16 v3.0i Driver-dependant file (DPC,SPQR)
))
(/home/nikolaj/Documents/tex_live/texmf-dist/tex/generic/pgf/basiclayer/pgfcore
.code.tex
Package: pgfcore 2010/04/11 v2.10 (rcs-revision 1.7)

(/home/nikolaj/Documents/tex_live/texmf-dist/tex/generic/pgf/math/pgfmath.code.
tex
(/home/nikolaj/Documents/tex_live/texmf-dist/tex/generic/pgf/math/pgfmathcalc.c
ode.tex
(/home/nikolaj/Documents/tex_live/texmf-dist/tex/generic/pgf/math/pgfmathutil.c
ode.tex)
(/home/nikolaj/Documents/tex_live/texmf-dist/tex/generic/pgf/math/pgfmathparser
.code.tex
\pgfmath@dimen=\dimen137
\pgfmath@count=\count112
\pgfmath@box=\box35
\pgfmath@toks=\toks20
\pgfmath@stack@operand=\toks21
\pgfmath@stack@operation=\toks22
)
(/home/nikolaj/Documents/tex_live/texmf-dist/tex/generic/pgf/math/pgfmathfuncti
ons.code.tex
(/home/nikolaj/Documents/tex_live/texmf-dist/tex/generic/pgf/math/pgfmathfuncti
ons.basic.code.tex)
(/home/nikolaj/Documents/tex_live/texmf-dist/tex/generic/pgf/math/pgfmathfuncti
ons.trigonometric.code.tex)
(/home/nikolaj/Documents/tex_live/texmf-dist/tex/generic/pgf/math/pgfmathfuncti
ons.random.code.tex)
(/home/nikolaj/Documents/tex_live/texmf-dist/tex/generic/pgf/math/pgfmathfuncti
ons.comparison.code.tex)
(/home/nikolaj/Documents/tex_live/texmf-dist/tex/generic/pgf/math/pgfmathfuncti
ons.base.code.tex)
(/home/nikolaj/Documents/tex_live/texmf-dist/tex/generic/pgf/math/pgfmathfuncti
ons.round.code.tex)
(/home/nikolaj/Documents/tex_live/texmf-dist/tex/generic/pgf/math/pgfmathfuncti
ons.misc.code.tex)))
(/home/nikolaj/Documents/tex_live/texmf-dist/tex/generic/pgf/math/pgfmathfloat.
code.tex
\c@pgfmathroundto@lastzeros=\count113
))
(/home/nikolaj/Documents/tex_live/texmf-dist/tex/generic/pgf/basiclayer/pgfcore
points.code.tex
File: pgfcorepoints.code.tex 2010/04/09  (rcs-revision 1.20)
\pgf@picminx=\dimen138
\pgf@picmaxx=\dimen139
\pgf@picminy=\dimen140
\pgf@picmaxy=\dimen141
\pgf@pathminx=\dimen142
\pgf@pathmaxx=\dimen143
\pgf@pathminy=\dimen144
\pgf@pathmaxy=\dimen145
\pgf@xx=\dimen146
\pgf@xy=\dimen147
\pgf@yx=\dimen148
\pgf@yy=\dimen149
\pgf@zx=\dimen150
\pgf@zy=\dimen151
)
(/home/nikolaj/Documents/tex_live/texmf-dist/tex/generic/pgf/basiclayer/pgfcore
pathconstruct.code.tex
File: pgfcorepathconstruct.code.tex 2010/08/03  (rcs-revision 1.24)
\pgf@path@lastx=\dimen152
\pgf@path@lasty=\dimen153
)
(/home/nikolaj/Documents/tex_live/texmf-dist/tex/generic/pgf/basiclayer/pgfcore
pathusage.code.tex
File: pgfcorepathusage.code.tex 2008/04/22  (rcs-revision 1.12)
\pgf@shorten@end@additional=\dimen154
\pgf@shorten@start@additional=\dimen155
)
(/home/nikolaj/Documents/tex_live/texmf-dist/tex/generic/pgf/basiclayer/pgfcore
scopes.code.tex
File: pgfcorescopes.code.tex 2010/09/08  (rcs-revision 1.34)
\pgfpic=\box36
\pgf@hbox=\box37
\pgf@layerbox@main=\box38
\pgf@picture@serial@count=\count114
)
(/home/nikolaj/Documents/tex_live/texmf-dist/tex/generic/pgf/basiclayer/pgfcore
graphicstate.code.tex
File: pgfcoregraphicstate.code.tex 2008/04/22  (rcs-revision 1.9)
\pgflinewidth=\dimen156
)
(/home/nikolaj/Documents/tex_live/texmf-dist/tex/generic/pgf/basiclayer/pgfcore
transformations.code.tex
File: pgfcoretransformations.code.tex 2009/06/10  (rcs-revision 1.11)
\pgf@pt@x=\dimen157
\pgf@pt@y=\dimen158
\pgf@pt@temp=\dimen159
)
(/home/nikolaj/Documents/tex_live/texmf-dist/tex/generic/pgf/basiclayer/pgfcore
quick.code.tex
File: pgfcorequick.code.tex 2008/10/09  (rcs-revision 1.3)
)
(/home/nikolaj/Documents/tex_live/texmf-dist/tex/generic/pgf/basiclayer/pgfcore
objects.code.tex
File: pgfcoreobjects.code.tex 2006/10/11  (rcs-revision 1.2)
)
(/home/nikolaj/Documents/tex_live/texmf-dist/tex/generic/pgf/basiclayer/pgfcore
pathprocessing.code.tex
File: pgfcorepathprocessing.code.tex 2008/10/09  (rcs-revision 1.8)
)
(/home/nikolaj/Documents/tex_live/texmf-dist/tex/generic/pgf/basiclayer/pgfcore
arrows.code.tex
File: pgfcorearrows.code.tex 2008/04/23  (rcs-revision 1.11)
)
(/home/nikolaj/Documents/tex_live/texmf-dist/tex/generic/pgf/basiclayer/pgfcore
shade.code.tex
File: pgfcoreshade.code.tex 2008/11/23  (rcs-revision 1.13)
\pgf@max=\dimen160
\pgf@sys@shading@range@num=\count115
)
(/home/nikolaj/Documents/tex_live/texmf-dist/tex/generic/pgf/basiclayer/pgfcore
image.code.tex
File: pgfcoreimage.code.tex 2010/03/25  (rcs-revision 1.16)

(/home/nikolaj/Documents/tex_live/texmf-dist/tex/generic/pgf/basiclayer/pgfcore
external.code.tex
File: pgfcoreexternal.code.tex 2010/09/01  (rcs-revision 1.17)
\pgfexternal@startupbox=\box39
))
(/home/nikolaj/Documents/tex_live/texmf-dist/tex/generic/pgf/basiclayer/pgfcore
layers.code.tex
File: pgfcorelayers.code.tex 2010/08/27  (rcs-revision 1.2)
)
(/home/nikolaj/Documents/tex_live/texmf-dist/tex/generic/pgf/basiclayer/pgfcore
transparency.code.tex
File: pgfcoretransparency.code.tex 2008/01/17  (rcs-revision 1.2)
)
(/home/nikolaj/Documents/tex_live/texmf-dist/tex/generic/pgf/basiclayer/pgfcore
patterns.code.tex
File: pgfcorepatterns.code.tex 2009/07/02  (rcs-revision 1.3)
)))
(/home/nikolaj/Documents/tex_live/texmf-dist/tex/latex/pgf/utilities/xxcolor.st
y
Package: xxcolor 2003/10/24 ver 0.1
\XC@nummixins=\count116
\XC@countmixins=\count117
) (/home/nikolaj/Documents/tex_live/texmf-dist/tex/latex/hyperref/hyperref.sty
Package: hyperref 2011/04/17 v6.82g Hypertext links for LaTeX

(/home/nikolaj/Documents/tex_live/texmf-dist/tex/generic/oberdiek/hobsub-hyperr
ef.sty
Package: hobsub-hyperref 2011/04/23 v1.4 Bundle oberdiek, subset hyperref (HO)

(/home/nikolaj/Documents/tex_live/texmf-dist/tex/generic/oberdiek/hobsub-generi
c.sty
Package: hobsub-generic 2011/04/23 v1.4 Bundle oberdiek, subset generic (HO)
Package: hobsub 2011/04/23 v1.4 Subsetting bundle oberdiek (HO)
Package hobsub Info: Skipping package `infwarerr' (already loaded).
Package hobsub Info: Skipping package `ltxcmds' (already loaded).
Package: ifluatex 2010/03/01 v1.3 Provides the ifluatex switch (HO)
Package ifluatex Info: LuaTeX not detected.
Package hobsub Info: Skipping package `ifvtex' (already loaded).
Package: intcalc 2007/09/27 v1.1 Expandable integer calculations (HO)
Package hobsub Info: Skipping package `ifpdf' (already loaded).
Package: etexcmds 2011/02/16 v1.5 Prefix for e-TeX command names (HO)
Package etexcmds Info: Could not find \expanded.
(etexcmds)             That can mean that you are not using pdfTeX 1.50 or
(etexcmds)             that some package has redefined \expanded.
(etexcmds)             In the latter case, load this package earlier.
Package: kvsetkeys 2011/04/07 v1.13 Key value parser (HO)
Package: kvdefinekeys 2011/04/07 v1.3 Defining keys (HO)
Package: pdftexcmds 2011/04/22 v0.16 Utilities of pdfTeX for LuaTeX (HO)
Package pdftexcmds Info: LuaTeX not detected.
Package pdftexcmds Info: \pdf@primitive is available.
Package pdftexcmds Info: \pdf@ifprimitive is available.
Package pdftexcmds Info: \pdfdraftmode found.
Package: pdfescape 2011/04/04 v1.12 Provides string conversions (HO)
Package: bigintcalc 2011/01/30 v1.2 Expandable big integer calculations (HO)
Package: bitset 2011/01/30 v1.1 Data type bit set (HO)
Package: uniquecounter 2011/01/30 v1.2 Provides unlimited unique counter (HO)
)
Package hobsub Info: Skipping package `hobsub' (already loaded).
Package: letltxmacro 2010/09/02 v1.4 Let assignment for LaTeX macros (HO)
Package: hopatch 2011/01/30 v1.0 Wrapper for package hooks (HO)
Package: xcolor-patch 2011/01/30 xcolor patch
Package: atveryend 2011/04/23 v1.7 Hooks at very end of document (HO)
Package atveryend Info: \enddocument detected (standard).
Package: atbegshi 2011/01/30 v1.15 At begin shipout hook (HO)
Package: refcount 2010/12/01 v3.2 Data extraction from references (HO)
Package: hycolor 2011/01/30 v1.7 Color options of hyperref/bookmark (HO)
)
(/home/nikolaj/Documents/tex_live/texmf-dist/tex/latex/oberdiek/kvoptions.sty
Package: kvoptions 2010/12/23 v3.10 Keyval support for LaTeX options (HO)
)
\@linkdim=\dimen161
\Hy@linkcounter=\count118
\Hy@pagecounter=\count119

(/home/nikolaj/Documents/tex_live/texmf-dist/tex/latex/hyperref/pd1enc.def
File: pd1enc.def 2011/04/17 v6.82g Hyperref: PDFDocEncoding definition (HO)
)
\Hy@SavedSpaceFactor=\count120

(/home/nikolaj/Documents/tex_live/texmf-dist/tex/latex/latexconfig/hyperref.cfg
File: hyperref.cfg 2002/06/06 v1.2 hyperref configuration of TeXLive
)
Package hyperref Info: Option `bookmarks' set `true' on input line 3905.
Package hyperref Info: Option `bookmarksopen' set `true' on input line 3905.
Package hyperref Info: Option `unicode' set `true' on input line 3905.
 (/home/nikolaj/Documents/tex_live/texmf-dist/tex/latex/hyperref/puenc.def
File: puenc.def 2011/04/17 v6.82g Hyperref: PDF Unicode definition (HO)
)
Package hyperref Info: Option `implicit' set `false' on input line 3905.
Package hyperref Info: Hyper figures OFF on input line 4026.
Package hyperref Info: Link nesting OFF on input line 4031.
Package hyperref Info: Hyper index ON on input line 4034.
Package hyperref Info: Plain pages OFF on input line 4041.
Package hyperref Info: Backreferencing OFF on input line 4046.
Package hyperref Info: Implicit mode OFF; no redefinition of LaTeX internals.
Package hyperref Info: Bookmarks ON on input line 4264.
\c@Hy@tempcnt=\count121

(/home/nikolaj/Documents/tex_live/texmf-dist/tex/latex/url/url.sty
\Urlmuskip=\muskip10
Package: url 2006/04/12  ver 3.3  Verb mode for urls, etc.
)
LaTeX Info: Redefining \url on input line 4617.
\Fld@menulength=\count122
\Field@Width=\dimen162
\Fld@charsize=\dimen163
Package hyperref Info: Hyper figures OFF on input line 5701.
Package hyperref Info: Link nesting OFF on input line 5706.
Package hyperref Info: Hyper index ON on input line 5709.
Package hyperref Info: backreferencing OFF on input line 5716.
Package hyperref Info: Link coloring OFF on input line 5721.
Package hyperref Info: Link coloring with OCG OFF on input line 5726.
Package hyperref Info: PDF/A mode OFF on input line 5731.
LaTeX Info: Redefining \ref on input line 5771.
LaTeX Info: Redefining \pageref on input line 5775.
\Hy@abspage=\count123


Package hyperref Message: Stopped early.

)

Package hyperref Message: Driver: hpdftex.

(/home/nikolaj/Documents/tex_live/texmf-dist/tex/latex/hyperref/hpdftex.def
File: hpdftex.def 2011/04/17 v6.82g Hyperref driver for pdfTeX
\Fld@listcount=\count124
\c@bookmark@seq@number=\count125

(/home/nikolaj/Documents/tex_live/texmf-dist/tex/latex/oberdiek/rerunfilecheck.
sty
Package: rerunfilecheck 2011/04/15 v1.7 Rerun checks for auxiliary files (HO)
Package uniquecounter Info: New unique counter `rerunfilecheck' on input line 2
82.
)) (/home/nikolaj/Documents/tex_live/texmf-dist/tex/latex/ucs/ucs.sty
Package: ucs 2004/10/17 UCS: Unicode input support

(/home/nikolaj/Documents/tex_live/texmf-dist/tex/latex/ucs/data/uni-global.def
File: uni-global.def 2004/10/17 UCS: Unicode global data
)
\uc@secondtry=\count126
\uc@combtoks=\toks23
\uc@combtoksb=\toks24
\uc@temptokena=\toks25
) (/home/nikolaj/Documents/tex_live/texmf-dist/tex/latex/ucs/ucshyper.sty
Package: ucshyper 2002/03/05 UCS: Unicode in Hyperref's PDF bookmarks
)
(/home/nikolaj/Documents/tex_live/texmf-dist/tex/latex/base/inputenc.sty
Package: inputenc 2008/03/30 v1.1d Input encoding file
\inpenc@prehook=\toks26
\inpenc@posthook=\toks27

(/home/nikolaj/Documents/tex_live/texmf-dist/tex/latex/ucs/utf8x.def
File: utf8x.def 2004/10/17 UCS: Input encoding UTF-8
))
(/home/nikolaj/Documents/tex_live/texmf-dist/tex/latex/beamer/beamerbaserequire
s.sty
Package: beamerbaserequires 2010/05/01  (rcs-revision efa082c6111d)

(/home/nikolaj/Documents/tex_live/texmf-dist/tex/latex/beamer/beamerbasecompati
bility.sty
Package: beamerbasecompatibility 2010/07/12  (rcs-revision 6648c3177e4e)
)
(/home/nikolaj/Documents/tex_live/texmf-dist/tex/latex/beamer/beamerbasefont.st
y
Package: beamerbasefont 2010/05/10  (rcs-revision cd36e8a33c6b)
 (/home/nikolaj/Documents/tex_live/texmf-dist/tex/latex/amsfonts/amssymb.sty
Package: amssymb 2009/06/22 v3.00

(/home/nikolaj/Documents/tex_live/texmf-dist/tex/latex/amsfonts/amsfonts.sty
Package: amsfonts 2009/06/22 v3.00 Basic AMSFonts support
\@emptytoks=\toks28
\symAMSa=\mathgroup4
\symAMSb=\mathgroup5
LaTeX Font Info:    Overwriting math alphabet `\mathfrak' in version `bold'
(Font)                  U/euf/m/n --> U/euf/b/n on input line 96.
)))
(/home/nikolaj/Documents/tex_live/texmf-dist/tex/latex/beamer/beamerbasetransla
tor.sty
Package: beamerbasetranslator 2010/06/11  (rcs-revision 85fd1cc7fc42)

(/home/nikolaj/Documents/tex_live/texmf-dist/tex/latex/beamer/translator/transl
ator.sty
Package: translator 2010/06/12 ver 1.10

(/home/nikolaj/Documents/tex_live/texmf-dist/tex/latex/beamer/translator/transl
ator-language-mappings.tex)))
(/home/nikolaj/Documents/tex_live/texmf-dist/tex/latex/beamer/beamerbasemisc.st
y
Package: beamerbasemisc 2010/06/06  (rcs-revision bff0a9294b45)
)
(/home/nikolaj/Documents/tex_live/texmf-dist/tex/latex/beamer/beamerbasetwoscre
ens.sty
Package: beamerbasetwoscreens 2010/05/01  (rcs-revision efa082c6111d)
)
(/home/nikolaj/Documents/tex_live/texmf-dist/tex/latex/beamer/beamerbaseoverlay
.sty
Package: beamerbaseoverlay 2010/05/07  (rcs-revision 5584dad462a9)
\beamer@argscount=\count127
\beamer@lastskipcover=\skip44
\beamer@trivlistdepth=\count128
)
(/home/nikolaj/Documents/tex_live/texmf-dist/tex/latex/beamer/beamerbasetitle.s
ty
Package: beamerbasetitle 2010/06/12  (rcs-revision 717e481ca47a)
)
(/home/nikolaj/Documents/tex_live/texmf-dist/tex/latex/beamer/beamerbasesection
.sty
Package: beamerbasesection 2010/06/17  (rcs-revision e0d9401bb743)
\c@lecture=\count129
\c@part=\count130
\c@section=\count131
\c@subsection=\count132
\c@subsubsection=\count133
)
(/home/nikolaj/Documents/tex_live/texmf-dist/tex/latex/beamer/beamerbaseframe.s
ty
Package: beamerbaseframe 2010/06/06  (rcs-revision bff0a9294b45)
\beamer@framebox=\box40
\beamer@frametitlebox=\box41
\beamer@zoombox=\box42
\beamer@zoomcount=\count134
\beamer@zoomframecount=\count135
\beamer@frametextheight=\dimen164
\c@subsectionslide=\count136
\beamer@frametopskip=\skip45
\beamer@framebottomskip=\skip46
\beamer@frametopskipautobreak=\skip47
\beamer@framebottomskipautobreak=\skip48
\beamer@envbody=\toks29
\c@framenumber=\count137
)
(/home/nikolaj/Documents/tex_live/texmf-dist/tex/latex/beamer/beamerbaseverbati
m.sty
Package: beamerbaseverbatim 2010/05/01  (rcs-revision efa082c6111d)
\beamer@verbatimfileout=\write4
)
(/home/nikolaj/Documents/tex_live/texmf-dist/tex/latex/beamer/beamerbaseframesi
ze.sty
Package: beamerbaseframesize 2010/06/27  (rcs-revision 6baa2d92e6f1)
\beamer@splitbox=\box43
\beamer@autobreakcount=\count138
\beamer@autobreaklastheight=\dimen165
\beamer@frametitletoks=\toks30
\beamer@framesubtitletoks=\toks31
)
(/home/nikolaj/Documents/tex_live/texmf-dist/tex/latex/beamer/beamerbaseframeco
mponents.sty
Package: beamerbaseframecomponents 2010/07/12  (rcs-revision 09e82992d9b1)
\beamer@footins=\box44
)
(/home/nikolaj/Documents/tex_live/texmf-dist/tex/latex/beamer/beamerbasecolor.s
ty
Package: beamerbasecolor 2010/06/06  (rcs-revision d1a9b48be06d)
)
(/home/nikolaj/Documents/tex_live/texmf-dist/tex/latex/beamer/beamerbasenotes.s
ty
Package: beamerbasenotes 2010/05/01  (rcs-revision efa082c6111d)
\beamer@frameboxcopy=\box45
)
(/home/nikolaj/Documents/tex_live/texmf-dist/tex/latex/beamer/beamerbasetoc.sty
Package: beamerbasetoc 2010/06/11  (rcs-revision 242ecaa6783b)
)
(/home/nikolaj/Documents/tex_live/texmf-dist/tex/latex/beamer/beamerbasetemplat
es.sty
Package: beamerbasetemplates 2010/05/01  (rcs-revision efa082c6111d)
\beamer@sbttoks=\toks32

(/home/nikolaj/Documents/tex_live/texmf-dist/tex/latex/beamer/beamerbaseauxtemp
lates.sty
Package: beamerbaseauxtemplates 2010/05/01  (rcs-revision efa082c6111d)

(/home/nikolaj/Documents/tex_live/texmf-dist/tex/latex/beamer/beamerbaseboxes.s
ty
Package: beamerbaseboxes 2010/05/01  (rcs-revision efa082c6111d)
\bmb@box=\box46
\bmb@colorbox=\box47
\bmb@boxshadow=\box48
\bmb@boxshadowball=\box49
\bmb@boxshadowballlarge=\box50
\bmb@temp=\dimen166
\bmb@dima=\dimen167
\bmb@dimb=\dimen168
\bmb@prevheight=\dimen169
)
\beamer@blockheadheight=\dimen170
))
(/home/nikolaj/Documents/tex_live/texmf-dist/tex/latex/beamer/beamerbaselocalst
ructure.sty
Package: beamerbaselocalstructure 2010/06/01  (rcs-revision 81f9e33f7cc2)

(/home/nikolaj/Documents/tex_live/texmf-dist/tex/latex/tools/enumerate.sty
Package: enumerate 1999/03/05 v3.00 enumerate extensions (DPC)
\@enLab=\toks33
)
\c@figure=\count139
\c@table=\count140
\abovecaptionskip=\skip49
\belowcaptionskip=\skip50
)
(/home/nikolaj/Documents/tex_live/texmf-dist/tex/latex/beamer/beamerbasenavigat
ion.sty
Package: beamerbasenavigation 2010/05/01  (rcs-revision efa082c6111d)
)
(/home/nikolaj/Documents/tex_live/texmf-dist/tex/latex/beamer/beamerbasetheorem
s.sty
Package: beamerbasetheorems 2010/06/06  (rcs-revision 7e7cc5e53e9d)

(/home/nikolaj/Documents/tex_live/texmf-dist/tex/latex/amsmath/amsmath.sty
Package: amsmath 2000/07/18 v2.13 AMS math features
\@mathmargin=\skip51

For additional information on amsmath, use the `?' option.
(/home/nikolaj/Documents/tex_live/texmf-dist/tex/latex/amsmath/amstext.sty
Package: amstext 2000/06/29 v2.01

(/home/nikolaj/Documents/tex_live/texmf-dist/tex/latex/amsmath/amsgen.sty
File: amsgen.sty 1999/11/30 v2.0
\@emptytoks=\toks34
\ex@=\dimen171
))
(/home/nikolaj/Documents/tex_live/texmf-dist/tex/latex/amsmath/amsbsy.sty
Package: amsbsy 1999/11/29 v1.2d
\pmbraise@=\dimen172
)
(/home/nikolaj/Documents/tex_live/texmf-dist/tex/latex/amsmath/amsopn.sty
Package: amsopn 1999/12/14 v2.01 operator names
)
\inf@bad=\count141
LaTeX Info: Redefining \frac on input line 211.
\uproot@=\count142
\leftroot@=\count143
LaTeX Info: Redefining \overline on input line 307.
\classnum@=\count144
\DOTSCASE@=\count145
LaTeX Info: Redefining \ldots on input line 379.
LaTeX Info: Redefining \dots on input line 382.
LaTeX Info: Redefining \cdots on input line 467.
\Mathstrutbox@=\box51
\strutbox@=\box52
\big@size=\dimen173
LaTeX Font Info:    Redeclaring font encoding OML on input line 567.
LaTeX Font Info:    Redeclaring font encoding OMS on input line 568.
\macc@depth=\count146
\c@MaxMatrixCols=\count147
\dotsspace@=\muskip11
\c@parentequation=\count148
\dspbrk@lvl=\count149
\tag@help=\toks35
\row@=\count150
\column@=\count151
\maxfields@=\count152
\andhelp@=\toks36
\eqnshift@=\dimen174
\alignsep@=\dimen175
\tagshift@=\dimen176
\tagwidth@=\dimen177
\totwidth@=\dimen178
\lineht@=\dimen179
\@envbody=\toks37
\multlinegap=\skip52
\multlinetaggap=\skip53
\mathdisplay@stack=\toks38
LaTeX Info: Redefining \[ on input line 2666.
LaTeX Info: Redefining \] on input line 2667.
)
(/home/nikolaj/Documents/tex_live/texmf-dist/tex/latex/amscls/amsthm.sty
Package: amsthm 2009/07/02 v2.20.1
\thm@style=\toks39
\thm@bodyfont=\toks40
\thm@headfont=\toks41
\thm@notefont=\toks42
\thm@headpunct=\toks43
\thm@preskip=\skip54
\thm@postskip=\skip55
\thm@headsep=\skip56
\dth@everypar=\toks44
)
\c@theorem=\count153
)
(/home/nikolaj/Documents/tex_live/texmf-dist/tex/latex/beamer/beamerbasethemes.
sty
Package: beamerbasethemes 2010/05/01  (rcs-revision efa082c6111d)
))
(/home/nikolaj/Documents/tex_live/texmf-dist/tex/latex/beamer/themes/theme/beam
erthemedefault.sty
Package: beamerthemedefault 2010/06/17  (rcs-revision d02a7cf4d8ae)

(/home/nikolaj/Documents/tex_live/texmf-dist/tex/latex/beamer/themes/font/beame
rfontthemedefault.sty
Package: beamerfontthemedefault 2010/06/17  (rcs-revision d02a7cf4d8ae)
)
(/home/nikolaj/Documents/tex_live/texmf-dist/tex/latex/beamer/themes/color/beam
ercolorthemedefault.sty
Package: beamercolorthemedefault 2010/06/17  (rcs-revision d02a7cf4d8ae)
)
(/home/nikolaj/Documents/tex_live/texmf-dist/tex/latex/beamer/themes/inner/beam
erinnerthemedefault.sty
Package: beamerinnerthemedefault 2010/06/17  (rcs-revision d02a7cf4d8ae)
\beamer@dima=\dimen180
\beamer@dimb=\dimen181
)
(/home/nikolaj/Documents/tex_live/texmf-dist/tex/latex/beamer/themes/outer/beam
erouterthemedefault.sty
Package: beamerouterthemedefault 2010/06/17  (rcs-revision d02a7cf4d8ae)
)))
(/home/nikolaj/Documents/tex_live/texmf-dist/tex/latex/beamer/themes/theme/beam
erthemeRochester.sty
Package: beamerthemeRochester 2010/06/17  (rcs-revision d02a7cf4d8ae)

(/home/nikolaj/Documents/tex_live/texmf-dist/tex/latex/beamer/themes/outer/beam
erouterthemesidebar.sty
Package: beamerouterthemesidebar 2010/06/17  (rcs-revision d02a7cf4d8ae)
\beamer@sidebarwidth=\dimen182
\beamer@headheight=\dimen183
)
(/home/nikolaj/Documents/tex_live/texmf-dist/tex/latex/beamer/themes/inner/beam
erinnerthemerectangles.sty
Package: beamerinnerthemerectangles 2010/06/17  (rcs-revision d02a7cf4d8ae)
)
(/home/nikolaj/Documents/tex_live/texmf-dist/tex/latex/beamer/themes/color/beam
ercolorthemewhale.sty
Package: beamercolorthemewhale 2010/06/17  (rcs-revision d02a7cf4d8ae)
)
(/home/nikolaj/Documents/tex_live/texmf-dist/tex/latex/beamer/themes/color/beam
ercolorthemeorchid.sty
Package: beamercolorthemeorchid 2010/06/17  (rcs-revision d02a7cf4d8ae)
))
(/home/nikolaj/Documents/tex_live/texmf-dist/tex/latex/beamer/themes/color/beam
ercolorthemestructure.sty
Package: beamercolorthemestructure 2010/06/17  (rcs-revision d02a7cf4d8ae)
)
(/home/nikolaj/Documents/tex_live/texmf-dist/tex/latex/beamer/themes/font/beame
rfontthemestructurebold.sty
Package: beamerfontthemestructurebold 2010/06/17  (rcs-revision d02a7cf4d8ae)
)
(/home/nikolaj/Documents/tex_live/texmf-dist/tex/latex/beamer/themes/outer/beam
erouterthemeinfolines.sty
Package: beamerouterthemeinfolines 2010/07/10  (rcs-revision 445340293dde)
) (./../pygments.tex
(/home/nikolaj/Documents/tex_live/texmf-dist/tex/latex/fancyvrb/fancyvrb.sty
Package: fancyvrb 2008/02/07

Style option: `fancyvrb' v2.7a, with DG/SPQR fixes, and firstline=lastline fix 
<2008/02/07> (tvz)
\FV@CodeLineNo=\count154
\FV@InFile=\read2
\FV@TabBox=\box53
\c@FancyVerbLine=\count155
\FV@StepNumber=\count156
\FV@OutFile=\write5
))
(/home/nikolaj/Documents/tex_live/texmf-dist/tex/generic/ulem/ulem.sty
\UL@box=\box54
\UL@hyphenbox=\box55
\UL@skip=\skip57
\UL@hook=\toks45
\UL@height=\dimen184
\UL@pe=\count157
\UL@pixel=\dimen185
\ULC@box=\box56
Package: ulem 2011/03/18
\ULdepth=\dimen186
)
(/home/nikolaj/Documents/tex_live/texmf-dist/tex/latex/pgf/frontendlayer/tikz.s
ty
(/home/nikolaj/Documents/tex_live/texmf-dist/tex/latex/pgf/basiclayer/pgf.sty
Package: pgf 2008/01/15 v2.10 (rcs-revision 1.12)

(/home/nikolaj/Documents/tex_live/texmf-dist/tex/generic/pgf/modules/pgfmodules
hapes.code.tex
File: pgfmoduleshapes.code.tex 2010/09/09  (rcs-revision 1.13)
\pgfnodeparttextbox=\box57
)
(/home/nikolaj/Documents/tex_live/texmf-dist/tex/generic/pgf/modules/pgfmodulep
lot.code.tex
File: pgfmoduleplot.code.tex 2010/10/22  (rcs-revision 1.8)
)
(/home/nikolaj/Documents/tex_live/texmf-dist/tex/latex/pgf/compatibility/pgfcom
p-version-0-65.sty
Package: pgfcomp-version-0-65 2007/07/03 v2.10 (rcs-revision 1.7)
\pgf@nodesepstart=\dimen187
\pgf@nodesepend=\dimen188
)
(/home/nikolaj/Documents/tex_live/texmf-dist/tex/latex/pgf/compatibility/pgfcom
p-version-1-18.sty
Package: pgfcomp-version-1-18 2007/07/23 v2.10 (rcs-revision 1.1)
))
(/home/nikolaj/Documents/tex_live/texmf-dist/tex/latex/pgf/utilities/pgffor.sty

(/home/nikolaj/Documents/tex_live/texmf-dist/tex/latex/pgf/utilities/pgfkeys.st
y
(/home/nikolaj/Documents/tex_live/texmf-dist/tex/generic/pgf/utilities/pgfkeys.
code.tex))
(/home/nikolaj/Documents/tex_live/texmf-dist/tex/generic/pgf/utilities/pgffor.c
ode.tex
Package: pgffor 2010/03/23 v2.10 (rcs-revision 1.18)
\pgffor@iter=\dimen189
\pgffor@skip=\dimen190
\pgffor@stack=\toks46
\pgffor@toks=\toks47
))
(/home/nikolaj/Documents/tex_live/texmf-dist/tex/generic/pgf/frontendlayer/tikz
/tikz.code.tex
Package: tikz 2010/10/13 v2.10 (rcs-revision 1.76)

(/home/nikolaj/Documents/tex_live/texmf-dist/tex/generic/pgf/libraries/pgflibra
ryplothandlers.code.tex
File: pgflibraryplothandlers.code.tex 2010/05/31 v2.10 (rcs-revision 1.15)
\pgf@plot@mark@count=\count158
\pgfplotmarksize=\dimen191
)
\tikz@lastx=\dimen192
\tikz@lasty=\dimen193
\tikz@lastxsaved=\dimen194
\tikz@lastysaved=\dimen195
\tikzleveldistance=\dimen196
\tikzsiblingdistance=\dimen197
\tikz@figbox=\box58
\tikz@tempbox=\box59
\tikztreelevel=\count159
\tikznumberofchildren=\count160
\tikznumberofcurrentchild=\count161
\tikz@fig@count=\count162

(/home/nikolaj/Documents/tex_live/texmf-dist/tex/generic/pgf/modules/pgfmodulem
atrix.code.tex
File: pgfmodulematrix.code.tex 2010/08/24  (rcs-revision 1.4)
\pgfmatrixcurrentrow=\count163
\pgfmatrixcurrentcolumn=\count164
\pgf@matrix@numberofcolumns=\count165
)
\tikz@expandcount=\count166

(/home/nikolaj/Documents/tex_live/texmf-dist/tex/generic/pgf/frontendlayer/tikz
/libraries/tikzlibrarytopaths.code.tex
File: tikzlibrarytopaths.code.tex 2008/06/17 v2.10 (rcs-revision 1.2)
)))
(/home/nikolaj/Documents/tex_live/texmf-dist/tex/generic/pgf/frontendlayer/tikz
/libraries/tikzlibraryarrows.code.tex
File: tikzlibraryarrows.code.tex 2008/01/09 v2.10 (rcs-revision 1.1)

(/home/nikolaj/Documents/tex_live/texmf-dist/tex/generic/pgf/libraries/pgflibra
ryarrows.code.tex
File: pgflibraryarrows.code.tex 2008/10/27 v2.10 (rcs-revision 1.9)
\arrowsize=\dimen198
))

! LaTeX Error: Something's wrong--perhaps a missing \item.

See the LaTeX manual or LaTeX Companion for explanation.
Type  H <return>  for immediate help.
 ...                                              
                                                  
l.95 \begin{document}
                     
Try typing  <return>  to proceed.
If that doesn't work, type  X <return>  to quit.

(./chap2_slides.aux)
\openout1 = `chap2_slides.aux'.

LaTeX Font Info:    Checking defaults for OML/cmm/m/it on input line 95.
LaTeX Font Info:    ... okay on input line 95.
LaTeX Font Info:    Checking defaults for T1/cmr/m/n on input line 95.
LaTeX Font Info:    ... okay on input line 95.
LaTeX Font Info:    Checking defaults for OT1/cmr/m/n on input line 95.
LaTeX Font Info:    ... okay on input line 95.
LaTeX Font Info:    Checking defaults for OMS/cmsy/m/n on input line 95.
LaTeX Font Info:    ... okay on input line 95.
LaTeX Font Info:    Checking defaults for OMX/cmex/m/n on input line 95.
LaTeX Font Info:    ... okay on input line 95.
LaTeX Font Info:    Checking defaults for U/cmr/m/n on input line 95.
LaTeX Font Info:    ... okay on input line 95.
LaTeX Font Info:    Checking defaults for PD1/pdf/m/n on input line 95.
LaTeX Font Info:    ... okay on input line 95.
LaTeX Font Info:    Checking defaults for PU/pdf/m/n on input line 95.
LaTeX Font Info:    ... okay on input line 95.

*geometry* driver: auto-detecting
*geometry* detected driver: pdftex
*geometry* verbose mode - [ preamble ] result:
* driver: pdftex
* paper: custom
* layout: <same size as paper>
* layoutoffset:(h,v)=(0.0pt,0.0pt)
* modes: includehead includefoot 
* h-part:(L,W,R)=(14.09984pt, 335.99568pt, 14.09984pt)
* v-part:(T,H,B)=(0.0pt, 273.14662pt, 0.0pt)
* \paperwidth=364.19536pt
* \paperheight=273.14662pt
* \textwidth=335.99568pt
* \textheight=244.6939pt
* \oddsidemargin=-58.17015pt
* \evensidemargin=-58.17015pt
* \topmargin=-72.26999pt
* \headheight=14.22636pt
* \headsep=0.0pt
* \topskip=11.0pt
* \footskip=14.22636pt
* \marginparwidth=4.0pt
* \marginparsep=10.0pt
* \columnsep=10.0pt
* \skip\footins=10.0pt plus 4.0pt minus 2.0pt
* \hoffset=0.0pt
* \voffset=0.0pt
* \mag=1000
* \@twocolumnfalse
* \@twosidefalse
* \@mparswitchfalse
* \@reversemarginfalse
* (1in=72.27pt=25.4mm, 1cm=28.453pt)

(/home/nikolaj/Documents/tex_live/texmf-dist/tex/context/base/supp-pdf.mkii
[Loading MPS to PDF converter (version 2006.09.02).]
\scratchcounter=\count167
\scratchdimen=\dimen199
\scratchbox=\box60
\nofMPsegments=\count168
\nofMParguments=\count169
\everyMPshowfont=\toks48
\MPscratchCnt=\count170
\MPscratchDim=\dimen200
\MPnumerator=\count171
\makeMPintoPDFobject=\count172
\everyMPtoPDFconversion=\toks49
)
(/home/nikolaj/Documents/tex_live/texmf-dist/tex/latex/oberdiek/epstopdf-base.s
ty
Package: epstopdf-base 2010/02/09 v2.5 Base part for package epstopdf
 (/home/nikolaj/Documents/tex_live/texmf-dist/tex/latex/oberdiek/grfext.sty
Package: grfext 2010/08/19 v1.1 Managing graphics extensions (HO)
)
Package grfext Info: Graphics extension search list:
(grfext)             [.png,.pdf,.jpg,.mps,.jpeg,.jbig2,.jb2,.PNG,.PDF,.JPG,.JPE
G,.JBIG2,.JB2,.eps]
(grfext)             \AppendGraphicsExtensions on input line 452.

(/home/nikolaj/Documents/tex_live/texmf-dist/tex/latex/latexconfig/epstopdf-sys
.cfg
File: epstopdf-sys.cfg 2010/07/13 v1.3 Configuration of (r)epstopdf for TeX Liv
e
)) ABD: EveryShipout initializing macros
\AtBeginShipoutBox=\box61
Package hyperref Info: Link coloring OFF on input line 95.

(/home/nikolaj/Documents/tex_live/texmf-dist/tex/latex/hyperref/nameref.sty
Package: nameref 2010/04/30 v2.40 Cross-referencing by name of section

(/home/nikolaj/Documents/tex_live/texmf-dist/tex/generic/oberdiek/gettitlestrin
g.sty
Package: gettitlestring 2010/12/03 v1.4 Cleanup title references (HO)
)
\c@section@level=\count173
)
LaTeX Info: Redefining \ref on input line 95.
LaTeX Info: Redefining \pageref on input line 95.
LaTeX Info: Redefining \nameref on input line 95.
 (./chap2_slides.out) (./chap2_slides.out)
\@outlinefile=\write6
\openout6 = `chap2_slides.out'.


(/home/nikolaj/Documents/tex_live/texmf-dist/tex/latex/ucs/ucsencs.def
File: ucsencs.def 2003/11/29 Fixes to fontencodings LGR, T3
)
(/home/nikolaj/Documents/tex_live/texmf-dist/tex/latex/ucs/data/uni-0.def
File: uni-0.def 2004/10/17 UCS: Unicode data U+0000..U+00FF
)
(/home/nikolaj/Documents/tex_live/texmf-dist/tex/latex/ucs/data/uni-1.def
File: uni-1.def 2004/10/17 UCS: Unicode data U+0100..U+01FF
)
LaTeX Font Info:    Overwriting symbol font `operators' in version `normal'
(Font)                  OT1/cmr/m/n --> OT1/cmss/m/n on input line 95.
LaTeX Font Info:    Overwriting symbol font `operators' in version `bold'
(Font)                  OT1/cmr/bx/n --> OT1/cmss/bx/n on input line 95.
\symnumbers=\mathgroup6
\sympureletters=\mathgroup7
LaTeX Font Info:    Overwriting math alphabet `\mathrm' in version `normal'
(Font)                  OT1/cmss/m/n --> OT1/cmr/m/n on input line 95.
LaTeX Font Info:    Redeclaring math alphabet \mathbf on input line 95.
LaTeX Font Info:    Overwriting math alphabet `\mathbf' in version `normal'
(Font)                  OT1/cmr/bx/n --> OT1/cmss/bx/n on input line 95.
LaTeX Font Info:    Overwriting math alphabet `\mathbf' in version `bold'
(Font)                  OT1/cmr/bx/n --> OT1/cmss/bx/n on input line 95.
LaTeX Font Info:    Redeclaring math alphabet \mathsf on input line 95.
LaTeX Font Info:    Overwriting math alphabet `\mathsf' in version `normal'
(Font)                  OT1/cmss/m/n --> OT1/cmss/m/n on input line 95.
LaTeX Font Info:    Overwriting math alphabet `\mathsf' in version `bold'
(Font)                  OT1/cmss/bx/n --> OT1/cmss/m/n on input line 95.
LaTeX Font Info:    Redeclaring math alphabet \mathit on input line 95.
LaTeX Font Info:    Overwriting math alphabet `\mathit' in version `normal'
(Font)                  OT1/cmr/m/it --> OT1/cmss/m/it on input line 95.
LaTeX Font Info:    Overwriting math alphabet `\mathit' in version `bold'
(Font)                  OT1/cmr/bx/it --> OT1/cmss/m/it on input line 95.
LaTeX Font Info:    Redeclaring math alphabet \mathtt on input line 95.
LaTeX Font Info:    Overwriting math alphabet `\mathtt' in version `normal'
(Font)                  OT1/cmtt/m/n --> OT1/cmtt/m/n on input line 95.
LaTeX Font Info:    Overwriting math alphabet `\mathtt' in version `bold'
(Font)                  OT1/cmtt/m/n --> OT1/cmtt/m/n on input line 95.
LaTeX Font Info:    Overwriting symbol font `numbers' in version `bold'
(Font)                  OT1/cmss/m/n --> OT1/cmss/bx/n on input line 95.
LaTeX Font Info:    Overwriting symbol font `pureletters' in version `bold'
(Font)                  OT1/cmss/m/it --> OT1/cmss/bx/it on input line 95.
LaTeX Font Info:    Overwriting math alphabet `\mathrm' in version `bold'
(Font)                  OT1/cmss/bx/n --> OT1/cmr/bx/n on input line 95.
LaTeX Font Info:    Overwriting math alphabet `\mathbf' in version `bold'
(Font)                  OT1/cmss/bx/n --> OT1/cmss/bx/n on input line 95.
LaTeX Font Info:    Overwriting math alphabet `\mathsf' in version `bold'
(Font)                  OT1/cmss/m/n --> OT1/cmss/bx/n on input line 95.
LaTeX Font Info:    Overwriting math alphabet `\mathit' in version `bold'
(Font)                  OT1/cmss/m/it --> OT1/cmss/bx/it on input line 95.
LaTeX Font Info:    Overwriting math alphabet `\mathtt' in version `bold'
(Font)                  OT1/cmtt/m/n --> OT1/cmtt/bx/n on input line 95.

(/home/nikolaj/Documents/tex_live/texmf-dist/tex/latex/beamer/translator/dicts/
translator-basic-dictionary/translator-basic-dictionary-English.dict
Dictionary: translator-basic-dictionary, Language: English 
)
(/home/nikolaj/Documents/tex_live/texmf-dist/tex/latex/beamer/translator/dicts/
translator-bibliography-dictionary/translator-bibliography-dictionary-English.d
ict
Dictionary: translator-bibliography-dictionary, Language: English 
)
(/home/nikolaj/Documents/tex_live/texmf-dist/tex/latex/beamer/translator/dicts/
translator-environment-dictionary/translator-environment-dictionary-English.dic
t
Dictionary: translator-environment-dictionary, Language: English 
)
(/home/nikolaj/Documents/tex_live/texmf-dist/tex/latex/beamer/translator/dicts/
translator-months-dictionary/translator-months-dictionary-English.dict
Dictionary: translator-months-dictionary, Language: English 
)
(/home/nikolaj/Documents/tex_live/texmf-dist/tex/latex/beamer/translator/dicts/
translator-numbers-dictionary/translator-numbers-dictionary-English.dict
Dictionary: translator-numbers-dictionary, Language: English 
)
(/home/nikolaj/Documents/tex_live/texmf-dist/tex/latex/beamer/translator/dicts/
translator-theorem-dictionary/translator-theorem-dictionary-English.dict
Dictionary: translator-theorem-dictionary, Language: English 
)
(./chap2_slides.nav)

LaTeX Font Warning: Font shape `OT1/cmss/m/n' in size <4> not available
(Font)              size <5> substituted on input line 99.

[1

{/home/nikolaj/Documents/tex_live/texmf-var/fonts/map/pdftex/updmap/pdftex.map}
 <./images/logo.pdf> <./images/google.pdf>] (./chap2_slides.toc
LaTeX Font Info:    Font shape `OT1/cmtt/bx/n' in size <10.95> not available
(Font)              Font shape `OT1/cmtt/m/n' tried instead on input line 14.
)

Class beamer Warning: Frame text is shrunk by a factor of 2.32391 percent inste
ad of 0 percent on input line 103.

[2

] [3

] [4

] [5

] [6

] [7

] [8

] [9

] [10

] [11

]
\openout4 = `chap2_slides.vrb'.

 (./chap2_slides.vrb
Overfull \hbox (1.3409pt too wide) in paragraph at lines 11--11
[]      \OT1/cmtt/m/n/10.95 C P[] 
 []


Overfull \hbox (1.3409pt too wide) in paragraph at lines 11--11
[]\OT1/cmtt/m/n/10.95 +     I S[] 
 []


Overfull \hbox (1.3409pt too wide) in paragraph at lines 11--11
[]\OT1/cmtt/m/n/10.95 +   F U N[] 
 []


Overfull \hbox (1.3409pt too wide) in paragraph at lines 11--11
[]\OT1/cmtt/m/n/10.95 ---------[] 
 []


Overfull \hbox (1.3409pt too wide) in paragraph at lines 11--11
[]\OT1/cmtt/m/n/10.95 = T R U E[] 
 []

LaTeX Font Info:    Try loading font information for U+msa on input line 13.
(/home/nikolaj/Documents/tex_live/texmf-dist/tex/latex/amsfonts/umsa.fd
File: umsa.fd 2009/06/22 v3.00 AMS symbols A
)
LaTeX Font Info:    Try loading font information for U+msb on input line 13.

(/home/nikolaj/Documents/tex_live/texmf-dist/tex/latex/amsfonts/umsb.fd
File: umsb.fd 2009/06/22 v3.00 AMS symbols B
)
Overfull \hbox (1.3409pt too wide) in paragraph at lines 30--30
[]      \OT1/cmtt/m/n/10.95 2 3[] 
 []


Overfull \hbox (1.3409pt too wide) in paragraph at lines 30--30
[]\OT1/cmtt/m/n/10.95 +     7 4[] 
 []


Overfull \hbox (1.3409pt too wide) in paragraph at lines 30--30
[]\OT1/cmtt/m/n/10.95 +   9 6 8[] 
 []


Overfull \hbox (1.3409pt too wide) in paragraph at lines 30--30
[]\OT1/cmtt/m/n/10.95 ---------[] 
 []


Overfull \hbox (1.3409pt too wide) in paragraph at lines 30--30
[]\OT1/cmtt/m/n/10.95 = 1 0 6 5[] 
 []

) [12

] (./chap2_slides.vrb
Overfull \hbox (1.3409pt too wide) in paragraph at lines 11--11
[]      \OT1/cmtt/m/n/10.95 C P[] 
 []


Overfull \hbox (1.3409pt too wide) in paragraph at lines 11--11
[]\OT1/cmtt/m/n/10.95 +     I S[] 
 []


Overfull \hbox (1.3409pt too wide) in paragraph at lines 11--11
[]\OT1/cmtt/m/n/10.95 +   F U N[] 
 []


Overfull \hbox (1.3409pt too wide) in paragraph at lines 11--11
[]\OT1/cmtt/m/n/10.95 ---------[] 
 []


Overfull \hbox (1.3409pt too wide) in paragraph at lines 11--11
[]\OT1/cmtt/m/n/10.95 = T R U E[] 
 []


Overfull \hbox (1.3409pt too wide) in paragraph at lines 30--30
[]      \OT1/cmtt/m/n/10.95 2 3[] 
 []


Overfull \hbox (1.3409pt too wide) in paragraph at lines 30--30
[]\OT1/cmtt/m/n/10.95 +     7 4[] 
 []


Overfull \hbox (1.3409pt too wide) in paragraph at lines 30--30
[]\OT1/cmtt/m/n/10.95 +   9 6 8[] 
 []


Overfull \hbox (1.3409pt too wide) in paragraph at lines 30--30
[]\OT1/cmtt/m/n/10.95 ---------[] 
 []


Overfull \hbox (1.3409pt too wide) in paragraph at lines 30--30
[]\OT1/cmtt/m/n/10.95 = 1 0 6 5[] 
 []

) [13

] (./chap2_slides.vrb
Overfull \hbox (1.3409pt too wide) in paragraph at lines 11--11
[]      \OT1/cmtt/m/n/10.95 C P[] 
 []


Overfull \hbox (1.3409pt too wide) in paragraph at lines 11--11
[]\OT1/cmtt/m/n/10.95 +     I S[] 
 []


Overfull \hbox (1.3409pt too wide) in paragraph at lines 11--11
[]\OT1/cmtt/m/n/10.95 +   F U N[] 
 []


Overfull \hbox (1.3409pt too wide) in paragraph at lines 11--11
[]\OT1/cmtt/m/n/10.95 ---------[] 
 []


Overfull \hbox (1.3409pt too wide) in paragraph at lines 11--11
[]\OT1/cmtt/m/n/10.95 = T R U E[] 
 []


Overfull \hbox (1.3409pt too wide) in paragraph at lines 30--30
[]      \OT1/cmtt/m/n/10.95 2 3[] 
 []


Overfull \hbox (1.3409pt too wide) in paragraph at lines 30--30
[]\OT1/cmtt/m/n/10.95 +     7 4[] 
 []


Overfull \hbox (1.3409pt too wide) in paragraph at lines 30--30
[]\OT1/cmtt/m/n/10.95 +   9 6 8[] 
 []


Overfull \hbox (1.3409pt too wide) in paragraph at lines 30--30
[]\OT1/cmtt/m/n/10.95 ---------[] 
 []


Overfull \hbox (1.3409pt too wide) in paragraph at lines 30--30
[]\OT1/cmtt/m/n/10.95 = 1 0 6 5[] 
 []

) [14

] (./chap2_slides.vrb
Overfull \hbox (1.3409pt too wide) in paragraph at lines 11--11
[]      \OT1/cmtt/m/n/10.95 C P[] 
 []


Overfull \hbox (1.3409pt too wide) in paragraph at lines 11--11
[]\OT1/cmtt/m/n/10.95 +     I S[] 
 []


Overfull \hbox (1.3409pt too wide) in paragraph at lines 11--11
[]\OT1/cmtt/m/n/10.95 +   F U N[] 
 []


Overfull \hbox (1.3409pt too wide) in paragraph at lines 11--11
[]\OT1/cmtt/m/n/10.95 ---------[] 
 []


Overfull \hbox (1.3409pt too wide) in paragraph at lines 11--11
[]\OT1/cmtt/m/n/10.95 = T R U E[] 
 []


Overfull \hbox (1.3409pt too wide) in paragraph at lines 30--30
[]      \OT1/cmtt/m/n/10.95 2 3[] 
 []


Overfull \hbox (1.3409pt too wide) in paragraph at lines 30--30
[]\OT1/cmtt/m/n/10.95 +     7 4[] 
 []


Overfull \hbox (1.3409pt too wide) in paragraph at lines 30--30
[]\OT1/cmtt/m/n/10.95 +   9 6 8[] 
 []


Overfull \hbox (1.3409pt too wide) in paragraph at lines 30--30
[]\OT1/cmtt/m/n/10.95 ---------[] 
 []


Overfull \hbox (1.3409pt too wide) in paragraph at lines 30--30
[]\OT1/cmtt/m/n/10.95 = 1 0 6 5[] 
 []

) [15

] (./chap2_slides.vrb
Overfull \hbox (1.3409pt too wide) in paragraph at lines 11--11
[]      \OT1/cmtt/m/n/10.95 C P[] 
 []


Overfull \hbox (1.3409pt too wide) in paragraph at lines 11--11
[]\OT1/cmtt/m/n/10.95 +     I S[] 
 []


Overfull \hbox (1.3409pt too wide) in paragraph at lines 11--11
[]\OT1/cmtt/m/n/10.95 +   F U N[] 
 []


Overfull \hbox (1.3409pt too wide) in paragraph at lines 11--11
[]\OT1/cmtt/m/n/10.95 ---------[] 
 []


Overfull \hbox (1.3409pt too wide) in paragraph at lines 11--11
[]\OT1/cmtt/m/n/10.95 = T R U E[] 
 []


Overfull \hbox (1.3409pt too wide) in paragraph at lines 30--30
[]      \OT1/cmtt/m/n/10.95 2 3[] 
 []


Overfull \hbox (1.3409pt too wide) in paragraph at lines 30--30
[]\OT1/cmtt/m/n/10.95 +     7 4[] 
 []


Overfull \hbox (1.3409pt too wide) in paragraph at lines 30--30
[]\OT1/cmtt/m/n/10.95 +   9 6 8[] 
 []


Overfull \hbox (1.3409pt too wide) in paragraph at lines 30--30
[]\OT1/cmtt/m/n/10.95 ---------[] 
 []


Overfull \hbox (1.3409pt too wide) in paragraph at lines 30--30
[]\OT1/cmtt/m/n/10.95 = 1 0 6 5[] 
 []

) [16

] (./chap2_slides.vrb
Overfull \hbox (1.3409pt too wide) in paragraph at lines 11--11
[]      \OT1/cmtt/m/n/10.95 C P[] 
 []


Overfull \hbox (1.3409pt too wide) in paragraph at lines 11--11
[]\OT1/cmtt/m/n/10.95 +     I S[] 
 []


Overfull \hbox (1.3409pt too wide) in paragraph at lines 11--11
[]\OT1/cmtt/m/n/10.95 +   F U N[] 
 []


Overfull \hbox (1.3409pt too wide) in paragraph at lines 11--11
[]\OT1/cmtt/m/n/10.95 ---------[] 
 []


Overfull \hbox (1.3409pt too wide) in paragraph at lines 11--11
[]\OT1/cmtt/m/n/10.95 = T R U E[] 
 []


Overfull \hbox (1.3409pt too wide) in paragraph at lines 30--30
[]      \OT1/cmtt/m/n/10.95 2 3[] 
 []


Overfull \hbox (1.3409pt too wide) in paragraph at lines 30--30
[]\OT1/cmtt/m/n/10.95 +     7 4[] 
 []


Overfull \hbox (1.3409pt too wide) in paragraph at lines 30--30
[]\OT1/cmtt/m/n/10.95 +   9 6 8[] 
 []


Overfull \hbox (1.3409pt too wide) in paragraph at lines 30--30
[]\OT1/cmtt/m/n/10.95 ---------[] 
 []


Overfull \hbox (1.3409pt too wide) in paragraph at lines 30--30
[]\OT1/cmtt/m/n/10.95 = 1 0 6 5[] 
 []

) [17

] [18

] [19

] [20

] [21

] [22

] [23

] [24

] [25

] [26

] [27

] [28

] [29

] [30

]
[31

] [32

] [33

] [34

] [35

]
<images/anatomy1.pdf, id=419, 514.87057pt x 656.38425pt>
File: images/anatomy1.pdf Graphic file (type pdf)

<use images/anatomy1.pdf>
Package pdftex.def Info: images/anatomy1.pdf used on input line 213.
(pdftex.def)             Requested size: 177.77194pt x 226.6305pt.

Overfull \hbox (26.57492pt too wide) in paragraph at lines 213--213
[][]  
 []

<images/anatomy2.pdf, id=420, 470.70355pt x 262.62215pt>
File: images/anatomy2.pdf Graphic file (type pdf)

<use images/anatomy2.pdf>
Package pdftex.def Info: images/anatomy2.pdf used on input line 213.
(pdftex.def)             Requested size: 170.27193pt x 95.0pt.

Overfull \hbox (19.0749pt too wide) in paragraph at lines 213--213
[][]  
 []

[36

 <./images/anatomy1.pdf> <./images/anatomy2.pdf>]
\openout4 = `chap2_slides.vrb'.

 (./chap2_slides.vrb
Overfull \hbox (6.79999pt too wide) in paragraph at lines 7--9
[][][][][][][][][] 
 []

) [37

] (./chap2_slides.vrb
Overfull \hbox (6.79999pt too wide) in paragraph at lines 7--9
[][][][][][][][][][] 
 []

) [38

] (./chap2_slides.vrb
Overfull \hbox (6.79999pt too wide) in paragraph at lines 7--9
[][][][][][][][][][] 
 []

) [39

] (./chap2_slides.vrb
Overfull \hbox (6.79999pt too wide) in paragraph at lines 7--9
[][][][][][][][][][] 
 []

) [40

]
LaTeX Font Info:    Try loading font information for PU+cmtt on input line 239.

LaTeX Font Info:    No file PUcmtt.fd. on input line 239.


LaTeX Font Warning: Font shape `PU/cmtt/m/n' undefined
(Font)              using `PU/pdf/m/n' instead on input line 239.

\openout4 = `chap2_slides.vrb'.

(./chap2_slides.vrb
LaTeX Font Info:    Font shape `OT1/cmtt/bx/n' in size <8> not available
(Font)              Font shape `OT1/cmtt/m/n' tried instead on input line 14.

Overfull \hbox (6.79999pt too wide) in paragraph at lines 1--16
[][][][][][][][]  
 []


Overfull \hbox (6.79999pt too wide) in paragraph at lines 19--29
[][][][][][][][]  
 []

) [41

] (./chap2_slides.vrb
Overfull \hbox (6.79999pt too wide) in paragraph at lines 1--16
[][][][][][][][][]  
 []


Overfull \hbox (6.79999pt too wide) in paragraph at lines 19--29
[][][][][][][][]  
 []

) [42

] (./chap2_slides.vrb
Overfull \hbox (6.79999pt too wide) in paragraph at lines 1--16
[][][][][][][][][]  
 []


Overfull \hbox (6.79999pt too wide) in paragraph at lines 19--29
[][][][][][][][]  
 []

) [43

] (./chap2_slides.vrb
Overfull \hbox (6.79999pt too wide) in paragraph at lines 1--16
[][][][][][][][][]  
 []


Overfull \hbox (6.79999pt too wide) in paragraph at lines 19--29
[][][][][][][][][]  
 []

) [44

]
\openout4 = `chap2_slides.vrb'.

 (./chap2_slides.vrb
Overfull \hbox (6.79999pt too wide) in paragraph at lines 17--19
[][][][][][][][][]  
 []

) [45

] (./chap2_slides.vrb
Overfull \hbox (6.79999pt too wide) in paragraph at lines 17--19
[][][][][][][][][]  
 []

) [46

] (./chap2_slides.vrb
Overfull \hbox (6.79999pt too wide) in paragraph at lines 17--19
[][][][][][][][][]  
 []

) [47

] (./chap2_slides.vrb
Overfull \hbox (6.79999pt too wide) in paragraph at lines 17--19
[][][][][][][][][]  
 []

) [48

] (./chap2_slides.vrb
Overfull \hbox (6.79999pt too wide) in paragraph at lines 17--19
[][][][][][][][][]  
 []

) [49

] (./chap2_slides.vrb
Overfull \hbox (6.79999pt too wide) in paragraph at lines 17--19
[][][][][][][][][]  
 []

) [50

] (./chap2_slides.vrb
Overfull \hbox (6.79999pt too wide) in paragraph at lines 17--19
[][][][][][][][][][]  
 []

) [51

]
\openout4 = `chap2_slides.vrb'.

 (./chap2_slides.vrb
Overfull \hbox (6.79999pt too wide) in paragraph at lines 1--21
[][][][][][][][][][][]  
 []

) [52

] (./chap2_slides.vrb
Overfull \hbox (6.79999pt too wide) in paragraph at lines 1--21
[][][][][][][][][][][][]  
 []

) [53

] (./chap2_slides.vrb
Overfull \hbox (6.79999pt too wide) in paragraph at lines 1--21
[][][][][][][][][][][][][]  
 []

) [54

] (./chap2_slides.vrb
Overfull \hbox (6.79999pt too wide) in paragraph at lines 1--21
[][][][][][][][][][][][][]  
 []

) [55

]
\openout4 = `chap2_slides.vrb'.

 (./chap2_slides.vrb
Overfull \hbox (6.79999pt too wide) in paragraph at lines 10--12
[][][][][][][][][]  
 []

LaTeX Font Info:    Try loading font information for OML+cmss on input line 14.

LaTeX Font Info:    No file OMLcmss.fd. on input line 14.

LaTeX Font Warning: Font shape `OML/cmss/m/n' undefined
(Font)              using `OML/cmm/m/it' instead
(Font)              for symbol `textgreater' on input line 14.

LaTeX Font Info:    Try loading font information for OML+cmtt on input line 23.

LaTeX Font Info:    No file OMLcmtt.fd. on input line 23.

LaTeX Font Warning: Font shape `OML/cmtt/m/n' undefined
(Font)              using `OML/cmm/m/it' instead
(Font)              for symbol `textgreater' on input line 23.


Overfull \hbox (6.79999pt too wide) in paragraph at lines 23--25
[][][][][][][][][]  
 []

) [56

] (./chap2_slides.vrb
Overfull \hbox (6.79999pt too wide) in paragraph at lines 10--12
[][][][][][][][][]  
 []


Overfull \hbox (6.79999pt too wide) in paragraph at lines 23--25
[][][][][][][][][]  
 []

) [57

] (./chap2_slides.vrb
Overfull \hbox (6.79999pt too wide) in paragraph at lines 10--12
[][][][][][][][][]  
 []


Overfull \hbox (6.79999pt too wide) in paragraph at lines 23--25
[][][][][][][][][]  
 []

) [58

] (./chap2_slides.vrb
Overfull \hbox (6.79999pt too wide) in paragraph at lines 10--12
[][][][][][][][][][]  
 []


Overfull \hbox (6.79999pt too wide) in paragraph at lines 23--25
[][][][][][][][][]  
 []

) [59

] (./chap2_slides.vrb
Overfull \hbox (6.79999pt too wide) in paragraph at lines 10--12
[][][][][][][][][][]  
 []


Overfull \hbox (6.79999pt too wide) in paragraph at lines 23--25
[][][][][][][][][]  
 []

) [60

] (./chap2_slides.vrb
Overfull \hbox (6.79999pt too wide) in paragraph at lines 10--12
[][][][][][][][][][]  
 []


Overfull \hbox (6.79999pt too wide) in paragraph at lines 23--25
[][][][][][][][][][]  
 []

) [61

]
\openout4 = `chap2_slides.vrb'.

 (./chap2_slides.vrb
Overfull \hbox (6.79999pt too wide) in paragraph at lines 2--10
[][][][][][][][]  
 []


Overfull \hbox (6.79999pt too wide) in paragraph at lines 18--20
[][][][][][][][][]  
 []

) [62

] (./chap2_slides.vrb
Overfull \hbox (6.79999pt too wide) in paragraph at lines 2--10
[][][][][][][][][]  
 []


Overfull \hbox (6.79999pt too wide) in paragraph at lines 18--20
[][][][][][][][][]  
 []

) [63

] (./chap2_slides.vrb
Overfull \hbox (6.79999pt too wide) in paragraph at lines 2--10
[][][][][][][][][]  
 []


Overfull \hbox (6.79999pt too wide) in paragraph at lines 18--20
[][][][][][][][][]  
 []

) [64

] (./chap2_slides.vrb
Overfull \hbox (6.79999pt too wide) in paragraph at lines 2--10
[][][][][][][][][]  
 []


Overfull \hbox (6.79999pt too wide) in paragraph at lines 18--20
[][][][][][][][][][]  
 []

) [65

] (./chap2_slides.vrb
Overfull \hbox (6.79999pt too wide) in paragraph at lines 2--10
[][][][][][][][][]  
 []


Overfull \hbox (6.79999pt too wide) in paragraph at lines 18--20
[][][][][][][][][][]  
 []

) [66

]
\openout4 = `chap2_slides.vrb'.

 (./chap2_slides.vrb
Overfull \hbox (8.74585pt too wide) in paragraph at lines 3--10
[][] 
 []


Overfull \hbox (6.79999pt too wide) in paragraph at lines 3--10
[][][][][][][][]  
 []


Overfull \hbox (6.79999pt too wide) in paragraph at lines 29--31
[][][][][][][][][]  
 []

) [67

] (./chap2_slides.vrb
Overfull \hbox (8.74585pt too wide) in paragraph at lines 3--10
[][] 
 []


Overfull \hbox (6.79999pt too wide) in paragraph at lines 3--10
[][][][][][][][][]  
 []


Overfull \hbox (6.79999pt too wide) in paragraph at lines 29--31
[][][][][][][][][]  
 []

) [68

] (./chap2_slides.vrb
Overfull \hbox (8.74585pt too wide) in paragraph at lines 3--10
[][] 
 []


Overfull \hbox (6.79999pt too wide) in paragraph at lines 3--10
[][][][][][][][][]  
 []


Overfull \hbox (6.79999pt too wide) in paragraph at lines 29--31
[][][][][][][][][]  
 []

) [69

] (./chap2_slides.vrb
Overfull \hbox (8.74585pt too wide) in paragraph at lines 3--10
[][] 
 []


Overfull \hbox (6.79999pt too wide) in paragraph at lines 3--10
[][][][][][][][][]  
 []


Overfull \hbox (6.79999pt too wide) in paragraph at lines 29--31
[][][][][][][][][][]  
 []

) [70

]
\openout4 = `chap2_slides.vrb'.

 (./chap2_slides.vrb
Overfull \hbox (9.26326pt too wide) in paragraph at lines 3--20
[][] 
 []


Overfull \hbox (6.79999pt too wide) in paragraph at lines 3--20
[][][][][][][][]  
 []


Overfull \hbox (6.79999pt too wide) in paragraph at lines 28--30
[][][][][][][][][]  
 []

)
Overfull \hbox (6.79999pt too wide) in paragraph at lines 32--465
[][][][][][][][][][][][][][][][]  
 []

[71

] (./chap2_slides.vrb
Overfull \hbox (9.26326pt too wide) in paragraph at lines 3--20
[][] 
 []


Overfull \hbox (6.79999pt too wide) in paragraph at lines 3--20
[][][][][][][][][]  
 []


Overfull \hbox (6.79999pt too wide) in paragraph at lines 28--30
[][][][][][][][][]  
 []

)
Overfull \hbox (6.79999pt too wide) in paragraph at lines 32--465
[][][][][][][][][][][][][][][][]  
 []

[72

] (./chap2_slides.vrb
Overfull \hbox (9.26326pt too wide) in paragraph at lines 3--20
[][] 
 []


Overfull \hbox (6.79999pt too wide) in paragraph at lines 3--20
[][][][][][][][][]  
 []


Overfull \hbox (6.79999pt too wide) in paragraph at lines 28--30
[][][][][][][][][]  
 []

)
Overfull \hbox (6.79999pt too wide) in paragraph at lines 32--465
[][][][][][][][][][][][][][][][]  
 []

[73

] (./chap2_slides.vrb
Overfull \hbox (9.26326pt too wide) in paragraph at lines 3--20
[][] 
 []


Overfull \hbox (6.79999pt too wide) in paragraph at lines 3--20
[][][][][][][][][]  
 []


Overfull \hbox (6.79999pt too wide) in paragraph at lines 28--30
[][][][][][][][][][]  
 []

)
Overfull \hbox (6.79999pt too wide) in paragraph at lines 32--465
[][][][][][][][][][][][][][][][]  
 []

[74

] (./chap2_slides.vrb
Overfull \hbox (9.26326pt too wide) in paragraph at lines 3--20
[][] 
 []


Overfull \hbox (6.79999pt too wide) in paragraph at lines 3--20
[][][][][][][][][]  
 []


Overfull \hbox (6.79999pt too wide) in paragraph at lines 28--30
[][][][][][][][][][]  
 []

)
Overfull \hbox (6.79999pt too wide) in paragraph at lines 32--465
[][][][][][][][][][][][][][][][]  
 []

[75

] (./chap2_slides.vrb
Overfull \hbox (9.26326pt too wide) in paragraph at lines 3--20
[][] 
 []


Overfull \hbox (6.79999pt too wide) in paragraph at lines 3--20
[][][][][][][][][]  
 []


Overfull \hbox (6.79999pt too wide) in paragraph at lines 28--30
[][][][][][][][][][]  
 []

)
Overfull \hbox (6.79999pt too wide) in paragraph at lines 32--465
[][][][][][][][][][][][][][][][][]  
 []

[76

]
\openout4 = `chap2_slides.vrb'.

 (./chap2_slides.vrb
Overfull \hbox (6.79999pt too wide) in paragraph at lines 2--15
[][][][][][][][]  
 []

) [77

] (./chap2_slides.vrb
Overfull \hbox (6.79999pt too wide) in paragraph at lines 2--15
[][][][][][][][][]  
 []

) [78

]
\openout4 = `chap2_slides.vrb'.

 (./chap2_slides.vrb
Overfull \hbox (6.79999pt too wide) in paragraph at lines 2--11
[][][][][][][][]  
 []

) [79

] (./chap2_slides.vrb
Overfull \hbox (6.79999pt too wide) in paragraph at lines 2--11
[][][][][][][][][]  
 []

) [80

] (./chap2_slides.vrb
Overfull \hbox (6.79999pt too wide) in paragraph at lines 2--11
[][][][][][][][][]  
 []

) [81

] (./chap2_slides.vrb
Overfull \hbox (6.79999pt too wide) in paragraph at lines 2--11
[][][][][][][][][]  
 []

) [82

] (./chap2_slides.vrb
Overfull \hbox (6.79999pt too wide) in paragraph at lines 2--11
[][][][][][][][][]  
 []

) [83

] (./chap2_slides.vrb
Overfull \hbox (6.79999pt too wide) in paragraph at lines 2--11
[][][][][][][][][]  
 []

) [84

]
\openout4 = `chap2_slides.vrb'.

 (./chap2_slides.vrb
Overfull \hbox (6.79999pt too wide) in paragraph at lines 2--10
[][][][][][][][]  
 []


Overfull \hbox (6.79999pt too wide) in paragraph at lines 12--23
[][][][][][][][]  
 []

) [85

] (./chap2_slides.vrb
Overfull \hbox (6.79999pt too wide) in paragraph at lines 2--10
[][][][][][][][][]  
 []


Overfull \hbox (6.79999pt too wide) in paragraph at lines 12--23
[][][][][][][][]  
 []

) [86

] (./chap2_slides.vrb
Overfull \hbox (6.79999pt too wide) in paragraph at lines 2--10
[][][][][][][][][]  
 []


Overfull \hbox (6.79999pt too wide) in paragraph at lines 12--23
[][][][][][][][]  
 []

) [87

] (./chap2_slides.vrb
Overfull \hbox (6.79999pt too wide) in paragraph at lines 2--10
[][][][][][][][][]  
 []


Overfull \hbox (6.79999pt too wide) in paragraph at lines 12--23
[][][][][][][][][]  
 []

) [88

]
\openout4 = `chap2_slides.vrb'.

 (./chap2_slides.vrb
Overfull \hbox (6.79999pt too wide) in paragraph at lines 2--22
[][][][][][][][]  
 []


Overfull \hbox (6.79999pt too wide) in paragraph at lines 24--32
[][][][][][][][]  
 []

) [89

] (./chap2_slides.vrb
Overfull \hbox (6.79999pt too wide) in paragraph at lines 2--22
[][][][][][][][][]  
 []


Overfull \hbox (6.79999pt too wide) in paragraph at lines 24--32
[][][][][][][][]  
 []

) [90

] (./chap2_slides.vrb
Overfull \hbox (6.79999pt too wide) in paragraph at lines 2--22
[][][][][][][][][]  
 []


Overfull \hbox (6.79999pt too wide) in paragraph at lines 24--32
[][][][][][][][]  
 []

) [91

] (./chap2_slides.vrb
Overfull \hbox (6.79999pt too wide) in paragraph at lines 2--22
[][][][][][][][][]  
 []


Overfull \hbox (6.79999pt too wide) in paragraph at lines 24--32
[][][][][][][][][]  
 []

) [92

]
\openout4 = `chap2_slides.vrb'.

 (./chap2_slides.vrb
Overfull \hbox (6.79999pt too wide) in paragraph at lines 2--13
[][][][][][][][]  
 []


Overfull \hbox (6.79999pt too wide) in paragraph at lines 15--22
[][][][][][][][]  
 []

) [93

] (./chap2_slides.vrb
Overfull \hbox (6.79999pt too wide) in paragraph at lines 2--13
[][][][][][][][][]  
 []


Overfull \hbox (6.79999pt too wide) in paragraph at lines 15--22
[][][][][][][][]  
 []

) [94

] (./chap2_slides.vrb
Overfull \hbox (6.79999pt too wide) in paragraph at lines 2--13
[][][][][][][][][]  
 []


Overfull \hbox (6.79999pt too wide) in paragraph at lines 15--22
[][][][][][][][]  
 []

) [95

] (./chap2_slides.vrb
Overfull \hbox (6.79999pt too wide) in paragraph at lines 2--13
[][][][][][][][][]  
 []


Overfull \hbox (6.79999pt too wide) in paragraph at lines 15--22
[][][][][][][][][]  
 []

) [96

]
\openout4 = `chap2_slides.vrb'.

 (./chap2_slides.vrb) [97

] (./chap2_slides.vrb) [98

] (./chap2_slides.vrb) [99

] (./chap2_slides.vrb) [100

] (./chap2_slides.vrb) [101

] (./chap2_slides.vrb) [102

] (./chap2_slides.vrb) [103

] (./chap2_slides.vrb) [104

]
(./chap2_slides.vrb) [105

]
\openout4 = `chap2_slides.vrb'.

 (./chap2_slides.vrb
Overfull \hbox (6.79999pt too wide) in paragraph at lines 19--21
[][][][][][][][][]  
 []


Overfull \hbox (6.79999pt too wide) in paragraph at lines 25--32
[][][][][][][][]  
 []

) [106

] (./chap2_slides.vrb
Overfull \hbox (6.79999pt too wide) in paragraph at lines 19--21
[][][][][][][][][][]  
 []


Overfull \hbox (6.79999pt too wide) in paragraph at lines 25--32
[][][][][][][][]  
 []

) [107

] (./chap2_slides.vrb
Overfull \hbox (6.79999pt too wide) in paragraph at lines 19--21
[][][][][][][][][][]  
 []


Overfull \hbox (6.79999pt too wide) in paragraph at lines 25--32
[][][][][][][][]  
 []

) [108

] (./chap2_slides.vrb
Overfull \hbox (6.79999pt too wide) in paragraph at lines 19--21
[][][][][][][][][][]  
 []


Overfull \hbox (6.79999pt too wide) in paragraph at lines 25--32
[][][][][][][][][]  
 []

) [109

]
\openout4 = `chap2_slides.vrb'.

 (./chap2_slides.vrb
Overfull \hbox (6.79999pt too wide) in paragraph at lines 12--15
[][][][][][][][][] 
 []


Overfull \hbox (6.79999pt too wide) in paragraph at lines 22--24
[][][][][][][][][]  
 []

) [110

] (./chap2_slides.vrb
Overfull \hbox (6.79999pt too wide) in paragraph at lines 12--15
[][][][][][][][][] 
 []


Overfull \hbox (6.79999pt too wide) in paragraph at lines 22--24
[][][][][][][][][]  
 []

) [111

] (./chap2_slides.vrb
Overfull \hbox (6.79999pt too wide) in paragraph at lines 12--15
[][][][][][][][][][] 
 []


Overfull \hbox (6.79999pt too wide) in paragraph at lines 22--24
[][][][][][][][][]  
 []

) [112

] (./chap2_slides.vrb
Overfull \hbox (6.79999pt too wide) in paragraph at lines 12--15
[][][][][][][][][][] 
 []


Overfull \hbox (6.79999pt too wide) in paragraph at lines 22--24
[][][][][][][][][]  
 []

) [113

] (./chap2_slides.vrb
Overfull \hbox (6.79999pt too wide) in paragraph at lines 12--15
[][][][][][][][][][] 
 []


Overfull \hbox (6.79999pt too wide) in paragraph at lines 22--24
[][][][][][][][][][]  
 []

) [114

] (./chap2_slides.vrb
Overfull \hbox (6.79999pt too wide) in paragraph at lines 12--15
[][][][][][][][][][] 
 []


Overfull \hbox (6.79999pt too wide) in paragraph at lines 22--24
[][][][][][][][][][]  
 []

) [115

]
\openout4 = `chap2_slides.vrb'.

 (./chap2_slides.vrb
Overfull \hbox (6.79999pt too wide) in paragraph at lines 9--11
[][][][][][][][][]  
 []


Overfull \hbox (6.79999pt too wide) in paragraph at lines 19--21
[][][][][][][][][]  
 []

)
Overfull \hbox (6.79999pt too wide) in paragraph at lines 29--735
[][][][][][][][][][][][][][][][][]  
 []

[116

] (./chap2_slides.vrb
Overfull \hbox (6.79999pt too wide) in paragraph at lines 9--11
[][][][][][][][][][]  
 []


Overfull \hbox (6.79999pt too wide) in paragraph at lines 19--21
[][][][][][][][][]  
 []

)
Overfull \hbox (6.79999pt too wide) in paragraph at lines 29--735
[][][][][][][][][][][][][][][][][]  
 []

[117

] (./chap2_slides.vrb
Overfull \hbox (6.79999pt too wide) in paragraph at lines 9--11
[][][][][][][][][][]  
 []


Overfull \hbox (6.79999pt too wide) in paragraph at lines 19--21
[][][][][][][][][]  
 []

)
Overfull \hbox (6.79999pt too wide) in paragraph at lines 29--735
[][][][][][][][][][][][][][][][][]  
 []

[118

] (./chap2_slides.vrb
Overfull \hbox (6.79999pt too wide) in paragraph at lines 9--11
[][][][][][][][][][]  
 []


Overfull \hbox (6.79999pt too wide) in paragraph at lines 19--21
[][][][][][][][][][]  
 []

)
Overfull \hbox (6.79999pt too wide) in paragraph at lines 29--735
[][][][][][][][][][][][][][][][][]  
 []

[119

] (./chap2_slides.vrb
Overfull \hbox (6.79999pt too wide) in paragraph at lines 9--11
[][][][][][][][][][]  
 []


Overfull \hbox (6.79999pt too wide) in paragraph at lines 19--21
[][][][][][][][][][]  
 []

)
Overfull \hbox (6.79999pt too wide) in paragraph at lines 29--735
[][][][][][][][][][][][][][][][][]  
 []

[120

] (./chap2_slides.vrb
Overfull \hbox (6.79999pt too wide) in paragraph at lines 9--11
[][][][][][][][][][]  
 []


Overfull \hbox (6.79999pt too wide) in paragraph at lines 19--21
[][][][][][][][][][]  
 []

)
Overfull \hbox (6.79999pt too wide) in paragraph at lines 29--735
[][][][][][][][][][][][][][][][][][]  
 []

[121

]
\openout4 = `chap2_slides.vrb'.

 (./chap2_slides.vrb
Overfull \hbox (6.79999pt too wide) in paragraph at lines 28--30
[][][][][][][][][]  
 []

) [122

] (./chap2_slides.vrb
Overfull \hbox (6.79999pt too wide) in paragraph at lines 28--30
[][][][][][][][][][]  
 []

) [123

]
\openout4 = `chap2_slides.vrb'.

 (./chap2_slides.vrb
Overfull \hbox (6.79999pt too wide) in paragraph at lines 2--29
[][][][][][][][]  
 []

) [124

] (./chap2_slides.vrb
Overfull \hbox (6.79999pt too wide) in paragraph at lines 2--29
[][][][][][][][][]  
 []

) [125

]
\openout4 = `chap2_slides.vrb'.

 (./chap2_slides.vrb
Overfull \hbox (6.79999pt too wide) in paragraph at lines 2--27
[][][][][][][][]  
 []

) [126

] (./chap2_slides.vrb
Overfull \hbox (6.79999pt too wide) in paragraph at lines 2--27
[][][][][][][][][]  
 []

) [127

]
\openout4 = `chap2_slides.vrb'.

 (./chap2_slides.vrb
Overfull \hbox (6.79999pt too wide) in paragraph at lines 11--13
[][][][][][][][][]  
 []


Overfull \hbox (6.79999pt too wide) in paragraph at lines 23--25
[][][][][][][][][]  
 []

) [128

] (./chap2_slides.vrb
Overfull \hbox (6.79999pt too wide) in paragraph at lines 11--13
[][][][][][][][][]  
 []


Overfull \hbox (6.79999pt too wide) in paragraph at lines 23--25
[][][][][][][][][]  
 []

) [129

] (./chap2_slides.vrb
Overfull \hbox (6.79999pt too wide) in paragraph at lines 11--13
[][][][][][][][][][]  
 []


Overfull \hbox (6.79999pt too wide) in paragraph at lines 23--25
[][][][][][][][][]  
 []

) [130

] (./chap2_slides.vrb
Overfull \hbox (6.79999pt too wide) in paragraph at lines 11--13
[][][][][][][][][][]  
 []


Overfull \hbox (6.79999pt too wide) in paragraph at lines 23--25
[][][][][][][][][][]  
 []

) [131

]
\openout4 = `chap2_slides.vrb'.

 (./chap2_slides.vrb) [132

] (./chap2_slides.vrb) [133

]
(./chap2_slides.vrb) [134

] (./chap2_slides.vrb) [135

] (./chap2_slides.vrb)
[136

] (./chap2_slides.vrb) [137

] (./chap2_slides.vrb) [138

] (./chap2_slides.vrb) [139

] (./chap2_slides.vrb) [140

] (./chap2_slides.vrb) [141

]
\openout4 = `chap2_slides.vrb'.


(./chap2_slides.vrb
Overfull \hbox (6.79999pt too wide) in paragraph at lines 15--17
[][][][][][][][][]  
 []


Overfull \hbox (6.79999pt too wide) in paragraph at lines 29--31
[][][][][][][][][]  
 []

) [142

] (./chap2_slides.vrb
Overfull \hbox (6.79999pt too wide) in paragraph at lines 15--17
[][][][][][][][][][]  
 []


Overfull \hbox (6.79999pt too wide) in paragraph at lines 29--31
[][][][][][][][][]  
 []

) [143

] (./chap2_slides.vrb
Overfull \hbox (6.79999pt too wide) in paragraph at lines 15--17
[][][][][][][][][][]  
 []


Overfull \hbox (6.79999pt too wide) in paragraph at lines 29--31
[][][][][][][][][]  
 []

) [144

] (./chap2_slides.vrb
Overfull \hbox (6.79999pt too wide) in paragraph at lines 15--17
[][][][][][][][][][]  
 []


Overfull \hbox (6.79999pt too wide) in paragraph at lines 29--31
[][][][][][][][][][]  
 []

) [145

]
\openout4 = `chap2_slides.vrb'.

 (./chap2_slides.vrb
Overfull \hbox (6.79999pt too wide) in paragraph at lines 9--11
[][][][][][][][][]  
 []


Overfull \hbox (6.79999pt too wide) in paragraph at lines 19--21
[][][][][][][][][]  
 []

) [146

] (./chap2_slides.vrb
Overfull \hbox (6.79999pt too wide) in paragraph at lines 9--11
[][][][][][][][][][]  
 []


Overfull \hbox (6.79999pt too wide) in paragraph at lines 19--21
[][][][][][][][][]  
 []

) [147

] (./chap2_slides.vrb
Overfull \hbox (6.79999pt too wide) in paragraph at lines 9--11
[][][][][][][][][][]  
 []


Overfull \hbox (6.79999pt too wide) in paragraph at lines 19--21
[][][][][][][][][]  
 []

) [148

] (./chap2_slides.vrb
Overfull \hbox (6.79999pt too wide) in paragraph at lines 9--11
[][][][][][][][][][]  
 []


Overfull \hbox (6.79999pt too wide) in paragraph at lines 19--21
[][][][][][][][][][]  
 []

) [149

] (./chap2_slides.vrb
Overfull \hbox (6.79999pt too wide) in paragraph at lines 9--11
[][][][][][][][][][]  
 []


Overfull \hbox (6.79999pt too wide) in paragraph at lines 19--21
[][][][][][][][][][]  
 []

) [150

] (./chap2_slides.vrb
Overfull \hbox (6.79999pt too wide) in paragraph at lines 9--11
[][][][][][][][][][]  
 []


Overfull \hbox (6.79999pt too wide) in paragraph at lines 19--21
[][][][][][][][][][]  
 []

) [151

] (./chap2_slides.vrb
Overfull \hbox (6.79999pt too wide) in paragraph at lines 9--11
[][][][][][][][][][]  
 []


Overfull \hbox (6.79999pt too wide) in paragraph at lines 19--21
[][][][][][][][][][]  
 []

) [152

] (./chap2_slides.vrb
Overfull \hbox (6.79999pt too wide) in paragraph at lines 9--11
[][][][][][][][][][]  
 []


Overfull \hbox (6.79999pt too wide) in paragraph at lines 19--21
[][][][][][][][][][]  
 []

) [153

] (./chap2_slides.vrb
Overfull \hbox (6.79999pt too wide) in paragraph at lines 9--11
[][][][][][][][][][]  
 []


Overfull \hbox (6.79999pt too wide) in paragraph at lines 19--21
[][][][][][][][][][]  
 []

) [154

]
\openout4 = `chap2_slides.vrb'.

)
Runaway argument?
! File ended while scanning use of \next.
<inserted text> 
                \par 
<*> chap2_slides.tex
                    
I suspect you have forgotten a `}', causing me
to read past where you wanted me to stop.
I'll try to recover; but if the error is serious,
you'd better type `E' or `X' now and fix your file.

! Emergency stop.
<*> chap2_slides.tex
                    
*** (job aborted, no legal \end found)

 
Here is how much of TeX's memory you used:
 22086 strings out of 493633
 404581 string characters out of 3139616
 484620 words of memory out of 3000000
 24315 multiletter control sequences out of 15000+200000
 16678 words of font info for 65 fonts, out of 3000000 for 9000
 831 hyphenation exceptions out of 8191
 49i,17n,60p,647b,653s stack positions out of 5000i,500n,10000p,200000b,50000s
!  ==> Fatal error occurred, no output PDF file produced!
