This is pdfTeX, Version 3.1415926-1.40.10 (TeX Live 2009/Debian) (format=pdflatex 2012.2.11)  19 APR 2012 16:09
entering extended mode
 %&-line parsing enabled.
**chap2.tex
(./chap2.tex
LaTeX2e <2009/09/24>
Babel <v3.8l> and hyphenation patterns for english, usenglishmax, dumylang, noh
yphenation, farsi, arabic, croatian, bulgarian, ukrainian, russian, czech, slov
ak, danish, dutch, finnish, french, basque, ngerman, german, german-x-2009-06-1
9, ngerman-x-2009-06-19, ibycus, monogreek, greek, ancientgreek, hungarian, san
skrit, italian, latin, latvian, lithuanian, mongolian2a, mongolian, bokmal, nyn
orsk, romanian, irish, coptic, serbian, turkish, welsh, esperanto, uppersorbian
, estonian, indonesian, interlingua, icelandic, kurmanji, slovenian, polish, po
rtuguese, spanish, galician, catalan, swedish, ukenglish, pinyin, loaded.
(/usr/share/texmf/tex/latex/beamer/base/beamer.cls
(/usr/share/texmf/tex/latex/beamer/base/beamerbasercs.sty
Package: beamerbasercs 2007/01/28 (rcs-revision 1.4)
)
Document Class: beamer 2007/03/11 cvs version 3.07 A class for typesetting pres
entations (rcs-revision 1.70)
(/usr/share/texmf/tex/latex/beamer/base/beamerbasemodes.sty
Package: beamerbasemodes 2007/01/28 (rcs-revision 1.22)
\beamer@tempbox=\box26
\beamer@tempcount=\count79
\c@beamerpauses=\count80

(/usr/share/texmf/tex/latex/beamer/base/beamerbasedecode.sty
Package: beamerbasedecode 2007/01/28 (rcs-revision 1.20)
\beamer@slideinframe=\count81
\beamer@minimum=\count82
)
\beamer@commentbox=\box27
\beamer@modecount=\count83
)
\headheight=\dimen102
\headdp=\dimen103
\footheight=\dimen104
\sidebarheight=\dimen105
\beamer@tempdim=\dimen106
\beamer@finalheight=\dimen107
\beamer@animht=\dimen108
\beamer@animdp=\dimen109
\beamer@animwd=\dimen110
\beamer@leftmargin=\dimen111
\beamer@rightmargin=\dimen112
\beamer@leftsidebar=\dimen113
\beamer@rightsidebar=\dimen114
\beamer@boxsize=\dimen115
\beamer@vboxoffset=\dimen116
\beamer@descdefault=\dimen117
\beamer@descriptionwidth=\dimen118
\beamer@lastskip=\skip41
\beamer@areabox=\box28
\beamer@animcurrent=\box29
\beamer@animshowbox=\box30
\beamer@sectionbox=\box31
\beamer@logobox=\box32
\beamer@linebox=\box33
\beamer@sectioncount=\count84
\beamer@subsubsectionmax=\count85
\beamer@subsectionmax=\count86
\beamer@sectionmax=\count87
\beamer@totalheads=\count88
\beamer@headcounter=\count89
\beamer@partstartpage=\count90
\beamer@sectionstartpage=\count91
\beamer@subsectionstartpage=\count92
\beamer@animationtempa=\count93
\beamer@animationtempb=\count94
\beamer@xpos=\count95
\beamer@ypos=\count96
\beamer@showpartnumber=\count97
\beamer@currentsubsection=\count98
\beamer@coveringdepth=\count99
\beamer@sectionadjust=\count100
\beamer@tocsectionnumber=\count101

(/usr/share/texmf/tex/latex/beamer/base/beamerbaseoptions.sty
Package: beamerbaseoptions 2007/01/28 (rcs-revision 1.8)

(/usr/share/texmf-texlive/tex/latex/graphics/keyval.sty
Package: keyval 1999/03/16 v1.13 key=value parser (DPC)
\KV@toks@=\toks14
))
(/usr/share/texmf/tex/latex/pgf/basiclayer/pgfcore.sty
(/usr/share/texmf-texlive/tex/latex/graphics/graphicx.sty
Package: graphicx 1999/02/16 v1.0f Enhanced LaTeX Graphics (DPC,SPQR)

(/usr/share/texmf-texlive/tex/latex/graphics/graphics.sty
Package: graphics 2009/02/05 v1.0o Standard LaTeX Graphics (DPC,SPQR)

(/usr/share/texmf-texlive/tex/latex/graphics/trig.sty
Package: trig 1999/03/16 v1.09 sin cos tan (DPC)
)
(/etc/texmf/tex/latex/config/graphics.cfg
File: graphics.cfg 2009/08/28 v1.8 graphics configuration of TeX Live
)
Package graphics Info: Driver file: pdftex.def on input line 91.

(/usr/share/texmf-texlive/tex/latex/pdftex-def/pdftex.def
File: pdftex.def 2010/03/12 v0.04p Graphics/color for pdfTeX
\Gread@gobject=\count102
))
\Gin@req@height=\dimen119
\Gin@req@width=\dimen120
)
(/usr/share/texmf/tex/latex/pgf/systemlayer/pgfsys.sty
(/usr/share/texmf/tex/latex/pgf/utilities/pgfrcs.sty
(/usr/share/texmf/tex/generic/pgf/utilities/pgfutil-common.tex
\pgfutil@everybye=\toks15
)
(/usr/share/texmf/tex/generic/pgf/utilities/pgfutil-latex.def)
(/usr/share/texmf/tex/generic/pgf/utilities/pgfrcs.code.tex
Package: pgfrcs 2008/02/20 v2.00 (rcs-revision 1.21)
))
(/usr/share/texmf/tex/generic/pgf/systemlayer/pgfsys.code.tex
Package: pgfsys 2008/02/07 v2.00 (rcs-revision 1.31)

(/usr/share/texmf/tex/generic/pgf/utilities/pgfkeys.code.tex
\pgfkeys@pathtoks=\toks16
\pgfkeys@temptoks=\toks17
)
\pgf@x=\dimen121
\pgf@y=\dimen122
\pgf@xa=\dimen123
\pgf@ya=\dimen124
\pgf@xb=\dimen125
\pgf@yb=\dimen126
\pgf@xc=\dimen127
\pgf@yc=\dimen128
\c@pgf@counta=\count103
\c@pgf@countb=\count104
\c@pgf@countc=\count105
\c@pgf@countd=\count106

(/usr/share/texmf/tex/generic/pgf/systemlayer/pgf.cfg
File: pgf.cfg 2008/01/13  (rcs-revision 1.6)
)
Package pgfsys Info: Driver file for pgf: pgfsys-pdftex.def on input line 885.

(/usr/share/texmf/tex/generic/pgf/systemlayer/pgfsys-pdftex.def
File: pgfsys-pdftex.def 2007/12/20  (rcs-revision 1.20)

(/usr/share/texmf/tex/generic/pgf/systemlayer/pgfsys-common-pdf.def
File: pgfsys-common-pdf.def 2007/12/17  (rcs-revision 1.8)
)))
(/usr/share/texmf/tex/generic/pgf/systemlayer/pgfsyssoftpath.code.tex
File: pgfsyssoftpath.code.tex 2008/01/23  (rcs-revision 1.6)
\pgfsyssoftpath@smallbuffer@items=\count107
\pgfsyssoftpath@bigbuffer@items=\count108
)
(/usr/share/texmf/tex/generic/pgf/systemlayer/pgfsysprotocol.code.tex
File: pgfsysprotocol.code.tex 2006/10/16  (rcs-revision 1.4)
))
(/usr/share/texmf/tex/latex/xcolor/xcolor.sty
Package: xcolor 2007/01/21 v2.11 LaTeX color extensions (UK)

(/etc/texmf/tex/latex/config/color.cfg
File: color.cfg 2007/01/18 v1.5 color configuration of teTeX/TeXLive
)
Package xcolor Info: Driver file: pdftex.def on input line 225.
Package xcolor Info: Model `cmy' substituted by `cmy0' on input line 1337.
Package xcolor Info: Model `hsb' substituted by `rgb' on input line 1341.
Package xcolor Info: Model `RGB' extended on input line 1353.
Package xcolor Info: Model `HTML' substituted by `rgb' on input line 1355.
Package xcolor Info: Model `Hsb' substituted by `hsb' on input line 1356.
Package xcolor Info: Model `tHsb' substituted by `hsb' on input line 1357.
Package xcolor Info: Model `HSB' substituted by `hsb' on input line 1358.
Package xcolor Info: Model `Gray' substituted by `gray' on input line 1359.
Package xcolor Info: Model `wave' substituted by `hsb' on input line 1360.

(/usr/share/texmf-texlive/tex/latex/graphics/dvipsnam.def
File: dvipsnam.def 1999/02/16 v3.0i Driver-dependant file (DPC,SPQR)
))
(/usr/share/texmf/tex/generic/pgf/basiclayer/pgfcore.code.tex
Package: pgfcore 2008/01/15 v2.00 (rcs-revision 1.6)

(/usr/share/texmf/tex/generic/pgf/math/pgfmath.code.tex
(/usr/share/texmf/tex/generic/pgf/math/pgfmathcalc.code.tex
(/usr/share/texmf/tex/generic/pgf/math/pgfmathutil.code.tex
\pgfmath@box=\box34
)
(/usr/share/texmf/tex/generic/pgf/math/pgfmathparser.code.tex
\pgfmath@stack=\toks18
\c@pgfmath@parsecounta=\count109
\c@pgfmath@parsecountb=\count110
\c@pgfmath@parsecountc=\count111
\pgfmath@parsex=\dimen129
)
(/usr/share/texmf/tex/generic/pgf/math/pgfmathoperations.code.tex
(/usr/share/texmf/tex/generic/pgf/math/pgfmathtrig.code.tex)
(/usr/share/texmf/tex/generic/pgf/math/pgfmathrnd.code.tex))
(/usr/share/texmf/tex/generic/pgf/math/pgfmathbase.code.tex)))
(/usr/share/texmf/tex/generic/pgf/basiclayer/pgfcorepoints.code.tex
File: pgfcorepoints.code.tex 2008/02/03  (rcs-revision 1.13)
\pgf@picminx=\dimen130
\pgf@picmaxx=\dimen131
\pgf@picminy=\dimen132
\pgf@picmaxy=\dimen133
\pgf@pathminx=\dimen134
\pgf@pathmaxx=\dimen135
\pgf@pathminy=\dimen136
\pgf@pathmaxy=\dimen137
\pgf@xx=\dimen138
\pgf@xy=\dimen139
\pgf@yx=\dimen140
\pgf@yy=\dimen141
\pgf@zx=\dimen142
\pgf@zy=\dimen143
)
(/usr/share/texmf/tex/generic/pgf/basiclayer/pgfcorepathconstruct.code.tex
File: pgfcorepathconstruct.code.tex 2008/02/13  (rcs-revision 1.14)
\pgf@path@lastx=\dimen144
\pgf@path@lasty=\dimen145
)
(/usr/share/texmf/tex/generic/pgf/basiclayer/pgfcorepathusage.code.tex
File: pgfcorepathusage.code.tex 2008/01/23  (rcs-revision 1.11)
\pgf@shorten@end@additional=\dimen146
\pgf@shorten@start@additional=\dimen147
)
(/usr/share/texmf/tex/generic/pgf/basiclayer/pgfcorescopes.code.tex
File: pgfcorescopes.code.tex 2008/01/15  (rcs-revision 1.26)
\pgfpic=\box35
\pgf@hbox=\box36
\pgf@layerbox@main=\box37
\pgf@picture@serial@count=\count112
)
(/usr/share/texmf/tex/generic/pgf/basiclayer/pgfcoregraphicstate.code.tex
File: pgfcoregraphicstate.code.tex 2007/12/12  (rcs-revision 1.8)
\pgflinewidth=\dimen148
)
(/usr/share/texmf/tex/generic/pgf/basiclayer/pgfcoretransformations.code.tex
File: pgfcoretransformations.code.tex 2008/02/04  (rcs-revision 1.10)
\pgf@pt@x=\dimen149
\pgf@pt@y=\dimen150
\pgf@pt@temp=\dimen151
)
(/usr/share/texmf/tex/generic/pgf/basiclayer/pgfcorequick.code.tex
File: pgfcorequick.code.tex 2006/10/11  (rcs-revision 1.2)
)
(/usr/share/texmf/tex/generic/pgf/basiclayer/pgfcoreobjects.code.tex
File: pgfcoreobjects.code.tex 2006/10/11  (rcs-revision 1.2)
)
(/usr/share/texmf/tex/generic/pgf/basiclayer/pgfcorepathprocessing.code.tex
File: pgfcorepathprocessing.code.tex 2008/01/23  (rcs-revision 1.7)
)
(/usr/share/texmf/tex/generic/pgf/basiclayer/pgfcorearrows.code.tex
File: pgfcorearrows.code.tex 2007/06/07  (rcs-revision 1.8)
)
(/usr/share/texmf/tex/generic/pgf/basiclayer/pgfcoreshade.code.tex
File: pgfcoreshade.code.tex 2007/12/10  (rcs-revision 1.9)
\pgf@max=\dimen152
\pgf@sys@shading@range@num=\count113
)
(/usr/share/texmf/tex/generic/pgf/basiclayer/pgfcoreimage.code.tex
File: pgfcoreimage.code.tex 2008/01/15  (rcs-revision 1.1)
\pgfexternal@startupbox=\box38
)
(/usr/share/texmf/tex/generic/pgf/basiclayer/pgfcorelayers.code.tex
File: pgfcorelayers.code.tex 2008/01/15  (rcs-revision 1.1)
)
(/usr/share/texmf/tex/generic/pgf/basiclayer/pgfcoretransparency.code.tex
File: pgfcoretransparency.code.tex 2008/01/17  (rcs-revision 1.2)
)
(/usr/share/texmf/tex/generic/pgf/basiclayer/pgfcorepatterns.code.tex
File: pgfcorepatterns.code.tex 2008/01/15  (rcs-revision 1.1)
)))
(/usr/share/texmf/tex/latex/pgf/basiclayer/pgfbaseimage.sty

Package pgf Warning: This package is obsolete and no longer needed on input lin
e 13.

) (/usr/share/texmf/tex/latex/pgf/utilities/xxcolor.sty
Package: xxcolor 2003/10/24 ver 0.1
\XC@nummixins=\count114
\XC@countmixins=\count115
)
(/usr/share/texmf-texlive/tex/latex/amsfonts/amssymb.sty
Package: amssymb 2009/06/22 v3.00

(/usr/share/texmf-texlive/tex/latex/amsfonts/amsfonts.sty
Package: amsfonts 2009/06/22 v3.00 Basic AMSFonts support
\@emptytoks=\toks19
\symAMSa=\mathgroup4
\symAMSb=\mathgroup5
LaTeX Font Info:    Overwriting math alphabet `\mathfrak' in version `bold'
(Font)                  U/euf/m/n --> U/euf/b/n on input line 96.
))
(/usr/share/texmf-texlive/tex/latex/geometry/geometry.sty
Package: geometry 2008/12/21 v4.2 Page Geometry

(/usr/share/texmf-texlive/tex/generic/oberdiek/ifpdf.sty
Package: ifpdf 2009/04/10 v2.0 Provides the ifpdf switch (HO)
Package ifpdf Info: pdfTeX in pdf mode detected.
)
(/usr/share/texmf-texlive/tex/generic/oberdiek/ifvtex.sty
Package: ifvtex 2008/11/04 v1.4 Switches for detecting VTeX and its modes (HO)
Package ifvtex Info: VTeX not detected.
)
\Gm@cnth=\count116
\Gm@cntv=\count117
\c@Gm@tempcnt=\count118
\Gm@bindingoffset=\dimen153
\Gm@wd@mp=\dimen154
\Gm@odd@mp=\dimen155
\Gm@even@mp=\dimen156
\Gm@dimlist=\toks20

(/usr/share/texmf-texlive/tex/xelatex/xetexconfig/geometry.cfg))
(/usr/share/texmf-texlive/tex/latex/hyperref/hyperref.sty
Package: hyperref 2009/10/09 v6.79a Hypertext links for LaTeX

(/usr/share/texmf-texlive/tex/generic/ifxetex/ifxetex.sty
Package: ifxetex 2009/01/23 v0.5 Provides ifxetex conditional
)
(/usr/share/texmf-texlive/tex/latex/oberdiek/hycolor.sty
Package: hycolor 2009/10/02 v1.5 Code for color options of hyperref/bookmark (H
O)

(/usr/share/texmf-texlive/tex/latex/oberdiek/xcolor-patch.sty
Package: xcolor-patch 2009/10/02 xcolor patch
))
\@linkdim=\dimen157
\Hy@linkcounter=\count119
\Hy@pagecounter=\count120

(/usr/share/texmf-texlive/tex/latex/hyperref/pd1enc.def
File: pd1enc.def 2009/10/09 v6.79a Hyperref: PDFDocEncoding definition (HO)
)
(/usr/share/texmf-texlive/tex/generic/oberdiek/etexcmds.sty
Package: etexcmds 2007/12/12 v1.2 Prefix for e-TeX command names (HO)

(/usr/share/texmf-texlive/tex/generic/oberdiek/infwarerr.sty
Package: infwarerr 2007/09/09 v1.2 Providing info/warning/message (HO)
)
Package etexcmds Info: Could not find \expanded.
(etexcmds)             That can mean that you are not using pdfTeX 1.50 or
(etexcmds)             that some package has redefined \expanded.
(etexcmds)             In the latter case, load this package earlier.
)
(/usr/share/texmf-texlive/tex/latex/latexconfig/hyperref.cfg
File: hyperref.cfg 2002/06/06 v1.2 hyperref configuration of TeXLive
)
(/usr/share/texmf-texlive/tex/latex/oberdiek/kvoptions.sty
Package: kvoptions 2009/08/13 v3.4 Keyval support for LaTeX options (HO)

(/usr/share/texmf-texlive/tex/generic/oberdiek/kvsetkeys.sty
Package: kvsetkeys 2009/07/30 v1.5 Key value parser with default handler suppor
t (HO)
))
Package hyperref Info: Option `bookmarks' set `true' on input line 2864.
Package hyperref Info: Option `bookmarksopen' set `true' on input line 2864.
Package hyperref Info: Option `implicit' set `false' on input line 2864.
Package hyperref Info: Hyper figures OFF on input line 2975.
Package hyperref Info: Link nesting OFF on input line 2980.
Package hyperref Info: Hyper index ON on input line 2983.
Package hyperref Info: Plain pages OFF on input line 2990.
Package hyperref Info: Backreferencing OFF on input line 2995.

Implicit mode OFF; no redefinition of LaTeX internals
Package hyperref Info: Bookmarks ON on input line 3191.
(/usr/share/texmf-texlive/tex/latex/ltxmisc/url.sty
\Urlmuskip=\muskip10
Package: url 2006/04/12  ver 3.3  Verb mode for urls, etc.
)
LaTeX Info: Redefining \url on input line 3428.

(/usr/share/texmf-texlive/tex/generic/oberdiek/bitset.sty
Package: bitset 2007/09/28 v1.0 Data type bit set (HO)

(/usr/share/texmf-texlive/tex/generic/oberdiek/intcalc.sty
Package: intcalc 2007/09/27 v1.1 Expandable integer calculations (HO)
)
(/usr/share/texmf-texlive/tex/generic/oberdiek/bigintcalc.sty
Package: bigintcalc 2007/11/11 v1.1 Expandable big integer calculations (HO)

(/usr/share/texmf-texlive/tex/generic/oberdiek/pdftexcmds.sty
Package: pdftexcmds 2009/09/23 v0.6 LuaTeX support for pdfTeX utility functions
 (HO)

(/usr/share/texmf-texlive/tex/generic/oberdiek/ifluatex.sty
Package: ifluatex 2009/04/17 v1.2 Provides the ifluatex switch (HO)
Package ifluatex Info: LuaTeX not detected.
)
(/usr/share/texmf-texlive/tex/generic/oberdiek/ltxcmds.sty
Package: ltxcmds 2009/08/05 v1.0 Some LaTeX kernel commands for general use (HO
)
)
Package pdftexcmds Info: LuaTeX not detected.
Package pdftexcmds Info: \pdf@primitive is available.
Package pdftexcmds Info: \pdf@ifprimitive is available.
)))
\Fld@menulength=\count121
\Field@Width=\dimen158
\Fld@charsize=\dimen159
\Field@toks=\toks21
Package hyperref Info: Hyper figures OFF on input line 4377.
Package hyperref Info: Link nesting OFF on input line 4382.
Package hyperref Info: Hyper index ON on input line 4385.
Package hyperref Info: backreferencing OFF on input line 4392.
Package hyperref Info: Link coloring OFF on input line 4397.
Package hyperref Info: Link coloring with OCG OFF on input line 4402.
Package hyperref Info: PDF/A mode OFF on input line 4407.

(/usr/share/texmf-texlive/tex/generic/oberdiek/atbegshi.sty
Package: atbegshi 2008/07/31 v1.9 At begin shipout hook (HO)
)

Package hyperref Warning: Option `pdfpagelabels' is turned off
(hyperref)                because \thepage is undefined.

Hyperref stopped early
)
*hyperref using default driver hpdftex*
(/usr/share/texmf-texlive/tex/latex/hyperref/hpdftex.def
File: hpdftex.def 2009/10/09 v6.79a Hyperref driver for pdfTeX
\Fld@listcount=\count122
)
(/usr/share/texmf-texlive/tex/latex/base/size11.clo
File: size11.clo 2007/10/19 v1.4h Standard LaTeX file (size option)
)
(/usr/share/texmf/tex/latex/beamer/base/beamerbasecompatibility.sty
Package: beamerbasecompatibility 2007/01/28  (rcs-revision 1.63)
)
(/usr/share/texmf/tex/latex/beamer/base/beamerbasefont.sty
Package: beamerbasefont 2007/01/28  (rcs-revision 1.16)
)
(/usr/share/texmf/tex/latex/beamer/base/beamerbasemisc.sty
Package: beamerbasemisc 2007/01/28  (rcs-revision 1.24)
)
(/usr/share/texmf/tex/latex/beamer/base/beamerbasetwoscreens.sty
Package: beamerbasetwoscreens 2007/01/28  (rcs-revision 1.7)
)
(/usr/share/texmf/tex/latex/beamer/base/beamerbaseoverlay.sty
Package: beamerbaseoverlay 2007/01/28  (rcs-revision 1.50)
\beamer@argscount=\count123
\beamer@lastskipcover=\skip42
\beamer@trivlistdepth=\count124
)
(/usr/share/texmf/tex/latex/beamer/base/beamerbasetitle.sty
Package: beamerbasetitle 2007/01/28  (rcs-revision 1.25)
)
(/usr/share/texmf/tex/latex/beamer/base/beamerbasesection.sty
Package: beamerbasesection 2007/01/28  (rcs-revision 1.21)
\c@lecture=\count125
\c@part=\count126
\c@section=\count127
\c@subsection=\count128
\c@subsubsection=\count129
)
(/usr/share/texmf/tex/latex/beamer/base/beamerbaseframe.sty
Package: beamerbaseframe 2007/01/28  (rcs-revision 1.60)
\beamer@framebox=\box39
\beamer@frametitlebox=\box40
\beamer@zoombox=\box41
\beamer@zoomcount=\count130
\beamer@zoomframecount=\count131
\beamer@frametextheight=\dimen160
\c@subsectionslide=\count132
\beamer@frametopskip=\skip43
\beamer@framebottomskip=\skip44
\beamer@frametopskipautobreak=\skip45
\beamer@framebottomskipautobreak=\skip46
\beamer@envbody=\toks22
\c@framenumber=\count133
)
(/usr/share/texmf/tex/latex/beamer/base/beamerbaseverbatim.sty
Package: beamerbaseverbatim 2007/01/28  (rcs-revision 1.8)
\beamer@verbatimfileout=\write3
)
(/usr/share/texmf/tex/latex/beamer/base/beamerbaseframesize.sty
Package: beamerbaseframesize 2007/01/28  (rcs-revision 1.18)
\beamer@splitbox=\box42
\beamer@autobreakcount=\count134
\beamer@autobreaklastheight=\dimen161
\beamer@frametitletoks=\toks23
\beamer@framesubtitletoks=\toks24
)
(/usr/share/texmf/tex/latex/beamer/base/beamerbaseframecomponents.sty
Package: beamerbaseframecomponents 2007/01/28  (rcs-revision 1.41)
\beamer@footins=\box43
)
(/usr/share/texmf/tex/latex/beamer/base/beamerbasecolor.sty
Package: beamerbasecolor 2007/01/28  (rcs-revision 1.42)
)
(/usr/share/texmf/tex/latex/beamer/base/beamerbasenotes.sty
Package: beamerbasenotes 2007/01/28  (rcs-revision 1.23)
\beamer@frameboxcopy=\box44
)
(/usr/share/texmf/tex/latex/beamer/base/beamerbasetoc.sty
Package: beamerbasetoc 2007/01/28  (rcs-revision 1.21)
)
(/usr/share/texmf/tex/latex/beamer/base/beamerbasetemplates.sty
Package: beamerbasetemplates 2007/01/28  (rcs-revision 1.51)
\beamer@sbttoks=\toks25

(/usr/share/texmf/tex/latex/beamer/base/beamerbaseauxtemplates.sty
Package: beamerbaseauxtemplates 2007/01/28  (rcs-revision 1.28)

(/usr/share/texmf/tex/latex/beamer/base/beamerbaseboxes.sty
Package: beamerbaseboxes 2007/03/11  (rcs-revision 1.32)
\bmb@box=\box45
\bmb@colorbox=\box46
\bmb@boxshadow=\box47
\bmb@boxshadowball=\box48
\bmb@boxshadowballlarge=\box49
\bmb@temp=\dimen162
\bmb@dima=\dimen163
\bmb@dimb=\dimen164
\bmb@prevheight=\dimen165
)
\beamer@blockheadheight=\dimen166
))
(/usr/share/texmf/tex/latex/beamer/base/beamerbaselocalstructure.sty
Package: beamerbaselocalstructure 2007/01/28  (rcs-revision 1.53)

(/usr/share/texmf-texlive/tex/latex/tools/enumerate.sty
Package: enumerate 1999/03/05 v3.00 enumerate extensions (DPC)
\@enLab=\toks26
)
\c@figure=\count135
\c@table=\count136
\abovecaptionskip=\skip47
\belowcaptionskip=\skip48
)
(/usr/share/texmf/tex/latex/beamer/base/beamerbasenavigation.sty
Package: beamerbasenavigation 2007/01/28  (rcs-revision 1.36)
)
(/usr/share/texmf/tex/latex/beamer/base/beamerbasetheorems.sty
Package: beamerbasetheorems 2007/01/28  (rcs-revision 1.10)

(/usr/share/texmf-texlive/tex/latex/translator/translator.sty
Package: translator 2007/03/11 ver 1.00

(/usr/share/texmf-texlive/tex/latex/translator/translator-language-mappings.tex
)) (/usr/share/texmf-texlive/tex/latex/amsmath/amsmath.sty
Package: amsmath 2000/07/18 v2.13 AMS math features
\@mathmargin=\skip49

For additional information on amsmath, use the `?' option.
(/usr/share/texmf-texlive/tex/latex/amsmath/amstext.sty
Package: amstext 2000/06/29 v2.01

(/usr/share/texmf-texlive/tex/latex/amsmath/amsgen.sty
File: amsgen.sty 1999/11/30 v2.0
\@emptytoks=\toks27
\ex@=\dimen167
))
(/usr/share/texmf-texlive/tex/latex/amsmath/amsbsy.sty
Package: amsbsy 1999/11/29 v1.2d
\pmbraise@=\dimen168
)
(/usr/share/texmf-texlive/tex/latex/amsmath/amsopn.sty
Package: amsopn 1999/12/14 v2.01 operator names
)
\inf@bad=\count137
LaTeX Info: Redefining \frac on input line 211.
\uproot@=\count138
\leftroot@=\count139
LaTeX Info: Redefining \overline on input line 307.
\classnum@=\count140
\DOTSCASE@=\count141
LaTeX Info: Redefining \ldots on input line 379.
LaTeX Info: Redefining \dots on input line 382.
LaTeX Info: Redefining \cdots on input line 467.
\Mathstrutbox@=\box50
\strutbox@=\box51
\big@size=\dimen169
LaTeX Font Info:    Redeclaring font encoding OML on input line 567.
LaTeX Font Info:    Redeclaring font encoding OMS on input line 568.
\macc@depth=\count142
\c@MaxMatrixCols=\count143
\dotsspace@=\muskip11
\c@parentequation=\count144
\dspbrk@lvl=\count145
\tag@help=\toks28
\row@=\count146
\column@=\count147
\maxfields@=\count148
\andhelp@=\toks29
\eqnshift@=\dimen170
\alignsep@=\dimen171
\tagshift@=\dimen172
\tagwidth@=\dimen173
\totwidth@=\dimen174
\lineht@=\dimen175
\@envbody=\toks30
\multlinegap=\skip50
\multlinetaggap=\skip51
\mathdisplay@stack=\toks31
LaTeX Info: Redefining \[ on input line 2666.
LaTeX Info: Redefining \] on input line 2667.
)
(/usr/share/texmf-texlive/tex/latex/amscls/amsthm.sty
Package: amsthm 2004/08/06 v2.20
\thm@style=\toks32
\thm@bodyfont=\toks33
\thm@headfont=\toks34
\thm@notefont=\toks35
\thm@headpunct=\toks36
\thm@preskip=\skip52
\thm@postskip=\skip53
\thm@headsep=\skip54
\dth@everypar=\toks37
)
\c@theorem=\count149
)
(/usr/share/texmf/tex/latex/beamer/base/beamerbasethemes.sty
Package: beamerbasethemes 2007/01/28  (rcs-revision 1.10)
)
(/usr/share/texmf/tex/latex/beamer/themes/theme/beamerthemedefault.sty
Package: beamerthemedefault 2007/01/28  (rcs-revision 1.7)

(/usr/share/texmf/tex/latex/beamer/themes/font/beamerfontthemedefault.sty
Package: beamerfontthemedefault 2007/01/28  (rcs-revision 1.13)
)
(/usr/share/texmf/tex/latex/beamer/themes/color/beamercolorthemedefault.sty
Package: beamercolorthemedefault 2007/01/28  (rcs-revision 1.28)
)
(/usr/share/texmf/tex/latex/beamer/themes/inner/beamerinnerthemedefault.sty
Package: beamerinnerthemedefault 2007/01/28  (rcs-revision 1.20)
\beamer@dima=\dimen176
\beamer@dimb=\dimen177
)
(/usr/share/texmf/tex/latex/beamer/themes/outer/beamerouterthemedefault.sty
Package: beamerouterthemedefault 2007/01/28  (rcs-revision 1.14)
)))
(/usr/share/texmf/tex/latex/beamer/themes/theme/beamerthemeRochester.sty
Package: beamerthemeRochester 2007/01/28  (rcs-revision 1.8)

(/usr/share/texmf/tex/latex/beamer/themes/outer/beamerouterthemesidebar.sty
Package: beamerouterthemesidebar 2007/01/28  (rcs-revision 1.9)
\beamer@sidebarwidth=\dimen178
\beamer@headheight=\dimen179
)
(/usr/share/texmf/tex/latex/beamer/themes/inner/beamerinnerthemerectangles.sty
Package: beamerinnerthemerectangles 2007/01/28  (rcs-revision 1.4)
) (/usr/share/texmf/tex/latex/beamer/themes/color/beamercolorthemewhale.sty
Package: beamercolorthemewhale 2007/01/28  (rcs-revision 1.4)
)
(/usr/share/texmf/tex/latex/beamer/themes/color/beamercolorthemeorchid.sty
Package: beamercolorthemeorchid 2007/01/28  (rcs-revision 1.3)
))
(/usr/share/texmf/tex/latex/beamer/themes/color/beamercolorthemestructure.sty
Package: beamercolorthemestructure 2007/01/28  (rcs-revision 1.4)
)
(/usr/share/texmf/tex/latex/beamer/themes/font/beamerfontthemestructurebold.sty
Package: beamerfontthemestructurebold 2007/01/28  (rcs-revision 1.3)
) (/usr/share/texmf/tex/latex/beamer/themes/outer/beamerouterthemeinfolines.sty
Package: beamerouterthemeinfolines 2007/01/28  (rcs-revision 1.9)
) (./../pygments.tex (/usr/share/texmf-texlive/tex/latex/fancyvrb/fancyvrb.sty
Package: fancyvrb 2008/02/07

Style option: `fancyvrb' v2.7a, with DG/SPQR fixes, and firstline=lastline fix 
<2008/02/07> (tvz)
\FV@CodeLineNo=\count150
\FV@InFile=\read1
\FV@TabBox=\box52
\c@FancyVerbLine=\count151
\FV@StepNumber=\count152
\FV@OutFile=\write4
)) (/usr/share/texmf-texlive/tex/latex/ltxmisc/ulem.sty
\UL@box=\box53
\UL@hyphenbox=\box54
\UL@skip=\skip55
\UL@hook=\toks38
\UL@pe=\count153
\UL@pixel=\dimen180
\ULC@box=\box55
Package: ulem 2000/05/26
\ULdepth=\dimen181
)
(/usr/share/texmf/tex/latex/pgf/frontendlayer/tikz.sty
(/usr/share/texmf/tex/latex/pgf/basiclayer/pgf.sty
Package: pgf 2008/01/15 v2.00 (rcs-revision 1.12)

(/usr/share/texmf/tex/generic/pgf/modules/pgfmoduleshapes.code.tex
File: pgfmoduleshapes.code.tex 2008/02/13  (rcs-revision 1.4)
\pgfnodeparttextbox=\box56
\toks@savedmacro=\toks39
)
(/usr/share/texmf/tex/generic/pgf/modules/pgfmoduleplot.code.tex
File: pgfmoduleplot.code.tex 2008/01/15  (rcs-revision 1.1)
\pgf@plotwrite=\write5
)
(/usr/share/texmf/tex/latex/pgf/compatibility/pgfcomp-version-0-65.sty
Package: pgfcomp-version-0-65 2007/07/03 v2.00 (rcs-revision 1.7)
\pgf@nodesepstart=\dimen182
\pgf@nodesepend=\dimen183
)
(/usr/share/texmf/tex/latex/pgf/compatibility/pgfcomp-version-1-18.sty
Package: pgfcomp-version-1-18 2007/07/23 v2.00 (rcs-revision 1.1)
))
(/usr/share/texmf/tex/latex/pgf/utilities/pgffor.sty
(/usr/share/texmf/tex/generic/pgf/utilities/pgffor.code.tex
Package: pgffor 2007/11/07 v2.00 (rcs-revision 1.8)
\pgffor@iter=\dimen184
\pgffor@skip=\dimen185
))
(/usr/share/texmf/tex/generic/pgf/frontendlayer/tikz/tikz.code.tex
Package: tikz 2008/02/13 v2.00 (rcs-revision 1.27)

(/usr/share/texmf/tex/generic/pgf/libraries/pgflibraryplothandlers.code.tex
File: pgflibraryplothandlers.code.tex 2007/03/09 v2.00 (rcs-revision 1.9)
\pgf@plot@mark@count=\count154
\pgfplotmarksize=\dimen186
)
\tikz@lastx=\dimen187
\tikz@lasty=\dimen188
\tikz@lastxsaved=\dimen189
\tikz@lastysaved=\dimen190
\tikzleveldistance=\dimen191
\tikzsiblingdistance=\dimen192
\tikz@figbox=\box57
\tikz@tempbox=\box58
\tikztreelevel=\count155
\tikznumberofchildren=\count156
\tikznumberofcurrentchild=\count157
\tikz@fig@count=\count158

(/usr/share/texmf/tex/generic/pgf/modules/pgfmodulematrix.code.tex
File: pgfmodulematrix.code.tex 2008/01/15  (rcs-revision 1.1)
\pgfmatrixcurrentrow=\count159
\pgfmatrixcurrentcolumn=\count160
\pgf@matrix@numberofcolumns=\count161
)
\tikz@expandcount=\count162

(/usr/share/texmf/tex/generic/pgf/frontendlayer/tikz/libraries/tikzlibrarytopat
hs.code.tex
File: tikzlibrarytopaths.code.tex 2008/01/09 v2.00 (rcs-revision 1.1)
)))
(/usr/share/texmf/tex/generic/pgf/frontendlayer/tikz/libraries/tikzlibraryarrow
s.code.tex
File: tikzlibraryarrows.code.tex 2008/01/09 v2.00 (rcs-revision 1.1)

(/usr/share/texmf/tex/generic/pgf/libraries/pgflibraryarrows.code.tex
File: pgflibraryarrows.code.tex 2007/06/07 v2.00 (rcs-revision 1.7)
))
(./chap2.aux)
\openout1 = `chap2.aux'.

LaTeX Font Info:    Checking defaults for OML/cmm/m/it on input line 95.
LaTeX Font Info:    ... okay on input line 95.
LaTeX Font Info:    Checking defaults for T1/cmr/m/n on input line 95.
LaTeX Font Info:    ... okay on input line 95.
LaTeX Font Info:    Checking defaults for OT1/cmr/m/n on input line 95.
LaTeX Font Info:    ... okay on input line 95.
LaTeX Font Info:    Checking defaults for OMS/cmsy/m/n on input line 95.
LaTeX Font Info:    ... okay on input line 95.
LaTeX Font Info:    Checking defaults for OMX/cmex/m/n on input line 95.
LaTeX Font Info:    ... okay on input line 95.
LaTeX Font Info:    Checking defaults for U/cmr/m/n on input line 95.
LaTeX Font Info:    ... okay on input line 95.
LaTeX Font Info:    Checking defaults for PD1/pdf/m/n on input line 95.
LaTeX Font Info:    ... okay on input line 95.
 (/usr/share/texmf/tex/context/base/supp-pdf.mkii
[Loading MPS to PDF converter (version 2006.09.02).]
\scratchcounter=\count163
\scratchdimen=\dimen193
\scratchbox=\box59
\nofMPsegments=\count164
\nofMParguments=\count165
\everyMPshowfont=\toks40
\MPscratchCnt=\count166
\MPscratchDim=\dimen194
\MPnumerator=\count167
\everyMPtoPDFconversion=\toks41
)
*geometry auto-detecting driver*
*geometry detected driver: pdftex*
-------------------- Geometry parameters
paper: user defined
landscape: --
twocolumn: --
twoside: --
asymmetric: --
h-parts: 14.09984pt, 335.99568pt, 14.09984pt
v-parts: 0.0pt, 273.14662pt, 0.0pt
hmarginratio: --
vmarginratio: --
lines: --
heightrounded: --
bindingoffset: 0.0pt
truedimen: --
includehead: true
includefoot: true
includemp: --
driver: pdftex
-------------------- Page layout dimensions and switches
\paperwidth  364.19536pt
\paperheight 273.14662pt
\textwidth  335.99568pt
\textheight 244.6939pt
\oddsidemargin  -58.17015pt
\evensidemargin -58.17015pt
\topmargin  -72.26999pt
\headheight 14.22636pt
\headsep    0.0pt
\footskip   14.22636pt
\marginparwidth 4.0pt
\marginparsep   10.0pt
\columnsep  10.0pt
\skip\footins  10.0pt plus 4.0pt minus 2.0pt
\hoffset 0.0pt
\voffset 0.0pt
\mag 1000

(1in=72.27pt, 1cm=28.45pt)
-----------------------
Package hyperref Info: Link coloring OFF on input line 95.
(/usr/share/texmf-texlive/tex/latex/hyperref/nameref.sty
Package: nameref 2007/05/29 v2.31 Cross-referencing by name of section

(/usr/share/texmf-texlive/tex/latex/oberdiek/refcount.sty
Package: refcount 2008/08/11 v3.1 Data extraction from references (HO)
)
\c@section@level=\count168
)
LaTeX Info: Redefining \ref on input line 95.
LaTeX Info: Redefining \pageref on input line 95.
 (./chap2.out)
(./chap2.out)
\@outlinefile=\write6
\openout6 = `chap2.out'.

\AtBeginShipoutBox=\box60
LaTeX Font Info:    Overwriting symbol font `operators' in version `normal'
(Font)                  OT1/cmr/m/n --> OT1/cmss/m/n on input line 95.
LaTeX Font Info:    Overwriting symbol font `operators' in version `bold'
(Font)                  OT1/cmr/bx/n --> OT1/cmss/bx/n on input line 95.
\symnumbers=\mathgroup6
\sympureletters=\mathgroup7
LaTeX Font Info:    Overwriting math alphabet `\mathrm' in version `normal'
(Font)                  OT1/cmss/m/n --> OT1/cmr/m/n on input line 95.
LaTeX Font Info:    Redeclaring math alphabet \mathbf on input line 95.
LaTeX Font Info:    Overwriting math alphabet `\mathbf' in version `normal'
(Font)                  OT1/cmr/bx/n --> OT1/cmss/bx/n on input line 95.
LaTeX Font Info:    Overwriting math alphabet `\mathbf' in version `bold'
(Font)                  OT1/cmr/bx/n --> OT1/cmss/bx/n on input line 95.
LaTeX Font Info:    Redeclaring math alphabet \mathsf on input line 95.
LaTeX Font Info:    Overwriting math alphabet `\mathsf' in version `normal'
(Font)                  OT1/cmss/m/n --> OT1/cmss/m/n on input line 95.
LaTeX Font Info:    Overwriting math alphabet `\mathsf' in version `bold'
(Font)                  OT1/cmss/bx/n --> OT1/cmss/m/n on input line 95.
LaTeX Font Info:    Redeclaring math alphabet \mathit on input line 95.
LaTeX Font Info:    Overwriting math alphabet `\mathit' in version `normal'
(Font)                  OT1/cmr/m/it --> OT1/cmss/m/it on input line 95.
LaTeX Font Info:    Overwriting math alphabet `\mathit' in version `bold'
(Font)                  OT1/cmr/bx/it --> OT1/cmss/m/it on input line 95.
LaTeX Font Info:    Redeclaring math alphabet \mathtt on input line 95.
LaTeX Font Info:    Overwriting math alphabet `\mathtt' in version `normal'
(Font)                  OT1/cmtt/m/n --> OT1/cmtt/m/n on input line 95.
LaTeX Font Info:    Overwriting math alphabet `\mathtt' in version `bold'
(Font)                  OT1/cmtt/m/n --> OT1/cmtt/m/n on input line 95.
LaTeX Font Info:    Overwriting symbol font `numbers' in version `bold'
(Font)                  OT1/cmss/m/n --> OT1/cmss/bx/n on input line 95.
LaTeX Font Info:    Overwriting symbol font `pureletters' in version `bold'
(Font)                  OT1/cmss/m/it --> OT1/cmss/bx/it on input line 95.
LaTeX Font Info:    Overwriting math alphabet `\mathrm' in version `bold'
(Font)                  OT1/cmss/bx/n --> OT1/cmr/bx/n on input line 95.
LaTeX Font Info:    Overwriting math alphabet `\mathbf' in version `bold'
(Font)                  OT1/cmss/bx/n --> OT1/cmss/bx/n on input line 95.
LaTeX Font Info:    Overwriting math alphabet `\mathsf' in version `bold'
(Font)                  OT1/cmss/m/n --> OT1/cmss/bx/n on input line 95.
LaTeX Font Info:    Overwriting math alphabet `\mathit' in version `bold'
(Font)                  OT1/cmss/m/it --> OT1/cmss/bx/it on input line 95.
LaTeX Font Info:    Overwriting math alphabet `\mathtt' in version `bold'
(Font)                  OT1/cmtt/m/n --> OT1/cmtt/bx/n on input line 95.

(/usr/share/texmf-texlive/tex/latex/translator/translator-theorem-dictionary-En
glish.dict
Dictionary: translator-theorem-dictionary, Language: English 
) (./chap2.nav)

LaTeX Font Warning: Font shape `OT1/cmss/m/n' in size <4> not available
(Font)              size <5> substituted on input line 99.

[1

{/var/lib/texmf/fonts/map/pdftex/updmap/pdftex.map} <./images/logo.pdf> <./imag
es/google.pdf>] (./chap2.toc)

Class beamer Warning: Frame text is shrunk by a factor of 5081.51703 percent in
stead of 0 percent on input line 103.

[2

] [3

] [4

] [5

] [6

] [7

] [8

] [9

] [10

] [11

]
\openout3 = `chap2.vrb'.

 (./chap2.vrb
Overfull \hbox (1.3409pt too wide) in paragraph at lines 11--11
[]      \OT1/cmtt/m/n/10.95 C P[] 
 []


Overfull \hbox (1.3409pt too wide) in paragraph at lines 11--11
[]\OT1/cmtt/m/n/10.95 +     I S[] 
 []


Overfull \hbox (1.3409pt too wide) in paragraph at lines 11--11
[]\OT1/cmtt/m/n/10.95 +   F U N[] 
 []


Overfull \hbox (1.3409pt too wide) in paragraph at lines 11--11
[]\OT1/cmtt/m/n/10.95 ---------[] 
 []


Overfull \hbox (1.3409pt too wide) in paragraph at lines 11--11
[]\OT1/cmtt/m/n/10.95 = T R U E[] 
 []

LaTeX Font Info:    Try loading font information for U+msa on input line 13.
(/usr/share/texmf-texlive/tex/latex/amsfonts/umsa.fd
File: umsa.fd 2009/06/22 v3.00 AMS symbols A
)
LaTeX Font Info:    Try loading font information for U+msb on input line 13.

(/usr/share/texmf-texlive/tex/latex/amsfonts/umsb.fd
File: umsb.fd 2009/06/22 v3.00 AMS symbols B
)
Overfull \hbox (1.3409pt too wide) in paragraph at lines 30--30
[]      \OT1/cmtt/m/n/10.95 2 3[] 
 []


Overfull \hbox (1.3409pt too wide) in paragraph at lines 30--30
[]\OT1/cmtt/m/n/10.95 +     7 4[] 
 []


Overfull \hbox (1.3409pt too wide) in paragraph at lines 30--30
[]\OT1/cmtt/m/n/10.95 +   9 6 8[] 
 []


Overfull \hbox (1.3409pt too wide) in paragraph at lines 30--30
[]\OT1/cmtt/m/n/10.95 ---------[] 
 []


Overfull \hbox (1.3409pt too wide) in paragraph at lines 30--30
[]\OT1/cmtt/m/n/10.95 = 1 0 6 5[] 
 []

) [12

] (./chap2.vrb
Overfull \hbox (1.3409pt too wide) in paragraph at lines 11--11
[]      \OT1/cmtt/m/n/10.95 C P[] 
 []


Overfull \hbox (1.3409pt too wide) in paragraph at lines 11--11
[]\OT1/cmtt/m/n/10.95 +     I S[] 
 []


Overfull \hbox (1.3409pt too wide) in paragraph at lines 11--11
[]\OT1/cmtt/m/n/10.95 +   F U N[] 
 []


Overfull \hbox (1.3409pt too wide) in paragraph at lines 11--11
[]\OT1/cmtt/m/n/10.95 ---------[] 
 []


Overfull \hbox (1.3409pt too wide) in paragraph at lines 11--11
[]\OT1/cmtt/m/n/10.95 = T R U E[] 
 []


Overfull \hbox (1.3409pt too wide) in paragraph at lines 30--30
[]      \OT1/cmtt/m/n/10.95 2 3[] 
 []


Overfull \hbox (1.3409pt too wide) in paragraph at lines 30--30
[]\OT1/cmtt/m/n/10.95 +     7 4[] 
 []


Overfull \hbox (1.3409pt too wide) in paragraph at lines 30--30
[]\OT1/cmtt/m/n/10.95 +   9 6 8[] 
 []


Overfull \hbox (1.3409pt too wide) in paragraph at lines 30--30
[]\OT1/cmtt/m/n/10.95 ---------[] 
 []


Overfull \hbox (1.3409pt too wide) in paragraph at lines 30--30
[]\OT1/cmtt/m/n/10.95 = 1 0 6 5[] 
 []

) [13

] (./chap2.vrb
Overfull \hbox (1.3409pt too wide) in paragraph at lines 11--11
[]      \OT1/cmtt/m/n/10.95 C P[] 
 []


Overfull \hbox (1.3409pt too wide) in paragraph at lines 11--11
[]\OT1/cmtt/m/n/10.95 +     I S[] 
 []


Overfull \hbox (1.3409pt too wide) in paragraph at lines 11--11
[]\OT1/cmtt/m/n/10.95 +   F U N[] 
 []


Overfull \hbox (1.3409pt too wide) in paragraph at lines 11--11
[]\OT1/cmtt/m/n/10.95 ---------[] 
 []


Overfull \hbox (1.3409pt too wide) in paragraph at lines 11--11
[]\OT1/cmtt/m/n/10.95 = T R U E[] 
 []


Overfull \hbox (1.3409pt too wide) in paragraph at lines 30--30
[]      \OT1/cmtt/m/n/10.95 2 3[] 
 []


Overfull \hbox (1.3409pt too wide) in paragraph at lines 30--30
[]\OT1/cmtt/m/n/10.95 +     7 4[] 
 []


Overfull \hbox (1.3409pt too wide) in paragraph at lines 30--30
[]\OT1/cmtt/m/n/10.95 +   9 6 8[] 
 []


Overfull \hbox (1.3409pt too wide) in paragraph at lines 30--30
[]\OT1/cmtt/m/n/10.95 ---------[] 
 []


Overfull \hbox (1.3409pt too wide) in paragraph at lines 30--30
[]\OT1/cmtt/m/n/10.95 = 1 0 6 5[] 
 []

) [14

] (./chap2.vrb
Overfull \hbox (1.3409pt too wide) in paragraph at lines 11--11
[]      \OT1/cmtt/m/n/10.95 C P[] 
 []


Overfull \hbox (1.3409pt too wide) in paragraph at lines 11--11
[]\OT1/cmtt/m/n/10.95 +     I S[] 
 []


Overfull \hbox (1.3409pt too wide) in paragraph at lines 11--11
[]\OT1/cmtt/m/n/10.95 +   F U N[] 
 []


Overfull \hbox (1.3409pt too wide) in paragraph at lines 11--11
[]\OT1/cmtt/m/n/10.95 ---------[] 
 []


Overfull \hbox (1.3409pt too wide) in paragraph at lines 11--11
[]\OT1/cmtt/m/n/10.95 = T R U E[] 
 []


Overfull \hbox (1.3409pt too wide) in paragraph at lines 30--30
[]      \OT1/cmtt/m/n/10.95 2 3[] 
 []


Overfull \hbox (1.3409pt too wide) in paragraph at lines 30--30
[]\OT1/cmtt/m/n/10.95 +     7 4[] 
 []


Overfull \hbox (1.3409pt too wide) in paragraph at lines 30--30
[]\OT1/cmtt/m/n/10.95 +   9 6 8[] 
 []


Overfull \hbox (1.3409pt too wide) in paragraph at lines 30--30
[]\OT1/cmtt/m/n/10.95 ---------[] 
 []


Overfull \hbox (1.3409pt too wide) in paragraph at lines 30--30
[]\OT1/cmtt/m/n/10.95 = 1 0 6 5[] 
 []

) [15

] (./chap2.vrb
Overfull \hbox (1.3409pt too wide) in paragraph at lines 11--11
[]      \OT1/cmtt/m/n/10.95 C P[] 
 []


Overfull \hbox (1.3409pt too wide) in paragraph at lines 11--11
[]\OT1/cmtt/m/n/10.95 +     I S[] 
 []


Overfull \hbox (1.3409pt too wide) in paragraph at lines 11--11
[]\OT1/cmtt/m/n/10.95 +   F U N[] 
 []


Overfull \hbox (1.3409pt too wide) in paragraph at lines 11--11
[]\OT1/cmtt/m/n/10.95 ---------[] 
 []


Overfull \hbox (1.3409pt too wide) in paragraph at lines 11--11
[]\OT1/cmtt/m/n/10.95 = T R U E[] 
 []


Overfull \hbox (1.3409pt too wide) in paragraph at lines 30--30
[]      \OT1/cmtt/m/n/10.95 2 3[] 
 []


Overfull \hbox (1.3409pt too wide) in paragraph at lines 30--30
[]\OT1/cmtt/m/n/10.95 +     7 4[] 
 []


Overfull \hbox (1.3409pt too wide) in paragraph at lines 30--30
[]\OT1/cmtt/m/n/10.95 +   9 6 8[] 
 []


Overfull \hbox (1.3409pt too wide) in paragraph at lines 30--30
[]\OT1/cmtt/m/n/10.95 ---------[] 
 []


Overfull \hbox (1.3409pt too wide) in paragraph at lines 30--30
[]\OT1/cmtt/m/n/10.95 = 1 0 6 5[] 
 []

) [16

] (./chap2.vrb
Overfull \hbox (1.3409pt too wide) in paragraph at lines 11--11
[]      \OT1/cmtt/m/n/10.95 C P[] 
 []


Overfull \hbox (1.3409pt too wide) in paragraph at lines 11--11
[]\OT1/cmtt/m/n/10.95 +     I S[] 
 []


Overfull \hbox (1.3409pt too wide) in paragraph at lines 11--11
[]\OT1/cmtt/m/n/10.95 +   F U N[] 
 []


Overfull \hbox (1.3409pt too wide) in paragraph at lines 11--11
[]\OT1/cmtt/m/n/10.95 ---------[] 
 []


Overfull \hbox (1.3409pt too wide) in paragraph at lines 11--11
[]\OT1/cmtt/m/n/10.95 = T R U E[] 
 []


Overfull \hbox (1.3409pt too wide) in paragraph at lines 30--30
[]      \OT1/cmtt/m/n/10.95 2 3[] 
 []


Overfull \hbox (1.3409pt too wide) in paragraph at lines 30--30
[]\OT1/cmtt/m/n/10.95 +     7 4[] 
 []


Overfull \hbox (1.3409pt too wide) in paragraph at lines 30--30
[]\OT1/cmtt/m/n/10.95 +   9 6 8[] 
 []


Overfull \hbox (1.3409pt too wide) in paragraph at lines 30--30
[]\OT1/cmtt/m/n/10.95 ---------[] 
 []


Overfull \hbox (1.3409pt too wide) in paragraph at lines 30--30
[]\OT1/cmtt/m/n/10.95 = 1 0 6 5[] 
 []

) [17

] [18

] [19

] [20

] [21

] [22

] [23

] [24

] [25

] [26

] [27

] [28

] [29

] [30

]
[31

] [32

] [33

] [34

] [35

]
<images/anatomy1.pdf, id=333, 514.87057pt x 656.38425pt>
File: images/anatomy1.pdf Graphic file (type pdf)

<use images/anatomy1.pdf>
Overfull \hbox (26.57492pt too wide) in paragraph at lines 213--213
[][]  
 []

<images/anatomy2.pdf, id=334, 470.70355pt x 262.62215pt>
File: images/anatomy2.pdf Graphic file (type pdf)

<use images/anatomy2.pdf>
Overfull \hbox (19.0749pt too wide) in paragraph at lines 213--213
[][]  
 []

[36

 <./images/anatomy1.pdf> <./images/anatomy2.pdf>]
\openout3 = `chap2.vrb'.

 (./chap2.vrb
Overfull \hbox (6.79999pt too wide) in paragraph at lines 7--9
[][][][][][][][][] 
 []

) [37

] (./chap2.vrb
Overfull \hbox (6.79999pt too wide) in paragraph at lines 7--9
[][][][][][][][][][] 
 []

) [38

] (./chap2.vrb
Overfull \hbox (6.79999pt too wide) in paragraph at lines 7--9
[][][][][][][][][][] 
 []

) [39

] (./chap2.vrb
Overfull \hbox (6.79999pt too wide) in paragraph at lines 7--9
[][][][][][][][][][] 
 []

) [40

]
\openout3 = `chap2.vrb'.

 (./chap2.vrb
LaTeX Font Info:    Font shape `OT1/cmtt/bx/n' in size <8> not available
(Font)              Font shape `OT1/cmtt/m/n' tried instead on input line 14.

Overfull \hbox (6.79999pt too wide) in paragraph at lines 14--16
[][][][][][][][][]  
 []


Overfull \hbox (6.79999pt too wide) in paragraph at lines 27--29
[][][][][][][][][]  
 []

)
LaTeX Font Info:    Font shape `OT1/cmtt/bx/n' in size <10.95> not available
(Font)              Font shape `OT1/cmtt/m/n' tried instead on input line 273.
 [41

] (./chap2.vrb
Overfull \hbox (6.79999pt too wide) in paragraph at lines 14--16
[][][][][][][][][][]  
 []


Overfull \hbox (6.79999pt too wide) in paragraph at lines 27--29
[][][][][][][][][]  
 []

) [42

] (./chap2.vrb
Overfull \hbox (6.79999pt too wide) in paragraph at lines 14--16
[][][][][][][][][][]  
 []


Overfull \hbox (6.79999pt too wide) in paragraph at lines 27--29
[][][][][][][][][]  
 []

) [43

] (./chap2.vrb
Overfull \hbox (6.79999pt too wide) in paragraph at lines 14--16
[][][][][][][][][][]  
 []


Overfull \hbox (6.79999pt too wide) in paragraph at lines 27--29
[][][][][][][][][][]  
 []

) [44

]
\openout3 = `chap2.vrb'.

 (./chap2.vrb
Overfull \hbox (6.79999pt too wide) in paragraph at lines 17--19
[][][][][][][][][]  
 []

) [45

] (./chap2.vrb
Overfull \hbox (6.79999pt too wide) in paragraph at lines 17--19
[][][][][][][][][]  
 []

) [46

] (./chap2.vrb
Overfull \hbox (6.79999pt too wide) in paragraph at lines 17--19
[][][][][][][][][]  
 []

) [47

] (./chap2.vrb
Overfull \hbox (6.79999pt too wide) in paragraph at lines 17--19
[][][][][][][][][]  
 []

) [48

] (./chap2.vrb
Overfull \hbox (6.79999pt too wide) in paragraph at lines 17--19
[][][][][][][][][]  
 []

) [49

] (./chap2.vrb
Overfull \hbox (6.79999pt too wide) in paragraph at lines 17--19
[][][][][][][][][]  
 []

) [50

] (./chap2.vrb
Overfull \hbox (6.79999pt too wide) in paragraph at lines 17--19
[][][][][][][][][][]  
 []

) [51

]
\openout3 = `chap2.vrb'.

 (./chap2.vrb
Overfull \hbox (6.79999pt too wide) in paragraph at lines 10--21
[][][][][][][][][][][][]  
 []

) [52

] (./chap2.vrb
Overfull \hbox (6.79999pt too wide) in paragraph at lines 10--21
[][][][][][][][][][][][][]  
 []

) [53

] (./chap2.vrb
Overfull \hbox (6.79999pt too wide) in paragraph at lines 10--21
[][][][][][][][][][][][][][]  
 []

) [54

] (./chap2.vrb
Overfull \hbox (6.79999pt too wide) in paragraph at lines 10--21
[][][][][][][][][][][][][][]  
 []

) [55

]
\openout3 = `chap2.vrb'.

 (./chap2.vrb
Overfull \hbox (6.79999pt too wide) in paragraph at lines 10--12
[][][][][][][][][]  
 []

LaTeX Font Info:    Try loading font information for OML+cmss on input line 14.

LaTeX Font Info:    No file OMLcmss.fd. on input line 14.

LaTeX Font Warning: Font shape `OML/cmss/m/n' undefined
(Font)              using `OML/cmm/m/it' instead
(Font)              for symbol `textgreater' on input line 14.

LaTeX Font Info:    Try loading font information for OML+cmtt on input line 23.

LaTeX Font Info:    No file OMLcmtt.fd. on input line 23.

LaTeX Font Warning: Font shape `OML/cmtt/m/n' undefined
(Font)              using `OML/cmm/m/it' instead
(Font)              for symbol `textgreater' on input line 23.


Overfull \hbox (6.79999pt too wide) in paragraph at lines 23--25
[][][][][][][][][]  
 []

) [56

] (./chap2.vrb
Overfull \hbox (6.79999pt too wide) in paragraph at lines 10--12
[][][][][][][][][]  
 []


Overfull \hbox (6.79999pt too wide) in paragraph at lines 23--25
[][][][][][][][][]  
 []

) [57

] (./chap2.vrb
Overfull \hbox (6.79999pt too wide) in paragraph at lines 10--12
[][][][][][][][][]  
 []


Overfull \hbox (6.79999pt too wide) in paragraph at lines 23--25
[][][][][][][][][]  
 []

) [58

] (./chap2.vrb
Overfull \hbox (6.79999pt too wide) in paragraph at lines 10--12
[][][][][][][][][][]  
 []


Overfull \hbox (6.79999pt too wide) in paragraph at lines 23--25
[][][][][][][][][]  
 []

) [59

] (./chap2.vrb
Overfull \hbox (6.79999pt too wide) in paragraph at lines 10--12
[][][][][][][][][][]  
 []


Overfull \hbox (6.79999pt too wide) in paragraph at lines 23--25
[][][][][][][][][]  
 []

) [60

] (./chap2.vrb
Overfull \hbox (6.79999pt too wide) in paragraph at lines 10--12
[][][][][][][][][][]  
 []


Overfull \hbox (6.79999pt too wide) in paragraph at lines 23--25
[][][][][][][][][][]  
 []

) [61

]
\openout3 = `chap2.vrb'.

 (./chap2.vrb
Overfull \hbox (6.79999pt too wide) in paragraph at lines 8--10
[][][][][][][][][]  
 []


Overfull \hbox (6.79999pt too wide) in paragraph at lines 18--20
[][][][][][][][][]  
 []

) [62

] (./chap2.vrb
Overfull \hbox (6.79999pt too wide) in paragraph at lines 8--10
[][][][][][][][][][]  
 []


Overfull \hbox (6.79999pt too wide) in paragraph at lines 18--20
[][][][][][][][][]  
 []

) [63

] (./chap2.vrb
Overfull \hbox (6.79999pt too wide) in paragraph at lines 8--10
[][][][][][][][][][]  
 []


Overfull \hbox (6.79999pt too wide) in paragraph at lines 18--20
[][][][][][][][][]  
 []

) [64

] (./chap2.vrb
Overfull \hbox (6.79999pt too wide) in paragraph at lines 8--10
[][][][][][][][][][]  
 []


Overfull \hbox (6.79999pt too wide) in paragraph at lines 18--20
[][][][][][][][][][]  
 []

) [65

] (./chap2.vrb
Overfull \hbox (6.79999pt too wide) in paragraph at lines 8--10
[][][][][][][][][][]  
 []


Overfull \hbox (6.79999pt too wide) in paragraph at lines 18--20
[][][][][][][][][][]  
 []

) [66

]
\openout3 = `chap2.vrb'.

 (./chap2.vrb
Overfull \hbox (8.74585pt too wide) in paragraph at lines 3--7
[][] 
 []


Overfull \hbox (6.79999pt too wide) in paragraph at lines 8--10
[][][][][][][][][]  
 []


Overfull \hbox (6.79999pt too wide) in paragraph at lines 29--31
[][][][][][][][][]  
 []

) [67

] (./chap2.vrb
Overfull \hbox (8.74585pt too wide) in paragraph at lines 3--7
[][] 
 []


Overfull \hbox (6.79999pt too wide) in paragraph at lines 8--10
[][][][][][][][][][]  
 []


Overfull \hbox (6.79999pt too wide) in paragraph at lines 29--31
[][][][][][][][][]  
 []

) [68

] (./chap2.vrb
Overfull \hbox (8.74585pt too wide) in paragraph at lines 3--7
[][] 
 []


Overfull \hbox (6.79999pt too wide) in paragraph at lines 8--10
[][][][][][][][][][]  
 []


Overfull \hbox (6.79999pt too wide) in paragraph at lines 29--31
[][][][][][][][][]  
 []

) [69

] (./chap2.vrb
Overfull \hbox (8.74585pt too wide) in paragraph at lines 3--7
[][] 
 []


Overfull \hbox (6.79999pt too wide) in paragraph at lines 8--10
[][][][][][][][][][]  
 []


Overfull \hbox (6.79999pt too wide) in paragraph at lines 29--31
[][][][][][][][][][]  
 []

) [70

]
\openout3 = `chap2.vrb'.

 (./chap2.vrb
Overfull \hbox (9.26326pt too wide) in paragraph at lines 3--8
[][] 
 []


Overfull \hbox (6.79999pt too wide) in paragraph at lines 18--20
[][][][][][][][][]  
 []


Overfull \hbox (6.79999pt too wide) in paragraph at lines 28--30
[][][][][][][][][]  
 []

)
Overfull \hbox (6.79999pt too wide) in paragraph at lines 37--465
[][][][][][][][][][][][][][][][][]  
 []

[71

] (./chap2.vrb
Overfull \hbox (9.26326pt too wide) in paragraph at lines 3--8
[][] 
 []


Overfull \hbox (6.79999pt too wide) in paragraph at lines 18--20
[][][][][][][][][][]  
 []


Overfull \hbox (6.79999pt too wide) in paragraph at lines 28--30
[][][][][][][][][]  
 []

)
Overfull \hbox (6.79999pt too wide) in paragraph at lines 37--465
[][][][][][][][][][][][][][][][][]  
 []

[72

] (./chap2.vrb
Overfull \hbox (9.26326pt too wide) in paragraph at lines 3--8
[][] 
 []


Overfull \hbox (6.79999pt too wide) in paragraph at lines 18--20
[][][][][][][][][][]  
 []


Overfull \hbox (6.79999pt too wide) in paragraph at lines 28--30
[][][][][][][][][]  
 []

)
Overfull \hbox (6.79999pt too wide) in paragraph at lines 37--465
[][][][][][][][][][][][][][][][][]  
 []

[73

] (./chap2.vrb
Overfull \hbox (9.26326pt too wide) in paragraph at lines 3--8
[][] 
 []


Overfull \hbox (6.79999pt too wide) in paragraph at lines 18--20
[][][][][][][][][][]  
 []


Overfull \hbox (6.79999pt too wide) in paragraph at lines 28--30
[][][][][][][][][][]  
 []

)
Overfull \hbox (6.79999pt too wide) in paragraph at lines 37--465
[][][][][][][][][][][][][][][][][]  
 []

[74

] (./chap2.vrb
Overfull \hbox (9.26326pt too wide) in paragraph at lines 3--8
[][] 
 []


Overfull \hbox (6.79999pt too wide) in paragraph at lines 18--20
[][][][][][][][][][]  
 []


Overfull \hbox (6.79999pt too wide) in paragraph at lines 28--30
[][][][][][][][][][]  
 []

)
Overfull \hbox (6.79999pt too wide) in paragraph at lines 37--465
[][][][][][][][][][][][][][][][][]  
 []

[75

] (./chap2.vrb
Overfull \hbox (9.26326pt too wide) in paragraph at lines 3--8
[][] 
 []


Overfull \hbox (6.79999pt too wide) in paragraph at lines 18--20
[][][][][][][][][][]  
 []


Overfull \hbox (6.79999pt too wide) in paragraph at lines 28--30
[][][][][][][][][][]  
 []

)
Overfull \hbox (6.79999pt too wide) in paragraph at lines 37--465
[][][][][][][][][][][][][][][][][][]  
 []

[76

]
\openout3 = `chap2.vrb'.

 (./chap2.vrb
Overfull \hbox (6.79999pt too wide) in paragraph at lines 13--15
[][][][][][][][][]  
 []

) [77

] (./chap2.vrb
Overfull \hbox (6.79999pt too wide) in paragraph at lines 13--15
[][][][][][][][][][]  
 []

) [78

]
\openout3 = `chap2.vrb'.

 (./chap2.vrb
Overfull \hbox (6.79999pt too wide) in paragraph at lines 9--11
[][][][][][][][][]  
 []

) [79

] (./chap2.vrb
Overfull \hbox (6.79999pt too wide) in paragraph at lines 9--11
[][][][][][][][][][]  
 []

) [80

] (./chap2.vrb
Overfull \hbox (6.79999pt too wide) in paragraph at lines 9--11
[][][][][][][][][][]  
 []

) [81

] (./chap2.vrb
Overfull \hbox (6.79999pt too wide) in paragraph at lines 9--11
[][][][][][][][][][]  
 []

) [82

] (./chap2.vrb
Overfull \hbox (6.79999pt too wide) in paragraph at lines 9--11
[][][][][][][][][][]  
 []

) [83

] (./chap2.vrb
Overfull \hbox (6.79999pt too wide) in paragraph at lines 9--11
[][][][][][][][][][]  
 []

) [84

]
\openout3 = `chap2.vrb'.

 (./chap2.vrb
Overfull \hbox (6.79999pt too wide) in paragraph at lines 8--10
[][][][][][][][][]  
 []


Overfull \hbox (6.79999pt too wide) in paragraph at lines 21--23
[][][][][][][][][]  
 []

) [85

] (./chap2.vrb
Overfull \hbox (6.79999pt too wide) in paragraph at lines 8--10
[][][][][][][][][][]  
 []


Overfull \hbox (6.79999pt too wide) in paragraph at lines 21--23
[][][][][][][][][]  
 []

) [86

] (./chap2.vrb
Overfull \hbox (6.79999pt too wide) in paragraph at lines 8--10
[][][][][][][][][][]  
 []


Overfull \hbox (6.79999pt too wide) in paragraph at lines 21--23
[][][][][][][][][]  
 []

) [87

] (./chap2.vrb
Overfull \hbox (6.79999pt too wide) in paragraph at lines 8--10
[][][][][][][][][][]  
 []


Overfull \hbox (6.79999pt too wide) in paragraph at lines 21--23
[][][][][][][][][][]  
 []

) [88

]
\openout3 = `chap2.vrb'.

 (./chap2.vrb
Overfull \hbox (6.79999pt too wide) in paragraph at lines 20--22
[][][][][][][][][]  
 []


Overfull \hbox (6.79999pt too wide) in paragraph at lines 30--32
[][][][][][][][][]  
 []

) [89

] (./chap2.vrb
Overfull \hbox (6.79999pt too wide) in paragraph at lines 20--22
[][][][][][][][][][]  
 []


Overfull \hbox (6.79999pt too wide) in paragraph at lines 30--32
[][][][][][][][][]  
 []

) [90

] (./chap2.vrb
Overfull \hbox (6.79999pt too wide) in paragraph at lines 20--22
[][][][][][][][][][]  
 []


Overfull \hbox (6.79999pt too wide) in paragraph at lines 30--32
[][][][][][][][][]  
 []

) [91

] (./chap2.vrb
Overfull \hbox (6.79999pt too wide) in paragraph at lines 20--22
[][][][][][][][][][]  
 []


Overfull \hbox (6.79999pt too wide) in paragraph at lines 30--32
[][][][][][][][][][]  
 []

) [92

]
\openout3 = `chap2.vrb'.

 (./chap2.vrb
Overfull \hbox (6.79999pt too wide) in paragraph at lines 11--13
[][][][][][][][][]  
 []


Overfull \hbox (6.79999pt too wide) in paragraph at lines 20--22
[][][][][][][][][]  
 []

) [93

] (./chap2.vrb
Overfull \hbox (6.79999pt too wide) in paragraph at lines 11--13
[][][][][][][][][][]  
 []


Overfull \hbox (6.79999pt too wide) in paragraph at lines 20--22
[][][][][][][][][]  
 []

) [94

] (./chap2.vrb
Overfull \hbox (6.79999pt too wide) in paragraph at lines 11--13
[][][][][][][][][][]  
 []


Overfull \hbox (6.79999pt too wide) in paragraph at lines 20--22
[][][][][][][][][]  
 []

) [95

] (./chap2.vrb
Overfull \hbox (6.79999pt too wide) in paragraph at lines 11--13
[][][][][][][][][][]  
 []


Overfull \hbox (6.79999pt too wide) in paragraph at lines 20--22
[][][][][][][][][][]  
 []

) [96

]
\openout3 = `chap2.vrb'.

 (./chap2.vrb) [97

] (./chap2.vrb) [98

] (./chap2.vrb) [99

] (./chap2.vrb)
[100

] (./chap2.vrb) [101

] (./chap2.vrb) [102

] (./chap2.vrb) [103

] (./chap2.vrb) [104

] (./chap2.vrb) [105

]
\openout3 = `chap2.vrb'.

 (./chap2.vrb
Overfull \hbox (6.79999pt too wide) in paragraph at lines 19--21
[][][][][][][][][]  
 []


Overfull \hbox (6.79999pt too wide) in paragraph at lines 30--32
[][][][][][][][][]  
 []

) [106

] (./chap2.vrb
Overfull \hbox (6.79999pt too wide) in paragraph at lines 19--21
[][][][][][][][][][]  
 []


Overfull \hbox (6.79999pt too wide) in paragraph at lines 30--32
[][][][][][][][][]  
 []

) [107

] (./chap2.vrb
Overfull \hbox (6.79999pt too wide) in paragraph at lines 19--21
[][][][][][][][][][]  
 []


Overfull \hbox (6.79999pt too wide) in paragraph at lines 30--32
[][][][][][][][][]  
 []

) [108

] (./chap2.vrb
Overfull \hbox (6.79999pt too wide) in paragraph at lines 19--21
[][][][][][][][][][]  
 []


Overfull \hbox (6.79999pt too wide) in paragraph at lines 30--32
[][][][][][][][][][]  
 []

) [109

]
\openout3 = `chap2.vrb'.

 (./chap2.vrb
Overfull \hbox (6.79999pt too wide) in paragraph at lines 12--15
[][][][][][][][][] 
 []


Overfull \hbox (6.79999pt too wide) in paragraph at lines 22--24
[][][][][][][][][]  
 []

) [110

] (./chap2.vrb
Overfull \hbox (6.79999pt too wide) in paragraph at lines 12--15
[][][][][][][][][] 
 []


Overfull \hbox (6.79999pt too wide) in paragraph at lines 22--24
[][][][][][][][][]  
 []

) [111

] (./chap2.vrb
Overfull \hbox (6.79999pt too wide) in paragraph at lines 12--15
[][][][][][][][][][] 
 []


Overfull \hbox (6.79999pt too wide) in paragraph at lines 22--24
[][][][][][][][][]  
 []

) [112

] (./chap2.vrb
Overfull \hbox (6.79999pt too wide) in paragraph at lines 12--15
[][][][][][][][][][] 
 []


Overfull \hbox (6.79999pt too wide) in paragraph at lines 22--24
[][][][][][][][][]  
 []

) [113

] (./chap2.vrb
Overfull \hbox (6.79999pt too wide) in paragraph at lines 12--15
[][][][][][][][][][] 
 []


Overfull \hbox (6.79999pt too wide) in paragraph at lines 22--24
[][][][][][][][][][]  
 []

) [114

] (./chap2.vrb
Overfull \hbox (6.79999pt too wide) in paragraph at lines 12--15
[][][][][][][][][][] 
 []


Overfull \hbox (6.79999pt too wide) in paragraph at lines 22--24
[][][][][][][][][][]  
 []

) [115

]
\openout3 = `chap2.vrb'.

 (./chap2.vrb
Overfull \hbox (6.79999pt too wide) in paragraph at lines 9--11
[][][][][][][][][]  
 []


Overfull \hbox (6.79999pt too wide) in paragraph at lines 19--21
[][][][][][][][][]  
 []

)
Overfull \hbox (6.79999pt too wide) in paragraph at lines 29--735
[][][][][][][][][][][][][][][][][]  
 []

[116

] (./chap2.vrb
Overfull \hbox (6.79999pt too wide) in paragraph at lines 9--11
[][][][][][][][][][]  
 []


Overfull \hbox (6.79999pt too wide) in paragraph at lines 19--21
[][][][][][][][][]  
 []

)
Overfull \hbox (6.79999pt too wide) in paragraph at lines 29--735
[][][][][][][][][][][][][][][][][]  
 []

[117

] (./chap2.vrb
Overfull \hbox (6.79999pt too wide) in paragraph at lines 9--11
[][][][][][][][][][]  
 []


Overfull \hbox (6.79999pt too wide) in paragraph at lines 19--21
[][][][][][][][][]  
 []

)
Overfull \hbox (6.79999pt too wide) in paragraph at lines 29--735
[][][][][][][][][][][][][][][][][]  
 []

[118

] (./chap2.vrb
Overfull \hbox (6.79999pt too wide) in paragraph at lines 9--11
[][][][][][][][][][]  
 []


Overfull \hbox (6.79999pt too wide) in paragraph at lines 19--21
[][][][][][][][][][]  
 []

)
Overfull \hbox (6.79999pt too wide) in paragraph at lines 29--735
[][][][][][][][][][][][][][][][][]  
 []

[119

] (./chap2.vrb
Overfull \hbox (6.79999pt too wide) in paragraph at lines 9--11
[][][][][][][][][][]  
 []


Overfull \hbox (6.79999pt too wide) in paragraph at lines 19--21
[][][][][][][][][][]  
 []

)
Overfull \hbox (6.79999pt too wide) in paragraph at lines 29--735
[][][][][][][][][][][][][][][][][]  
 []

[120

] (./chap2.vrb
Overfull \hbox (6.79999pt too wide) in paragraph at lines 9--11
[][][][][][][][][][]  
 []


Overfull \hbox (6.79999pt too wide) in paragraph at lines 19--21
[][][][][][][][][][]  
 []

)
Overfull \hbox (6.79999pt too wide) in paragraph at lines 29--735
[][][][][][][][][][][][][][][][][][]  
 []

[121

]
\openout3 = `chap2.vrb'.

 (./chap2.vrb
Overfull \hbox (6.79999pt too wide) in paragraph at lines 28--30
[][][][][][][][][]  
 []

) [122

] (./chap2.vrb
Overfull \hbox (6.79999pt too wide) in paragraph at lines 28--30
[][][][][][][][][][]  
 []

) [123

]
\openout3 = `chap2.vrb'.

 (./chap2.vrb
Overfull \hbox (6.79999pt too wide) in paragraph at lines 27--29
[][][][][][][][][]  
 []

) [124

] (./chap2.vrb
Overfull \hbox (6.79999pt too wide) in paragraph at lines 27--29
[][][][][][][][][][]  
 []

) [125

]
\openout3 = `chap2.vrb'.

 (./chap2.vrb
Overfull \hbox (6.79999pt too wide) in paragraph at lines 25--27
[][][][][][][][][]  
 []

) [126

] (./chap2.vrb
Overfull \hbox (6.79999pt too wide) in paragraph at lines 25--27
[][][][][][][][][][]  
 []

) [127

]
\openout3 = `chap2.vrb'.

 (./chap2.vrb
Overfull \hbox (6.79999pt too wide) in paragraph at lines 11--13
[][][][][][][][][]  
 []


Overfull \hbox (6.79999pt too wide) in paragraph at lines 23--25
[][][][][][][][][]  
 []

) [128

] (./chap2.vrb
Overfull \hbox (6.79999pt too wide) in paragraph at lines 11--13
[][][][][][][][][]  
 []


Overfull \hbox (6.79999pt too wide) in paragraph at lines 23--25
[][][][][][][][][]  
 []

) [129

] (./chap2.vrb
Overfull \hbox (6.79999pt too wide) in paragraph at lines 11--13
[][][][][][][][][][]  
 []


Overfull \hbox (6.79999pt too wide) in paragraph at lines 23--25
[][][][][][][][][]  
 []

) [130

] (./chap2.vrb
Overfull \hbox (6.79999pt too wide) in paragraph at lines 11--13
[][][][][][][][][][]  
 []


Overfull \hbox (6.79999pt too wide) in paragraph at lines 23--25
[][][][][][][][][][]  
 []

) [131

]
\openout3 = `chap2.vrb'.

 (./chap2.vrb) [132

] (./chap2.vrb) [133

] (./chap2.vrb) [134

]
(./chap2.vrb) [135

] (./chap2.vrb) [136

] (./chap2.vrb) [137

] (./chap2.vrb)
[138

] (./chap2.vrb) [139

] (./chap2.vrb) [140

] (./chap2.vrb) [141

]
\openout3 = `chap2.vrb'.

 (./chap2.vrb
Overfull \hbox (6.79999pt too wide) in paragraph at lines 15--17
[][][][][][][][][]  
 []


Overfull \hbox (6.79999pt too wide) in paragraph at lines 29--31
[][][][][][][][][]  
 []

) [142

] (./chap2.vrb
Overfull \hbox (6.79999pt too wide) in paragraph at lines 15--17
[][][][][][][][][][]  
 []


Overfull \hbox (6.79999pt too wide) in paragraph at lines 29--31
[][][][][][][][][]  
 []

) [143

] (./chap2.vrb
Overfull \hbox (6.79999pt too wide) in paragraph at lines 15--17
[][][][][][][][][][]  
 []


Overfull \hbox (6.79999pt too wide) in paragraph at lines 29--31
[][][][][][][][][]  
 []

) [144

] (./chap2.vrb
Overfull \hbox (6.79999pt too wide) in paragraph at lines 15--17
[][][][][][][][][][]  
 []


Overfull \hbox (6.79999pt too wide) in paragraph at lines 29--31
[][][][][][][][][][]  
 []

) [145

]
\openout3 = `chap2.vrb'.

 (./chap2.vrb
Overfull \hbox (6.79999pt too wide) in paragraph at lines 9--11
[][][][][][][][][]  
 []


Overfull \hbox (6.79999pt too wide) in paragraph at lines 19--21
[][][][][][][][][]  
 []

) [146

] (./chap2.vrb
Overfull \hbox (6.79999pt too wide) in paragraph at lines 9--11
[][][][][][][][][][]  
 []


Overfull \hbox (6.79999pt too wide) in paragraph at lines 19--21
[][][][][][][][][]  
 []

) [147

] (./chap2.vrb
Overfull \hbox (6.79999pt too wide) in paragraph at lines 9--11
[][][][][][][][][][]  
 []


Overfull \hbox (6.79999pt too wide) in paragraph at lines 19--21
[][][][][][][][][]  
 []

) [148

] (./chap2.vrb
Overfull \hbox (6.79999pt too wide) in paragraph at lines 9--11
[][][][][][][][][][]  
 []


Overfull \hbox (6.79999pt too wide) in paragraph at lines 19--21
[][][][][][][][][][]  
 []

) [149

] (./chap2.vrb
Overfull \hbox (6.79999pt too wide) in paragraph at lines 9--11
[][][][][][][][][][]  
 []


Overfull \hbox (6.79999pt too wide) in paragraph at lines 19--21
[][][][][][][][][][]  
 []

) [150

] (./chap2.vrb
Overfull \hbox (6.79999pt too wide) in paragraph at lines 9--11
[][][][][][][][][][]  
 []


Overfull \hbox (6.79999pt too wide) in paragraph at lines 19--21
[][][][][][][][][][]  
 []

) [151

] (./chap2.vrb
Overfull \hbox (6.79999pt too wide) in paragraph at lines 9--11
[][][][][][][][][][]  
 []


Overfull \hbox (6.79999pt too wide) in paragraph at lines 19--21
[][][][][][][][][][]  
 []

) [152

] (./chap2.vrb
Overfull \hbox (6.79999pt too wide) in paragraph at lines 9--11
[][][][][][][][][][]  
 []


Overfull \hbox (6.79999pt too wide) in paragraph at lines 19--21
[][][][][][][][][][]  
 []

) [153

] (./chap2.vrb
Overfull \hbox (6.79999pt too wide) in paragraph at lines 9--11
[][][][][][][][][][]  
 []


Overfull \hbox (6.79999pt too wide) in paragraph at lines 19--21
[][][][][][][][][][]  
 []

) [154

]
\openout3 = `chap2.vrb'.

 (./chap2.vrb
Overfull \hbox (6.79999pt too wide) in paragraph at lines 15--17
[][][][][][][][][]  
 []


Overfull \hbox (6.79999pt too wide) in paragraph at lines 26--28
[][][][][][][][][]  
 []

) [155

] (./chap2.vrb
Overfull \hbox (6.79999pt too wide) in paragraph at lines 15--17
[][][][][][][][][][]  
 []


Overfull \hbox (6.79999pt too wide) in paragraph at lines 26--28
[][][][][][][][][]  
 []

) [156

] (./chap2.vrb
Overfull \hbox (6.79999pt too wide) in paragraph at lines 15--17
[][][][][][][][][][]  
 []


Overfull \hbox (6.79999pt too wide) in paragraph at lines 26--28
[][][][][][][][][]  
 []

) [157

] (./chap2.vrb
Overfull \hbox (6.79999pt too wide) in paragraph at lines 15--17
[][][][][][][][][][]  
 []


Overfull \hbox (6.79999pt too wide) in paragraph at lines 26--28
[][][][][][][][][][]  
 []

) [158

] (./chap2.vrb
Overfull \hbox (6.79999pt too wide) in paragraph at lines 15--17
[][][][][][][][][][]  
 []


Overfull \hbox (6.79999pt too wide) in paragraph at lines 26--28
[][][][][][][][][][]  
 []

) [159

]
\openout3 = `chap2.vrb'.

 (./chap2.vrb
Overfull \hbox (6.79999pt too wide) in paragraph at lines 9--11
[][][][][][][][][]  
 []


Overfull \hbox (6.79999pt too wide) in paragraph at lines 24--26
[][][][][][][][][]  
 []

) [160

] (./chap2.vrb
Overfull \hbox (6.79999pt too wide) in paragraph at lines 9--11
[][][][][][][][][][]  
 []


Overfull \hbox (6.79999pt too wide) in paragraph at lines 24--26
[][][][][][][][][]  
 []

) [161

] (./chap2.vrb
Overfull \hbox (6.79999pt too wide) in paragraph at lines 9--11
[][][][][][][][][][]  
 []


Overfull \hbox (6.79999pt too wide) in paragraph at lines 24--26
[][][][][][][][][]  
 []

) [162

] (./chap2.vrb
Overfull \hbox (6.79999pt too wide) in paragraph at lines 9--11
[][][][][][][][][][]  
 []


Overfull \hbox (6.79999pt too wide) in paragraph at lines 24--26
[][][][][][][][][][]  
 []

) [163

]
\openout3 = `chap2.vrb'.

 (./chap2.vrb) [164

] (./chap2.vrb) [165

] (./chap2.vrb) [166

]
(./chap2.vrb) [167

] (./chap2.vrb) [168

] (./chap2.vrb) [169

]
\tf@nav=\write7
\openout7 = `chap2.nav'.

\tf@toc=\write8
\openout8 = `chap2.toc'.

\tf@snm=\write9
\openout9 = `chap2.snm'.

 (./chap2.aux)

LaTeX Font Warning: Size substitutions with differences
(Font)              up to 1.0pt have occurred.


LaTeX Font Warning: Some font shapes were not available, defaults substituted.

 ) 
Here is how much of TeX's memory you used:
 16198 strings out of 493848
 292093 string characters out of 1152823
 379889 words of memory out of 3000000
 18413 multiletter control sequences out of 15000+50000
 16384 words of font info for 64 fonts, out of 3000000 for 9000
 714 hyphenation exceptions out of 8191
 45i,16n,57p,640b,659s stack positions out of 5000i,500n,10000p,200000b,50000s
</usr/share/texmf-texlive/fonts/type1/public/amsfonts/cm/cmitt10.pfb></usr/sh
are/texmf-texlive/fonts/type1/public/amsfonts/cm/cmmi10.pfb></usr/share/texmf-t
exlive/fonts/type1/public/amsfonts/cm/cmmi8.pfb></usr/share/texmf-texlive/fonts
/type1/public/amsfonts/cm/cmss10.pfb></usr/share/texmf-texlive/fonts/type1/publ
ic/amsfonts/cm/cmss8.pfb></usr/share/texmf-texlive/fonts/type1/public/amsfonts/
cm/cmss9.pfb></usr/share/texmf-texlive/fonts/type1/public/amsfonts/cm/cmssbx10.
pfb></usr/share/texmf-texlive/fonts/type1/public/amsfonts/cm/cmssi10.pfb></usr/
share/texmf-texlive/fonts/type1/public/amsfonts/cm/cmsy10.pfb></usr/share/texmf
-texlive/fonts/type1/public/amsfonts/cm/cmtt10.pfb></usr/share/texmf-texlive/fo
nts/type1/public/amsfonts/cm/cmtt8.pfb>
Output written on chap2.pdf (169 pages, 1069296 bytes).
PDF statistics:
 1303 PDF objects out of 1440 (max. 8388607)
 358 named destinations out of 1000 (max. 500000)
 205 words of extra memory for PDF output out of 10000 (max. 10000000)

