This is XeTeX, Version 3.1415926-2.3-0.9997.5 (TeX Live 2011) (format=xelatex 2011.8.1)  27 APR 2012 23:10
entering extended mode
 \write18 enabled.
 %&-line parsing enabled.
**lab_chap2.tex
(./lab_chap2.tex
LaTeX2e <2009/09/24>
Babel <v3.8l> and hyphenation patterns for english, dumylang, nohyphenation, ge
rman-x-2009-06-19, ngerman-x-2009-06-19, afrikaans, ancientgreek, ibycus, arabi
c, armenian, basque, bulgarian, catalan, pinyin, coptic, croatian, czech, danis
h, dutch, ukenglish, usenglishmax, esperanto, estonian, ethiopic, farsi, finnis
h, french, galician, german, ngerman, swissgerman, monogreek, greek, hungarian,
 icelandic, assamese, bengali, gujarati, hindi, kannada, malayalam, marathi, or
iya, panjabi, tamil, telugu, indonesian, interlingua, irish, italian, kurmanji,
 lao, latin, latvian, lithuanian, mongolian, mongolianlmc, bokmal, nynorsk, pol
ish, portuguese, romanian, russian, sanskrit, serbian, serbianc, slovak, sloven
ian, spanish, swedish, turkish, turkmen, ukrainian, uppersorbian, welsh, loaded
.
(/home/nikolaj/Documents/tex_live/texmf-dist/tex/latex/base/article.cls
Document Class: article 2007/10/19 v1.4h Standard LaTeX document class
(/home/nikolaj/Documents/tex_live/texmf-dist/tex/latex/base/size10.clo
File: size10.clo 2007/10/19 v1.4h Standard LaTeX file (size option)
)
\c@part=\count80
\c@section=\count81
\c@subsection=\count82
\c@subsubsection=\count83
\c@paragraph=\count84
\c@subparagraph=\count85
\c@figure=\count86
\c@table=\count87
\abovecaptionskip=\skip41
\belowcaptionskip=\skip42
\bibindent=\dimen102
)
(../latex_preamble.tex
(/home/nikolaj/Documents/tex_live/texmf-dist/tex/latex/graphics/graphicx.sty
Package: graphicx 1999/02/16 v1.0f Enhanced LaTeX Graphics (DPC,SPQR)

(/home/nikolaj/Documents/tex_live/texmf-dist/tex/latex/graphics/keyval.sty
Package: keyval 1999/03/16 v1.13 key=value parser (DPC)
\KV@toks@=\toks14
)
(/home/nikolaj/Documents/tex_live/texmf-dist/tex/latex/graphics/graphics.sty
Package: graphics 2009/02/05 v1.0o Standard LaTeX Graphics (DPC,SPQR)

(/home/nikolaj/Documents/tex_live/texmf-dist/tex/latex/graphics/trig.sty
Package: trig 1999/03/16 v1.09 sin cos tan (DPC)
)
(/home/nikolaj/Documents/tex_live/texmf-dist/tex/latex/latexconfig/graphics.cfg
File: graphics.cfg 2010/04/23 v1.9 graphics configuration of TeX Live
)
Package graphics Info: Driver file: xetex.def on input line 91.
 (/home/nikolaj/Documents/tex_live/texmf-dist/tex/xelatex/xetex-def/xetex.def
File: xetex.def 2009/11/22 v0.94 LaTeX color/graphics driver for XeTeX (RRM/JK)

))
\Gin@req@height=\dimen103
\Gin@req@width=\dimen104
) (/home/nikolaj/Documents/tex_live/texmf-dist/tex/latex/amsmath/amsmath.sty
Package: amsmath 2000/07/18 v2.13 AMS math features
\@mathmargin=\skip43

For additional information on amsmath, use the `?' option.
(/home/nikolaj/Documents/tex_live/texmf-dist/tex/latex/amsmath/amstext.sty
Package: amstext 2000/06/29 v2.01

(/home/nikolaj/Documents/tex_live/texmf-dist/tex/latex/amsmath/amsgen.sty
File: amsgen.sty 1999/11/30 v2.0
\@emptytoks=\toks15
\ex@=\dimen105
))
(/home/nikolaj/Documents/tex_live/texmf-dist/tex/latex/amsmath/amsbsy.sty
Package: amsbsy 1999/11/29 v1.2d
\pmbraise@=\dimen106
)
(/home/nikolaj/Documents/tex_live/texmf-dist/tex/latex/amsmath/amsopn.sty
Package: amsopn 1999/12/14 v2.01 operator names
)
\inf@bad=\count88
LaTeX Info: Redefining \frac on input line 211.
\uproot@=\count89
\leftroot@=\count90
LaTeX Info: Redefining \overline on input line 307.
\classnum@=\count91
\DOTSCASE@=\count92
LaTeX Info: Redefining \ldots on input line 379.
LaTeX Info: Redefining \dots on input line 382.
LaTeX Info: Redefining \cdots on input line 467.
\Mathstrutbox@=\box26
\strutbox@=\box27
\big@size=\dimen107
LaTeX Font Info:    Redeclaring font encoding OML on input line 567.
LaTeX Font Info:    Redeclaring font encoding OMS on input line 568.
\macc@depth=\count93
\c@MaxMatrixCols=\count94
\dotsspace@=\muskip10
\c@parentequation=\count95
\dspbrk@lvl=\count96
\tag@help=\toks16
\row@=\count97
\column@=\count98
\maxfields@=\count99
\andhelp@=\toks17
\eqnshift@=\dimen108
\alignsep@=\dimen109
\tagshift@=\dimen110
\tagwidth@=\dimen111
\totwidth@=\dimen112
\lineht@=\dimen113
\@envbody=\toks18
\multlinegap=\skip44
\multlinetaggap=\skip45
\mathdisplay@stack=\toks19
LaTeX Info: Redefining \[ on input line 2666.
LaTeX Info: Redefining \] on input line 2667.
)
(/home/nikolaj/Documents/tex_live/texmf-dist/tex/latex/amsfonts/amssymb.sty
Package: amssymb 2009/06/22 v3.00

(/home/nikolaj/Documents/tex_live/texmf-dist/tex/latex/amsfonts/amsfonts.sty
Package: amsfonts 2009/06/22 v3.00 Basic AMSFonts support
\symAMSa=\mathgroup4
\symAMSb=\mathgroup5
LaTeX Font Info:    Overwriting math alphabet `\mathfrak' in version `bold'
(Font)                  U/euf/m/n --> U/euf/b/n on input line 96.
))
(/home/nikolaj/Documents/tex_live/texmf-dist/tex/latex/amscls/amsthm.sty
Package: amsthm 2009/07/02 v2.20.1
\thm@style=\toks20
\thm@bodyfont=\toks21
\thm@headfont=\toks22
\thm@notefont=\toks23
\thm@headpunct=\toks24
\thm@preskip=\skip46
\thm@postskip=\skip47
\thm@headsep=\skip48
\dth@everypar=\toks25
)
(/home/nikolaj/Documents/tex_live/texmf-dist/tex/generic/xstring/xstring.sty
(/home/nikolaj/Documents/tex_live/texmf-dist/tex/generic/xstring/xstring.tex
\@xs@message=\write3
\integerpart=\count100
\decimalpart=\count101
)
Package: xstring 2010/03/28  v1.5d  String manipulations (C Tellechea)
)
(/home/nikolaj/Documents/tex_live/texmf-dist/tex/latex/etoolbox/etoolbox.sty
Package: etoolbox 2011/01/03 v2.1 e-TeX tools for LaTeX

(/home/nikolaj/Documents/tex_live/texmf-dist/tex/latex/etex-pkg/etex.sty
Package: etex 1998/03/26 v2.0 eTeX basic definition package (PEB)
\et@xins=\count102
)
\etb@tempcnta=\count103
)
(/home/nikolaj/texmf/tex/latex/misc/minted.sty
Package: minted 2010/01/27 v1.6 Yet another Pygments shim for LaTeX

(/home/nikolaj/Documents/tex_live/texmf-dist/tex/latex/fancyvrb/fancyvrb.sty
Package: fancyvrb 2008/02/07

Style option: `fancyvrb' v2.7a, with DG/SPQR fixes, and firstline=lastline fix 
<2008/02/07> (tvz)
\FV@CodeLineNo=\count104
\FV@InFile=\read1
\FV@TabBox=\box28
\c@FancyVerbLine=\count105
\FV@StepNumber=\count106
\FV@OutFile=\write4
)
(/home/nikolaj/Documents/tex_live/texmf-dist/tex/latex/graphics/color.sty
Package: color 2005/11/14 v1.0j Standard LaTeX Color (DPC)

(/home/nikolaj/Documents/tex_live/texmf-dist/tex/latex/latexconfig/color.cfg
File: color.cfg 2007/01/18 v1.5 color configuration of teTeX/TeXLive
)
Package color Info: Driver file: xetex.def on input line 130.
)
(/home/nikolaj/Documents/tex_live/texmf-dist/tex/latex/float/float.sty
Package: float 2001/11/08 v1.3d Float enhancements (AL)
\c@float@type=\count107
\float@exts=\toks26
\float@box=\box29
\@float@everytoks=\toks27
\@floatcapt=\box30
)
(/home/nikolaj/Documents/tex_live/texmf-dist/tex/latex/base/ifthen.sty
Package: ifthen 2001/05/26 v1.1c Standard LaTeX ifthen package (DPC)
)
(/home/nikolaj/Documents/tex_live/texmf-dist/tex/latex/tools/calc.sty
Package: calc 2007/08/22 v4.3 Infix arithmetic (KKT,FJ)
\calc@Acount=\count108
\calc@Bcount=\count109
\calc@Adimen=\dimen114
\calc@Bdimen=\dimen115
\calc@Askip=\skip49
\calc@Bskip=\skip50
LaTeX Info: Redefining \setlength on input line 76.
LaTeX Info: Redefining \addtolength on input line 77.
\calc@Ccount=\count110
\calc@Cskip=\skip51
)
(/home/nikolaj/Documents/tex_live/texmf-dist/tex/latex/ifplatform/ifplatform.st
y
Package: ifplatform 2010/10/22 v0.4 Testing for the operating system

(/home/nikolaj/Documents/tex_live/texmf-dist/tex/generic/oberdiek/pdftexcmds.st
y
Package: pdftexcmds 2011/04/22 v0.16 Utilities of pdfTeX for LuaTeX (HO)

(/home/nikolaj/Documents/tex_live/texmf-dist/tex/generic/oberdiek/infwarerr.sty
Package: infwarerr 2010/04/08 v1.3 Providing info/warning/message (HO)
)
(/home/nikolaj/Documents/tex_live/texmf-dist/tex/generic/oberdiek/ifluatex.sty
Package: ifluatex 2010/03/01 v1.3 Provides the ifluatex switch (HO)
Package ifluatex Info: LuaTeX not detected.
) (/home/nikolaj/Documents/tex_live/texmf-dist/tex/generic/oberdiek/ltxcmds.sty
Package: ltxcmds 2011/04/18 v1.20 LaTeX kernel commands for general use (HO)
) (/home/nikolaj/Documents/tex_live/texmf-dist/tex/generic/oberdiek/ifpdf.sty
Package: ifpdf 2011/01/30 v2.3 Provides the ifpdf switch (HO)
Package ifpdf Info: pdfTeX in PDF mode is not detected.
)
Package pdftexcmds Info: LuaTeX not detected.
Package pdftexcmds Info: pdfTeX >= 1.30 not detected.
Package pdftexcmds Info: \pdf@primitive is available.
Package pdftexcmds Info: \pdf@ifprimitive is available.
Package pdftexcmds Info: \pdfdraftmode not found.
)
(/home/nikolaj/Documents/tex_live/texmf-dist/tex/generic/oberdiek/catchfile.sty
Package: catchfile 2011/03/01 v1.6 Catches the contents of a file (HO)
(/home/nikolaj/Documents/tex_live/texmf-dist/tex/generic/oberdiek/etexcmds.sty
Package: etexcmds 2011/02/16 v1.5 Prefix for e-TeX command names (HO)
Package etexcmds Info: Could not find \expanded.
(etexcmds)             That can mean that you are not using pdfTeX 1.50 or
(etexcmds)             that some package has redefined \expanded.
(etexcmds)             In the latter case, load this package earlier.
))
runsystem(uname -s > "lab_chap2.w18")...executed.

 (./lab_chap2.w18)
runsystem(rm -- "lab_chap2.w18")...executed.

)
\minted@bgbox=\box31
\minted@code=\write5
\@float@every@listing=\toks28
\c@listing=\count111
runsystem(which pygmentize && touch lab_chap2.aex)...executed.

runsystem(rm lab_chap2.aex)...executed.

)
(/home/nikolaj/Documents/tex_live/texmf-dist/tex/latex/hyperref/hyperref.sty
Package: hyperref 2011/04/17 v6.82g Hypertext links for LaTeX

(/home/nikolaj/Documents/tex_live/texmf-dist/tex/generic/oberdiek/hobsub-hyperr
ef.sty
Package: hobsub-hyperref 2011/04/23 v1.4 Bundle oberdiek, subset hyperref (HO)

(/home/nikolaj/Documents/tex_live/texmf-dist/tex/generic/oberdiek/hobsub-generi
c.sty
Package: hobsub-generic 2011/04/23 v1.4 Bundle oberdiek, subset generic (HO)
Package: hobsub 2011/04/23 v1.4 Subsetting bundle oberdiek (HO)
Package hobsub Info: Skipping package `infwarerr' (already loaded).
Package hobsub Info: Skipping package `ltxcmds' (already loaded).
Package hobsub Info: Skipping package `ifluatex' (already loaded).
Package: ifvtex 2010/03/01 v1.5 Switches for detecting VTeX and its modes (HO)
Package ifvtex Info: VTeX not detected.
Package: intcalc 2007/09/27 v1.1 Expandable integer calculations (HO)
Package hobsub Info: Skipping package `ifpdf' (already loaded).
Package hobsub Info: Skipping package `etexcmds' (already loaded).
Package: kvsetkeys 2011/04/07 v1.13 Key value parser (HO)
Package: kvdefinekeys 2011/04/07 v1.3 Defining keys (HO)
Package hobsub Info: Skipping package `pdftexcmds' (already loaded).
Package: pdfescape 2011/04/04 v1.12 Provides string conversions (HO)
Package: bigintcalc 2011/01/30 v1.2 Expandable big integer calculations (HO)
Package: bitset 2011/01/30 v1.1 Data type bit set (HO)
Package: uniquecounter 2011/01/30 v1.2 Provides unlimited unique counter (HO)
)
Package hobsub Info: Skipping package `hobsub' (already loaded).
Package: letltxmacro 2010/09/02 v1.4 Let assignment for LaTeX macros (HO)
Package: hopatch 2011/01/30 v1.0 Wrapper for package hooks (HO)
Package: xcolor-patch 2011/01/30 xcolor patch
Package: atveryend 2011/04/23 v1.7 Hooks at very end of document (HO)
Package: atbegshi 2011/01/30 v1.15 At begin shipout hook (HO)
Package: refcount 2010/12/01 v3.2 Data extraction from references (HO)
Package: hycolor 2011/01/30 v1.7 Color options of hyperref/bookmark (HO)
)
(/home/nikolaj/Documents/tex_live/texmf-dist/tex/generic/ifxetex/ifxetex.sty
Package: ifxetex 2010/09/12 v0.6 Provides ifxetex conditional
)
(/home/nikolaj/Documents/tex_live/texmf-dist/tex/latex/oberdiek/kvoptions.sty
Package: kvoptions 2010/12/23 v3.10 Keyval support for LaTeX options (HO)
)
\@linkdim=\dimen116
\Hy@linkcounter=\count112
\Hy@pagecounter=\count113

(/home/nikolaj/Documents/tex_live/texmf-dist/tex/latex/hyperref/pd1enc.def
File: pd1enc.def 2011/04/17 v6.82g Hyperref: PDFDocEncoding definition (HO)
)
\Hy@SavedSpaceFactor=\count114

(/home/nikolaj/Documents/tex_live/texmf-dist/tex/xelatex/xetexconfig/hyperref.c
fg
File: hyperref.cfg 2008/07/11 v1.2 hyperref configuration for XeLaTeX
)
Package hyperref Info: Hyper figures OFF on input line 4026.
Package hyperref Info: Link nesting OFF on input line 4031.
Package hyperref Info: Hyper index ON on input line 4034.
Package hyperref Info: Plain pages OFF on input line 4041.
Package hyperref Info: Backreferencing OFF on input line 4046.
Package hyperref Info: Implicit mode ON; LaTeX internals redefined.
Package hyperref Info: Bookmarks ON on input line 4264.
\c@Hy@tempcnt=\count115
 (/home/nikolaj/Documents/tex_live/texmf-dist/tex/latex/url/url.sty
\Urlmuskip=\muskip11
Package: url 2006/04/12  ver 3.3  Verb mode for urls, etc.
)
LaTeX Info: Redefining \url on input line 4617.
\Fld@menulength=\count116
\Field@Width=\dimen117
\Fld@charsize=\dimen118
Package hyperref Info: Hyper figures OFF on input line 5701.
Package hyperref Info: Link nesting OFF on input line 5706.
Package hyperref Info: Hyper index ON on input line 5709.
Package hyperref Info: backreferencing OFF on input line 5716.
Package hyperref Info: Link coloring OFF on input line 5721.
Package hyperref Info: Link coloring with OCG OFF on input line 5726.
Package hyperref Info: PDF/A mode OFF on input line 5731.
LaTeX Info: Redefining \ref on input line 5771.
LaTeX Info: Redefining \pageref on input line 5775.
\Hy@abspage=\count117
\c@Item=\count118
\c@Hfootnote=\count119
)

Package hyperref Message: Driver (autodetected): hxetex.

(/home/nikolaj/Documents/tex_live/texmf-dist/tex/latex/hyperref/hxetex.def
File: hxetex.def 2011/04/17 v6.82g Hyperref driver for XeTeX

(/home/nikolaj/Documents/tex_live/texmf-dist/tex/latex/hyperref/puenc.def
File: puenc.def 2011/04/17 v6.82g Hyperref: PDF Unicode definition (HO)
)
(/home/nikolaj/Documents/tex_live/texmf-dist/tex/generic/oberdiek/stringenc.sty
Package: stringenc 2010/03/01 v1.8 Converts strings between encodings (HO)
)
\pdfm@box=\box32
\c@Hy@AnnotLevel=\count120
\HyField@AnnotCount=\count121
\Fld@listcount=\count122
\c@bookmark@seq@number=\count123

(/home/nikolaj/Documents/tex_live/texmf-dist/tex/latex/oberdiek/rerunfilecheck.
sty
Package: rerunfilecheck 2011/04/15 v1.7 Rerun checks for auxiliary files (HO)
Package rerunfilecheck Info: Feature \pdfmdfivesum is not available
(rerunfilecheck)             (e.g. pdfTeX or LuaTeX with package `pdftexcmds').

(rerunfilecheck)             Therefore file contents cannot be checked efficien
tly
(rerunfilecheck)             and the loading of the package is aborted.
)
\Hy@SectionHShift=\skip52
) (/home/nikolaj/Documents/tex_live/texmf-dist/tex/latex/tools/xr.sty
Package: xr 1994/05/28 v5.02 eXternal References (DPC)
)
(/home/nikolaj/Documents/tex_live/texmf-dist/tex/latex/fontspec/fontspec.sty
Package: fontspec 2011/02/26 v2.1f Advanced font selection for XeLaTeX/LuaLaTeX


(/home/nikolaj/Documents/tex_live/texmf-dist/tex/latex/l3kernel/expl3.sty
(/home/nikolaj/Documents/tex_live/texmf-dist/tex/latex/l3kernel/l3names.sty
(/home/nikolaj/Documents/tex_live/texmf-dist/tex/latex/l3kernel/l3bootstrap.sty
Package: l3bootstrap 2011/06/19 v2478 L3 Experimental bootstrap code
)
Package: l3names 2011/06/19 v2478 L3 Experimental namespace for primitives
)
Package: expl3 2011/06/19 v2478 L3 Experimental code bundle wrapper
 (/home/nikolaj/Documents/tex_live/texmf-dist/tex/latex/l3kernel/l3basics.sty
Package: l3basics 2011/07/04 v2493 L3 Experimental basic definitions
) (/home/nikolaj/Documents/tex_live/texmf-dist/tex/latex/l3kernel/l3expan.sty
Package: l3expan 2011/06/20 v2480 L3 Experimental argument expansion
)
(/home/nikolaj/Documents/tex_live/texmf-dist/tex/latex/l3kernel/l3tl.sty
Package: l3tl 2011/07/09 v2498 L3 Experimental token lists
)
(/home/nikolaj/Documents/tex_live/texmf-dist/tex/latex/l3kernel/l3seq.sty
Package: l3seq 2011/06/19 v2478 L3 Experimental sequences and stacks
)
(/home/nikolaj/Documents/tex_live/texmf-dist/tex/latex/l3kernel/l3int.sty
Package: l3int 2011/06/19 v2478 L3 Experimental integers
\c_max_int=\count124
\l_tmpa_int=\count125
\l_tmpb_int=\count126
\l_tmpc_int=\count127
\g_tmpa_int=\count128
\g_tmpb_int=\count129
\g_seq_nesting_depth_int=\count130
\g_tl_inline_level_int=\count131
)
(/home/nikolaj/Documents/tex_live/texmf-dist/tex/latex/l3kernel/l3quark.sty
Package: l3quark 2011/06/19 v2478 L3 Experimental quarks
)
(/home/nikolaj/Documents/tex_live/texmf-dist/tex/latex/l3kernel/l3prg.sty
Package: l3prg 2011/07/06 v2495 L3 Experimental control structures
\g_prg_stepwise_level_int=\count132
)
(/home/nikolaj/Documents/tex_live/texmf-dist/tex/latex/l3kernel/l3clist.sty
Package: l3clist 2011/07/09 v2498 L3 Experimental comma separated lists
\g_clist_map_inline_int=\count133
)
(/home/nikolaj/Documents/tex_live/texmf-dist/tex/latex/l3kernel/l3token.sty
Package: l3token 2011/07/02 v2491 L3 Experimental token manipulation
)
(/home/nikolaj/Documents/tex_live/texmf-dist/tex/latex/l3kernel/l3prop.sty
Package: l3prop 2011/06/19 v2478 L3 Experimental property lists
\g_prop_map_inline_int=\count134
)
(/home/nikolaj/Documents/tex_live/texmf-dist/tex/latex/l3kernel/l3msg.sty
Package: l3msg 2011/06/19 v2478 L3 Experimental messages
)
(/home/nikolaj/Documents/tex_live/texmf-dist/tex/latex/l3kernel/l3io.sty
Package: l3io 2011/06/19 v2478 L3 Experimental input-output operations
\l_iow_stream_int=\count135
\l_iow_line_length_int=\count136
\l_iow_target_length_int=\count137
\l_iow_current_line_int=\count138
\l_iow_current_word_int=\count139
)
(/home/nikolaj/Documents/tex_live/texmf-dist/tex/latex/l3kernel/l3file.sty
Package: l3file 2011/06/19 v2478 L3 Experimental file operations
)
(/home/nikolaj/Documents/tex_live/texmf-dist/tex/latex/l3kernel/l3skip.sty
Package: l3skip 2011/06/19 v2478 L3 Experimental dimensions and skips
\l_tmpa_dim=\dimen119
\l_tmpb_dim=\dimen120
\l_tmpc_dim=\dimen121
\g_tmpa_dim=\dimen122
\g_tmpb_dim=\dimen123
\l_tmpa_skip=\skip53
\l_tmpb_skip=\skip54
\l_tmpc_skip=\skip55
\g_tmpa_skip=\skip56
\g_tmpb_skip=\skip57
)
(/home/nikolaj/Documents/tex_live/texmf-dist/tex/latex/l3kernel/l3box.sty
Package: l3box 2011/06/19 v2478 L3 Experimental boxes
\l_tmpb_box=\box33
)
(/home/nikolaj/Documents/tex_live/texmf-dist/tex/latex/l3kernel/l3keyval.sty
Package: l3keyval 2011/06/19 v2478 L3 Experimental key-value parsing
\g_keyval_level_int=\count140
)
(/home/nikolaj/Documents/tex_live/texmf-dist/tex/latex/l3kernel/l3keys.sty
Package: l3keys 2011/06/19 v2478 L3 Experimental key-value interfaces
\l_keys_choice_int=\count141
)
(/home/nikolaj/Documents/tex_live/texmf-dist/tex/latex/l3kernel/l3fp.sty
Package: l3fp 2011/06/19 v2478 L3 Experimental floating-point operations
\c_one_million=\count142
\c_one_hundred_million=\count143
\c_five_hundred_million=\count144
\c_one_thousand_million=\count145
\c_fp_pi_by_four_decimal_int=\count146
\c_fp_pi_by_four_extended_int=\count147
\c_fp_pi_decimal_int=\count148
\c_fp_pi_extended_int=\count149
\c_fp_two_pi_decimal_int=\count150
\c_fp_two_pi_extended_int=\count151
\l_fp_count_int=\count152
\l_fp_div_offset_int=\count153
\l_fp_exp_integer_int=\count154
\l_fp_exp_decimal_int=\count155
\l_fp_exp_extended_int=\count156
\l_fp_exp_exponent_int=\count157
\l_fp_input_a_sign_int=\count158
\l_fp_input_a_integer_int=\count159
\l_fp_input_a_decimal_int=\count160
\l_fp_input_a_exponent_int=\count161
\l_fp_input_b_sign_int=\count162
\l_fp_input_b_integer_int=\count163
\l_fp_input_b_decimal_int=\count164
\l_fp_input_b_exponent_int=\count165
\l_fp_input_a_extended_int=\count166
\l_fp_input_b_extended_int=\count167
\l_fp_mul_a_i_int=\count168
\l_fp_mul_a_ii_int=\count169
\l_fp_mul_a_iii_int=\count170
\l_fp_mul_a_iv_int=\count171
\l_fp_mul_a_v_int=\count172
\l_fp_mul_a_vi_int=\count173
\l_fp_mul_b_i_int=\count174
\l_fp_mul_b_ii_int=\count175
\l_fp_mul_b_iii_int=\count176
\l_fp_mul_b_iv_int=\count177
\l_fp_mul_b_v_int=\count178
\l_fp_mul_b_vi_int=\count179
\l_fp_mul_output_int=\count180
\l_fp_output_sign_int=\count181
\l_fp_output_integer_int=\count182
\l_fp_output_decimal_int=\count183
\l_fp_output_exponent_int=\count184
\l_fp_output_extended_int=\count185
\l_fp_round_position_int=\count186
\l_fp_round_target_int=\count187
\l_fp_split_sign_int=\count188
\l_fp_tmp_int=\count189
\l_fp_trig_octant_int=\count190
\l_fp_trig_sign_int=\count191
\l_fp_trig_decimal_int=\count192
\l_fp_trig_extended_int=\count193
\l_fp_tmp_dim=\dimen124
\l_fp_tmp_skip=\skip58
)
(/home/nikolaj/Documents/tex_live/texmf-dist/tex/latex/l3kernel/l3luatex.sty
Package: l3luatex 2011/06/19 v2478 L3 Experimental LuaTeX-specific functions
\g_cctab_allocate_int=\count194
\g_cctab_stack_int=\count195
)
(/home/nikolaj/Documents/tex_live/texmf-dist/tex/latex/l3kernel/l3toks.sty
Package: l3toks 2011/06/19 v2478 L3 Experimental token registers
\l_tmpb_toks=\toks29
\l_tmpc_toks=\toks30
\g_tmpa_toks=\toks31
\g_tmpb_toks=\toks32
\g_tmpc_toks=\toks33
\c_empty_toks=\toks34
\l_tl_replace_toks=\toks35
))
(/home/nikolaj/Documents/tex_live/texmf-dist/tex/latex/l3packages/xparse/xparse
.sty
Package: xparse 2011/07/02 v2492 L3 Experimental document command parser
\l_xparse_m_args_int=\count196
\l_xparse_mandatory_args_int=\count197
\l_xparse_processor_int=\count198
\l_xparse_total_args_int=\count199
)
(/home/nikolaj/Documents/tex_live/texmf-dist/tex/generic/kastrup/binhex.tex)
\l_fontspec_script_int=\count200
\l_fontspec_language_int=\count201
Normal \count register pool exhausted, switching to extended pool.
\l_fontspec_strnum_int=\count277
Variant \tl_gset:cV already defined; not changing it on line 83

(/home/nikolaj/Documents/tex_live/texmf-dist/tex/latex/xkeyval/xkeyval.sty
Package: xkeyval 2008/08/13 v2.6a package option processing (HA)

(/home/nikolaj/Documents/tex_live/texmf-dist/tex/generic/xkeyval/xkeyval.tex
\XKV@toks=\toks36
\XKV@tempa@toks=\toks37
\XKV@depth=\count278
File: xkeyval.tex 2008/08/13 v2.6a key=value parser (HA)
))
(/home/nikolaj/Documents/tex_live/texmf-dist/tex/latex/fontspec/fontspec-patche
s.sty
Package: fontspec-patches 2011/02/26 v2.1f Advanced font selection for XeLaTeX/
LuaLaTeX
 (/home/nikolaj/Documents/tex_live/texmf-dist/tex/latex/base/fixltx2e.sty
Package: fixltx2e 2006/09/13 v1.1m fixes to LaTeX
LaTeX Info: Redefining \em on input line 420.
LaTeX Info: The control sequence `\[' is already robust on input line 471.
LaTeX Info: The control sequence `\]' is already robust on input line 472.
)
LaTeX Info: Redefining \em on input line 22.
LaTeX Info: Redefining \emph on input line 29.
LaTeX Info: Redefining \- on input line 32.
) (/home/nikolaj/Documents/tex_live/texmf-dist/tex/latex/base/fontenc.sty
Package: fontenc 2005/09/27 v1.99g Standard LaTeX package

(/home/nikolaj/Documents/tex_live/texmf-dist/tex/latex/euenc/eu1enc.def
File: eu1enc.def 2010/05/27 v0.1h Experimental Unicode font encodings
)
LaTeX Font Info:    Try loading font information for EU1+lmr on input line 100.


(/home/nikolaj/Documents/tex_live/texmf-dist/tex/latex/euenc/eu1lmr.fd
File: eu1lmr.fd 2009/10/30 v1.6 Font defs for Latin Modern
))
(/home/nikolaj/Documents/tex_live/texmf-dist/tex/xelatex/xunicode/xunicode.sty
File: xunicode.sty 2010/11/06 v0.96 provides access to latin accents and many o
ther characters in Unicode lower plane
)
.................................................
. xparse info: "define-command"
. 
. Defining document command \fontspec with arg. spec. 'O{}m' on line 335.
.................................................
.................................................
. xparse info: "define-command"
. 
. Defining document command \setmainfont with arg. spec. 'O{}m' on line 339.
.................................................
.................................................
. xparse info: "define-command"
. 
. Defining document command \setsansfont with arg. spec. 'O{}m' on line 343.
.................................................
.................................................
. xparse info: "define-command"
. 
. Defining document command \setmonofont with arg. spec. 'O{}m' on line 347.
.................................................
.................................................
. xparse info: "define-command"
. 
. Defining document command \setmathrm with arg. spec. 'O{}m' on line 351.
.................................................
.................................................
. xparse info: "define-command"
. 
. Defining document command \setboldmathrm with arg. spec. 'O{}m' on line 354.
.................................................
.................................................
. xparse info: "define-command"
. 
. Defining document command \setmathsf with arg. spec. 'O{}m' on line 357.
.................................................
.................................................
. xparse info: "define-command"
. 
. Defining document command \setmathtt with arg. spec. 'O{}m' on line 360.
.................................................
.................................................
. xparse info: "define-command"
. 
. Defining document command \newfontfamily with arg. spec. 'mO{}m' on line
. 377.
.................................................
.................................................
. xparse info: "define-command"
. 
. Defining document command \newfontface with arg. spec. 'mO{}m' on line 380.
.................................................
.................................................
. xparse info: "define-command"
. 
. Defining document command \defaultfontfeatures with arg. spec. 'm' on line
. 383.
.................................................
.................................................
. xparse info: "define-command"
. 
. Defining document command \addfontfeatures with arg. spec. 'm' on line 400.
.................................................
.................................................
. xparse info: "define-command"
. 
. Defining document command \newfontfeature with arg. spec. 'mm' on line 407.
.................................................
.................................................
. xparse info: "define-command"
. 
. Defining document command \newAATfeature with arg. spec. 'mmmm' on line 416.
.................................................
.................................................
. xparse info: "define-command"
. 
. Defining document command \newICUfeature with arg. spec. 'mmm' on line 425.
.................................................
.................................................
. xparse info: "define-command"
. 
. Defining document command \aliasfontfeature with arg. spec. 'mm' on line
. 427.
.................................................
.................................................
. xparse info: "define-command"
. 
. Defining document command \aliasfontfeatureoption with arg. spec. 'mmm' on
. line 430.
.................................................
.................................................
. xparse info: "define-command"
. 
. Defining document command \newfontscript with arg. spec. 'mm' on line 435.
.................................................
.................................................
. xparse info: "define-command"
. 
. Defining document command \newfontlanguage with arg. spec. 'mm' on line 457.
.................................................
.................................................
. xparse info: "define-command"
. 
. Defining document command \DeclareFontsExtensions with arg. spec. 'm' on
. line 474.
.................................................
Variant \prop_gput:cnV already defined; not changing it on line 746
Variant \prop_gput:cnx already defined; not changing it on line 747
\c@fontspec_tmp_int=\count279
LaTeX Info: Redefining \itshape on input line 2105.
LaTeX Info: Redefining \slshape on input line 2109.
LaTeX Info: Redefining \scshape on input line 2113.
LaTeX Info: Redefining \upshape on input line 2117.
(/home/nikolaj/Documents/tex_live/texmf-dist/tex/latex/fontspec/fontspec.cfg))
Package xr Info: IMPORTING LABELS FROM /home/nikolaj/Documents/RESEARCH/google/
new_tech_writer/BUILD/MANUAL/build/latex/Googleor-toolslibrary.aux on input lin
e 15.
\c@chapterCounter=\count280


Package hyperref Warning: Option `bookmarks' has already been used,
(hyperref)                setting the option has no effect on input line 78.

Package hyperref Info: Option `unicode' set `false' on input line 78.

Package hyperref Warning: XeTeX driver only supports `unicode=true'. Ignoring
(hyperref)                option setting `unicode=false' on input line 78.

Package hyperref Info: Option `pdftoolbar' set `true' on input line 78.
Package hyperref Info: Option `pdfmenubar' set `true' on input line 78.
Package hyperref Info: Option `pdffitwindow' set `false' on input line 78.

(/home/nikolaj/Documents/tex_live/texmf-dist/tex/generic/oberdiek/se-ascii-prin
t.def
File: se-ascii-print.def 2010/03/01 v1.8 stringenc: Printable ASCII characters
)
Package hyperref Info: Option `colorlinks' set `true' on input line 78.

(/home/nikolaj/Documents/tex_live/texmf-dist/tex/latex/tocloft/tocloft.sty
Package: tocloft 2010/10/13 v2.3e parameterised ToC, etc., typesetting
Package tocloft Info: The document has section divisions on input line 43.
\cftparskip=\skip59
\cftbeforetoctitleskip=\skip60
\cftaftertoctitleskip=\skip61
\cftbeforepartskip=\skip62
\cftpartnumwidth=\skip63
\cftpartindent=\skip64
\cftbeforesecskip=\skip65
\cftsecindent=\skip66
\cftsecnumwidth=\skip67
\cftbeforesubsecskip=\skip68
\cftsubsecindent=\skip69
\cftsubsecnumwidth=\skip70
\cftbeforesubsubsecskip=\skip71
\cftsubsubsecindent=\skip72
\cftsubsubsecnumwidth=\skip73
\cftbeforeparaskip=\skip74
\cftparaindent=\skip75
\cftparanumwidth=\skip76
\cftbeforesubparaskip=\skip77
\cftsubparaindent=\skip78
\cftsubparanumwidth=\skip79
\cftbeforeloftitleskip=\skip80
\cftafterloftitleskip=\skip81
\cftbeforefigskip=\skip82
\cftfigindent=\skip83
\cftfignumwidth=\skip84
\c@lofdepth=\count281
\c@lotdepth=\count282
\cftbeforelottitleskip=\skip85
\cftafterlottitleskip=\skip86
\cftbeforetabskip=\skip87
\cfttabindent=\skip88
\cfttabnumwidth=\skip89
)
(/home/nikolaj/Documents/tex_live/texmf-dist/tex/latex/geometry/geometry.sty
Package: geometry 2010/09/12 v5.6 Page Geometry
\Gm@cnth=\count283
\Gm@cntv=\count284
\c@Gm@tempcnt=\count285
\Gm@bindingoffset=\dimen125
\Gm@wd@mp=\dimen126
\Gm@odd@mp=\dimen127
\Gm@even@mp=\dimen128
\Gm@layoutwidth=\dimen129
\Gm@layoutheight=\dimen130
\Gm@layouthoffset=\dimen131
\Gm@layoutvoffset=\dimen132
\Gm@dimlist=\toks38
)
(/home/nikolaj/Documents/tex_live/texmf-dist/tex/latex/fancyhdr/fancyhdr.sty
\fancy@headwidth=\skip90
\f@ncyO@elh=\skip91
\f@ncyO@erh=\skip92
\f@ncyO@olh=\skip93
\f@ncyO@orh=\skip94
\f@ncyO@elf=\skip95
\f@ncyO@erf=\skip96
\f@ncyO@olf=\skip97
\f@ncyO@orf=\skip98
)
(/home/nikolaj/Documents/tex_live/texmf-dist/tex/latex/lastpage/lastpage.sty
Package: lastpage 2011/02/01 v1.2g Refers to last page's name (HMM; JPG)
)
(/home/nikolaj/Documents/tex_live/texmf-dist/tex/latex/changepage/changepage.st
y
Package: changepage 2009/10/20 v1.0c check page and change page layout
\c@cp@cntr=\count286
\cp@tempcnt=\count287
) (/home/nikolaj/Documents/tex_live/texmf-dist/tex/latex/framed/framed.sty
Package: framed 2007/10/04 v 0.95: framed or shaded text with page breaks
\fb@frw=\dimen133
\fb@frh=\dimen134
\FrameRule=\dimen135
\FrameSep=\dimen136
)
\textBox=\box34
\textW=\skip99
\insideW=\skip100
\boxH=\skip101
\boxW=\skip102
\raiseLineHeight=\skip103
\leftLineLength=\skip104
\c@exerciseCounter=\count288
)
(./lab_chap2.aux)
\openout1 = `lab_chap2.aux'.

LaTeX Font Info:    Checking defaults for OML/cmm/m/it on input line 10.
LaTeX Font Info:    ... okay on input line 10.
LaTeX Font Info:    Checking defaults for T1/cmr/m/n on input line 10.
LaTeX Font Info:    ... okay on input line 10.
LaTeX Font Info:    Checking defaults for OT1/cmr/m/n on input line 10.
LaTeX Font Info:    ... okay on input line 10.
LaTeX Font Info:    Checking defaults for OMS/cmsy/m/n on input line 10.
LaTeX Font Info:    ... okay on input line 10.
LaTeX Font Info:    Checking defaults for OMX/cmex/m/n on input line 10.
LaTeX Font Info:    ... okay on input line 10.
LaTeX Font Info:    Checking defaults for U/cmr/m/n on input line 10.
LaTeX Font Info:    ... okay on input line 10.
LaTeX Font Info:    Checking defaults for PD1/pdf/m/n on input line 10.
LaTeX Font Info:    ... okay on input line 10.
LaTeX Font Info:    Checking defaults for PU/pdf/m/n on input line 10.
LaTeX Font Info:    ... okay on input line 10.
LaTeX Font Info:    Checking defaults for EU1/lmr/m/n on input line 10.
LaTeX Font Info:    ... okay on input line 10.
runsystem(pygmentize -S default -f latex > lab_chap2.pyg)...executed.

 (./lab_chap2.pyg)
\AtBeginShipoutBox=\box35
Package hyperref Info: Link coloring ON on input line 10.

(/home/nikolaj/Documents/tex_live/texmf-dist/tex/latex/hyperref/nameref.sty
Package: nameref 2010/04/30 v2.40 Cross-referencing by name of section

(/home/nikolaj/Documents/tex_live/texmf-dist/tex/generic/oberdiek/gettitlestrin
g.sty
Package: gettitlestring 2010/12/03 v1.4 Cleanup title references (HO)
)
\c@section@level=\count289
)
LaTeX Info: Redefining \ref on input line 10.
LaTeX Info: Redefining \pageref on input line 10.
LaTeX Info: Redefining \nameref on input line 10.
 (./lab_chap2.out) (./lab_chap2.out)
\@outlinefile=\write6
\openout6 = `lab_chap2.out'.

.................................................
. fontspec info: "setup-math"
. 
. Adjusting the maths setup (use [no-math] to avoid this).
.................................................
\symlegacymaths=\mathgroup6
LaTeX Font Info:    Overwriting symbol font `legacymaths' in version `bold'
(Font)                  OT1/cmr/m/n --> OT1/cmr/bx/n on input line 10.
LaTeX Font Info:    Redeclaring math accent \acute on input line 10.
LaTeX Font Info:    Redeclaring math accent \grave on input line 10.
LaTeX Font Info:    Redeclaring math accent \ddot on input line 10.
LaTeX Font Info:    Redeclaring math accent \tilde on input line 10.
LaTeX Font Info:    Redeclaring math accent \bar on input line 10.
LaTeX Font Info:    Redeclaring math accent \breve on input line 10.
LaTeX Font Info:    Redeclaring math accent \check on input line 10.
LaTeX Font Info:    Redeclaring math accent \hat on input line 10.
LaTeX Font Info:    Redeclaring math accent \dot on input line 10.
LaTeX Font Info:    Redeclaring math accent \mathring on input line 10.
LaTeX Font Info:    Redeclaring math symbol \Gamma on input line 10.
LaTeX Font Info:    Redeclaring math symbol \Delta on input line 10.
LaTeX Font Info:    Redeclaring math symbol \Theta on input line 10.
LaTeX Font Info:    Redeclaring math symbol \Lambda on input line 10.
LaTeX Font Info:    Redeclaring math symbol \Xi on input line 10.
LaTeX Font Info:    Redeclaring math symbol \Pi on input line 10.
LaTeX Font Info:    Redeclaring math symbol \Sigma on input line 10.
LaTeX Font Info:    Redeclaring math symbol \Upsilon on input line 10.
LaTeX Font Info:    Redeclaring math symbol \Phi on input line 10.
LaTeX Font Info:    Redeclaring math symbol \Psi on input line 10.
LaTeX Font Info:    Redeclaring math symbol \Omega on input line 10.
LaTeX Font Info:    Redeclaring math symbol \mathdollar on input line 10.
LaTeX Font Info:    Redeclaring symbol font `operators' on input line 10.
LaTeX Font Info:    Encoding `OT1' has changed to `EU1' for symbol font
(Font)              `operators' in the math version `normal' on input line 10.
LaTeX Font Info:    Overwriting symbol font `operators' in version `normal'
(Font)                  OT1/cmr/m/n --> EU1/lmr/m/n on input line 10.
LaTeX Font Info:    Encoding `OT1' has changed to `EU1' for symbol font
(Font)              `operators' in the math version `bold' on input line 10.
LaTeX Font Info:    Overwriting symbol font `operators' in version `bold'
(Font)                  OT1/cmr/bx/n --> EU1/lmr/m/n on input line 10.
LaTeX Font Info:    Overwriting symbol font `operators' in version `normal'
(Font)                  EU1/lmr/m/n --> EU1/lmr/m/n on input line 10.
LaTeX Font Info:    Overwriting math alphabet `\mathrm' in version `normal'
(Font)                  EU1/lmr/m/n --> EU1/lmr/m/n on input line 10.
LaTeX Font Info:    Overwriting math alphabet `\mathit' in version `normal'
(Font)                  OT1/cmr/m/it --> EU1/lmr/m/it on input line 10.
LaTeX Font Info:    Overwriting math alphabet `\mathbf' in version `normal'
(Font)                  OT1/cmr/bx/n --> EU1/lmr/bx/n on input line 10.
LaTeX Font Info:    Overwriting math alphabet `\mathsf' in version `normal'
(Font)                  OT1/cmss/m/n --> EU1/lmss/m/n on input line 10.
LaTeX Font Info:    Overwriting math alphabet `\mathtt' in version `normal'
(Font)                  OT1/cmtt/m/n --> EU1/lmtt/m/n on input line 10.
LaTeX Font Info:    Overwriting symbol font `operators' in version `bold'
(Font)                  EU1/lmr/m/n --> EU1/lmr/bx/n on input line 10.
LaTeX Font Info:    Overwriting math alphabet `\mathrm' in version `bold'
(Font)                  EU1/lmr/m/n --> EU1/lmr/bx/n on input line 10.
LaTeX Font Info:    Overwriting math alphabet `\mathit' in version `bold'
(Font)                  OT1/cmr/bx/it --> EU1/lmr/bx/it on input line 10.
LaTeX Font Info:    Overwriting math alphabet `\mathsf' in version `bold'
(Font)                  OT1/cmss/bx/n --> EU1/lmss/bx/n on input line 10.
LaTeX Font Info:    Overwriting math alphabet `\mathtt' in version `bold'
(Font)                  OT1/cmtt/m/n --> EU1/lmtt/bx/n on input line 10.

*geometry* driver: auto-detecting
*geometry* detected driver: xetex
*geometry* verbose mode - [ preamble ] result:
* driver: xetex
* paper: <default>
* layout: <same size as paper>
* layoutoffset:(h,v)=(0.0pt,0.0pt)
* modes: 
* h-part:(L,W,R)=(56.9055pt, 500.484pt, 56.9055pt)
* v-part:(T,H,B)=(56.9055pt, 681.15898pt, 56.9055pt)
* \paperwidth=614.295pt
* \paperheight=794.96999pt
* \textwidth=500.484pt
* \textheight=681.15898pt
* \oddsidemargin=-15.36449pt
* \evensidemargin=-15.36449pt
* \topmargin=-52.36449pt
* \headheight=12.0pt
* \headsep=25.0pt
* \topskip=10.0pt
* \footskip=30.0pt
* \marginparwidth=65.0pt
* \marginparsep=11.0pt
* \columnsep=10.0pt
* \skip\footins=9.0pt plus 4.0pt minus 2.0pt
* \hoffset=0.0pt
* \voffset=0.0pt
* \mag=1000
* \@twocolumnfalse
* \@twosidefalse
* \@mparswitchfalse
* \@reversemarginfalse
* (1in=72.27pt=25.4mm, 1cm=28.453pt)

Package lastpage Info: Please have a look at the pagesLTS package at
(lastpage)             http://www.ctan.org/tex-archive/ 
(lastpage)             macros/latex/contrib/pagesLTS/ 
(lastpage)             or
(lastpage)             http://www.ctan.org/tex-archive/ 
(lastpage)             install/macros/latex/contrib/pagesLTS.tds.zip
(lastpage)             ! on input line 10.
LaTeX Font Info:    Try loading font information for U+msa on input line 12.
(/home/nikolaj/Documents/tex_live/texmf-dist/tex/latex/amsfonts/umsa.fd
File: umsa.fd 2009/06/22 v3.00 AMS symbols A
)
LaTeX Font Info:    Try loading font information for U+msb on input line 12.

(/home/nikolaj/Documents/tex_live/texmf-dist/tex/latex/amsfonts/umsb.fd
File: umsb.fd 2009/06/22 v3.00 AMS symbols B
)

LaTeX Warning: No \author given.

(./lab_chap2.toc)
\tf@toc=\write7
\openout7 = `lab_chap2.toc'.

\openout4 = `lab_chap2.pyg'.

runsystem(pygmentize -l cpp -f latex -F tokenmerge      -P mathescape   -P "ver
boptions= ,frame=single,framesep=2mm" -o lab_chap2.out.pyg lab_chap2.pyg)...exe
cuted.

 (./lab_chap2.out.pyg
LaTeX Font Info:    Try loading font information for EU1+lmtt on input line 1.

(/home/nikolaj/Documents/tex_live/texmf-dist/tex/latex/euenc/eu1lmtt.fd
File: eu1lmtt.fd 2009/10/30 v1.6 Font defs for Latin Modern
)
LaTeX Font Info:    Font shape `EU1/lmtt/bx/n' in size <10> not available
(Font)              Font shape `EU1/lmtt/b/n' tried instead on input line 4.
)
runsystem(rm lab_chap2.out.pyg)...executed.

runsystem(rm lab_chap2.pyg)...executed.

\openout4 = `lab_chap2.pyg'.

runsystem(pygmentize -l bash -f latex -F tokenmerge         -P "verboptions= ,f
rame=lines,framesep=2mm" -o lab_chap2.out.pyg lab_chap2.pyg)...executed.


(./lab_chap2.out.pyg
Underfull \hbox (badness 10000) in paragraph at lines 33--1

 []

)
runsystem(rm lab_chap2.out.pyg)...executed.

runsystem(rm lab_chap2.pyg)...executed.


Underfull \hbox (badness 10000) in paragraph at lines 38--38

 []


Underfull \hbox (badness 10000) in paragraph at lines 38--39

 []


Underfull \hbox (badness 10000) in paragraph at lines 38--39

 []


Underfull \hbox (badness 10000) in paragraph at lines 53--54

 []

\openout4 = `lab_chap2.pyg'.

runsystem(pygmentize -l cpp -f latex -F tokenmerge      -P mathescape   -P "ver
boptions= ,frame=single,framesep=2mm" -o lab_chap2.out.pyg lab_chap2.pyg)...exe
cuted.

(./lab_chap2.out.pyg [1

])
runsystem(rm lab_chap2.out.pyg)...executed.

runsystem(rm lab_chap2.pyg)...executed.

\openout4 = `lab_chap2.pyg'.

runsystem(pygmentize -l cpp -f latex -F tokenmerge      -P mathescape   -P "ver
boptions= ,frame=single,framesep=2mm" -o lab_chap2.out.pyg lab_chap2.pyg)...exe
cuted.

 (./lab_chap2.out.pyg)
runsystem(rm lab_chap2.out.pyg)...executed.

runsystem(rm lab_chap2.pyg)...executed.

\openout4 = `lab_chap2.pyg'.

runsystem(pygmentize -l bash -f latex -F tokenmerge         -P "verboptions= ,f
rame=lines,framesep=2mm" -o lab_chap2.out.pyg lab_chap2.pyg)...executed.

 (./lab_chap2.out.pyg)
runsystem(rm lab_chap2.out.pyg)...executed.

runsystem(rm lab_chap2.pyg)...executed.

\openout4 = `lab_chap2.pyg'.

runsystem(pygmentize -l cpp -f latex -F tokenmerge      -P mathescape   -P "ver
boptions= ,frame=single,framesep=2mm" -o lab_chap2.out.pyg lab_chap2.pyg)...exe
cuted.


(./lab_chap2.out.pyg)
runsystem(rm lab_chap2.out.pyg)...executed.

runsystem(rm lab_chap2.pyg)...executed.

\openout4 = `lab_chap2.pyg'.

runsystem(pygmentize -l cpp -f latex -F tokenmerge      -P mathescape   -P "ver
boptions= ,frame=single,framesep=2mm" -o lab_chap2.out.pyg lab_chap2.pyg)...exe
cuted.

 (./lab_chap2.out.pyg)
runsystem(rm lab_chap2.out.pyg)...executed.

runsystem(rm lab_chap2.pyg)...executed.


Underfull \hbox (badness 10000) in paragraph at lines 112--114

 []

\openout4 = `lab_chap2.pyg'.

runsystem(pygmentize -l cpp -f latex -F tokenmerge      -P mathescape   -P "ver
boptions= ,frame=single,framesep=2mm" -o lab_chap2.out.pyg lab_chap2.pyg)...exe
cuted.

(./lab_chap2.out.pyg [2])
runsystem(rm lab_chap2.out.pyg)...executed.

runsystem(rm lab_chap2.pyg)...executed.

\openout4 = `lab_chap2.pyg'.

runsystem(pygmentize -l cpp -f latex -F tokenmerge      -P mathescape   -P "ver
boptions= ,frame=single,framesep=2mm" -o lab_chap2.out.pyg lab_chap2.pyg)...exe
cuted.

 (./lab_chap2.out.pyg)
runsystem(rm lab_chap2.out.pyg)...executed.

runsystem(rm lab_chap2.pyg)...executed.


Underfull \hbox (badness 10000) in paragraph at lines 138--140

 []


Underfull \hbox (badness 10000) in paragraph at lines 140--141

 []


Underfull \hbox (badness 10000) in paragraph at lines 140--141

 []


Underfull \hbox (badness 10000) in paragraph at lines 146--147

 []


Underfull \hbox (badness 10000) in paragraph at lines 146--147

 []


Underfull \hbox (badness 10000) in paragraph at lines 147--148

 []


Underfull \hbox (badness 10000) in paragraph at lines 147--148

 []


Underfull \hbox (badness 10000) in paragraph at lines 149--151

 []


Underfull \hbox (badness 10000) in paragraph at lines 149--151

 []


Underfull \hbox (badness 10000) in paragraph at lines 151--153

 []

\openout4 = `lab_chap2.pyg'.

runsystem(pygmentize -l text -f latex -F tokenmerge      -P mathescape   -P "ve
rboptions= ,framesep=2mm" -o lab_chap2.out.pyg lab_chap2.pyg)...executed.

(./lab_chap2.out.pyg)
runsystem(rm lab_chap2.out.pyg)...executed.

runsystem(rm lab_chap2.pyg)...executed.

 [3]
Underfull \hbox (badness 10000) in paragraph at lines 182--184

 []


Underfull \hbox (badness 10000) in paragraph at lines 182--184

 []


Underfull \hbox (badness 10000) in paragraph at lines 184--186

 []


Underfull \hbox (badness 10000) in paragraph at lines 188--189

 []


Underfull \hbox (badness 10000) in paragraph at lines 190--192

 []


Underfull \hbox (badness 10000) in paragraph at lines 190--192

 []


Underfull \hbox (badness 10000) in paragraph at lines 193--195

 []


Underfull \hbox (badness 10000) in paragraph at lines 196--197

 []


Underfull \hbox (badness 10000) in paragraph at lines 197--198

 []


Underfull \hbox (badness 10000) in paragraph at lines 197--198

 []

AED: lastpage setting LastPage 
[4]
Package atveryend Info: Empty hook `BeforeClearDocument' on input line 200.
Package atveryend Info: Empty hook `AfterLastShipout' on input line 200.
 (./lab_chap2.aux)
Package atveryend Info: Empty hook `AtVeryEndDocument' on input line 200.
Package atveryend Info: Empty hook `AtEndAfterFileList' on input line 200.
 ) 
Here is how much of TeX's memory you used:
 19215 strings out of 494150
 318700 string characters out of 3149674
 445853 words of memory out of 3000000
 22167 multiletter control sequences out of 15000+200000
 10112 words of font info for 56 fonts, out of 3000000 for 9000
 1018 hyphenation exceptions out of 8191
 39i,11n,64p,815b,642s stack positions out of 5000i,500n,10000p,200000b,50000s

Output written on lab_chap2.pdf (4 pages).
